2026-01-27 20:12:22,239 - [flask] - INFO - ==================================================
2026-01-27 20:12:22,239 - [flask] - INFO - Flask server starting...
2026-01-27 20:28:07,842 - [flask] - INFO - ==================================================
2026-01-27 20:28:07,842 - [flask] - INFO - Flask Dashboard Server Starting...
2026-01-27 20:28:20,431 - [flask] - ERROR - Manager request timeout
2026-01-27 20:28:25,448 - [flask] - ERROR - Manager request timeout
2026-01-27 20:28:30,461 - [flask] - ERROR - Manager request timeout
2026-01-27 20:28:35,469 - [flask] - ERROR - Manager request timeout
2026-01-27 20:28:40,474 - [flask] - ERROR - Manager request timeout
2026-01-27 20:28:45,488 - [flask] - ERROR - Manager request timeout
2026-01-27 20:28:50,507 - [flask] - ERROR - Manager request timeout
2026-01-27 20:28:55,519 - [flask] - ERROR - Manager request timeout
2026-01-27 20:29:00,535 - [flask] - ERROR - Manager request timeout
2026-01-27 20:29:05,544 - [flask] - ERROR - Manager request timeout
2026-01-27 20:29:10,561 - [flask] - ERROR - Manager request timeout
2026-01-27 20:29:15,574 - [flask] - ERROR - Manager request timeout
2026-01-27 20:29:20,579 - [flask] - ERROR - Manager request timeout
2026-01-27 20:29:25,592 - [flask] - ERROR - Manager request timeout
2026-01-27 20:29:27,305 - [flask] - ERROR - Manager request failed: Context was terminated
2026-01-27 20:29:27,306 - [flask] - ERROR - Manager request failed: not a socket
2026-01-27 20:29:27,307 - [flask] - ERROR - Manager request failed: not a socket
2026-01-27 20:29:27,307 - [flask] - ERROR - Manager request failed: not a socket
2026-01-27 20:29:27,308 - [flask] - ERROR - Manager request failed: not a socket
2026-01-27 20:29:27,308 - [flask] - ERROR - Manager request failed: not a socket
2026-01-27 20:29:27,309 - [flask] - ERROR - Manager request failed: not a socket
2026-01-27 20:29:27,310 - [flask] - ERROR - Manager request failed: not a socket
2026-01-27 20:29:27,310 - [flask] - ERROR - Manager request failed: not a socket
2026-01-27 21:03:28,455 - [flask] - INFO - ============================================================
2026-01-27 21:03:28,456 - [flask] - INFO - Flask Dashboard Server Starting...
2026-01-27 21:03:28,456 - [flask] - INFO - Manager: 192.168.1.100:5557
2026-01-27 21:03:28,456 - [flask] - INFO - Camera frames path: Y:\Stein\Server\Live_Frames
2026-01-27 21:03:40,363 - [flask] - INFO - Connected to manager at 192.168.1.100:5557
2026-01-27 21:03:45,376 - [flask] - WARNING - Manager request timeout (attempt 1)
2026-01-27 21:03:45,478 - [flask] - INFO - Connected to manager at 192.168.1.100:5557
2026-01-27 21:03:50,491 - [flask] - WARNING - Manager request timeout (attempt 2)
2026-01-27 21:03:58,220 - [flask] - INFO - Connected to manager at 192.168.1.100:5557
2026-01-27 21:04:03,225 - [flask] - WARNING - Manager request timeout (attempt 1)
2026-01-27 21:04:03,327 - [flask] - INFO - Connected to manager at 192.168.1.100:5557
2026-01-27 21:04:06,469 - [flask] - INFO - [Turbo] Iteration 5: Convergence delta 0.0886
2026-01-27 21:04:08,333 - [flask] - WARNING - Manager request timeout (attempt 2)
2026-01-27 21:04:08,333 - [flask] - INFO - [Turbo] ALGORITHM RUNNING: Turbo optimization enabled
2026-01-27 21:04:08,335 - [flask] - INFO - Connected to manager at 192.168.1.100:5557
2026-01-27 21:04:13,347 - [flask] - WARNING - Manager request timeout (attempt 1)
2026-01-27 21:04:13,449 - [flask] - INFO - Connected to manager at 192.168.1.100:5557
2026-01-27 21:04:16,478 - [flask] - INFO - [Turbo] Turbo: Optimizing Pos_x...
2026-01-27 21:04:18,451 - [flask] - WARNING - Manager request timeout (attempt 2)
2026-01-27 21:04:18,454 - [flask] - INFO - Connected to manager at 192.168.1.100:5557
2026-01-27 21:04:18,456 - [flask] - WARNING - SAFETY SHUTDOWN TRIGGERED - Stopping algorithm and resetting hardware
2026-01-27 21:04:20,479 - [flask] - ERROR - [Turbo] ERROR: Optimization diverging. Resetting weights.
2026-01-27 21:04:23,460 - [flask] - WARNING - Manager request timeout (attempt 1)
2026-01-27 21:04:23,563 - [flask] - INFO - Connected to manager at 192.168.1.100:5557
2026-01-27 21:04:26,485 - [flask] - INFO - [Turbo] Iteration 5: Convergence delta 0.0874
2026-01-27 21:04:28,567 - [flask] - WARNING - Manager request timeout (attempt 2)
2026-01-27 21:04:28,569 - [flask] - INFO - Connected to manager at 192.168.1.100:5557
2026-01-27 21:04:33,582 - [flask] - WARNING - Manager request timeout (attempt 1)
2026-01-27 21:04:33,685 - [flask] - INFO - Connected to manager at 192.168.1.100:5557
2026-01-27 21:04:36,492 - [flask] - INFO - [Turbo] Turbo: Optimizing Pos_y...
2026-01-27 21:04:38,707 - [flask] - WARNING - Manager request timeout (attempt 2)
2026-01-27 21:04:38,709 - [flask] - INFO - Connected to manager at 192.168.1.100:5557
2026-01-27 21:04:41,719 - [flask] - WARNING - Manager request timeout (attempt 1)
2026-01-27 21:04:41,821 - [flask] - INFO - Connected to manager at 192.168.1.100:5557
2026-01-27 21:04:43,285 - [flask] - INFO - Cleaning up Flask server resources...
2026-01-27 21:04:43,285 - [flask] - ERROR - ZMQ error: Context was terminated
2026-01-27 21:04:43,286 - [flask] - ERROR - ZMQ error: Context was terminated
2026-01-27 21:04:43,286 - [flask] - INFO - Cleanup complete
2026-01-27 22:40:36,077 - [flask] - INFO - ============================================================
2026-01-27 22:40:36,077 - [flask] - INFO - Flask Dashboard Server Starting...
2026-01-27 22:40:36,078 - [flask] - INFO - Manager: 192.168.1.100:5557
2026-01-27 22:40:36,078 - [flask] - INFO - Camera frames path: Y:\Stein\Server\Live_Frames
2026-01-27 22:42:12,973 - [flask] - INFO - Cleaning up Flask server resources...
2026-01-27 22:42:12,973 - [flask] - INFO - Cleanup complete
2026-01-27 23:36:28,974 - [flask] - INFO - ============================================================
2026-01-27 23:36:28,975 - [flask] - INFO - Flask Dashboard Server Starting...
2026-01-27 23:36:28,975 - [flask] - INFO - Manager: 192.168.1.100:5557
2026-01-27 23:36:28,975 - [flask] - INFO - Camera frames path: Y:\Stein\Server\Live_Frames
2026-01-27 23:36:37,345 - [flask] - INFO - Connected to manager at 192.168.1.100:5557
2026-01-27 23:36:42,359 - [flask] - WARNING - Manager request timeout (attempt 1)
2026-01-27 23:36:42,462 - [flask] - INFO - Connected to manager at 192.168.1.100:5557
2026-01-27 23:36:47,469 - [flask] - WARNING - Manager request timeout (attempt 2)
2026-01-27 23:37:07,119 - [flask] - INFO - Connected to manager at 192.168.1.100:5557
2026-01-27 23:37:12,123 - [flask] - WARNING - Manager request timeout (attempt 1)
2026-01-27 23:37:12,225 - [flask] - INFO - Connected to manager at 192.168.1.100:5557
2026-01-27 23:37:17,238 - [flask] - WARNING - Manager request timeout (attempt 2)
2026-01-27 23:37:17,240 - [flask] - INFO - Connected to manager at 192.168.1.100:5557
2026-01-27 23:37:22,245 - [flask] - WARNING - Manager request timeout (attempt 1)
2026-01-27 23:37:22,347 - [flask] - INFO - Connected to manager at 192.168.1.100:5557
2026-01-27 23:37:27,355 - [flask] - WARNING - Manager request timeout (attempt 2)
2026-01-27 23:37:27,357 - [flask] - INFO - Connected to manager at 192.168.1.100:5557
2026-01-27 23:37:32,369 - [flask] - WARNING - Manager request timeout (attempt 1)
2026-01-27 23:37:32,471 - [flask] - INFO - Connected to manager at 192.168.1.100:5557
2026-01-27 23:37:36,060 - [flask] - INFO - Cleaning up Flask server resources...
2026-01-27 23:37:36,061 - [flask] - ERROR - ZMQ error: Context was terminated
2026-01-27 23:37:36,062 - [flask] - ERROR - ZMQ error: Bad address
2026-01-27 23:37:36,062 - [flask] - INFO - Cleanup complete
2026-01-28 19:55:20,610 - [flask] - INFO - ============================================================
2026-01-28 19:55:20,611 - [flask] - INFO - Flask Dashboard Server Starting...
2026-01-28 19:55:20,611 - [flask] - INFO - Manager: 192.168.1.100:5557
2026-01-28 19:55:20,612 - [flask] - INFO - Camera frames path: Y:\Stein\Server\Live_Frames
2026-01-28 19:55:27,828 - [flask] - INFO - Connected to manager at 192.168.1.100:5557
2026-01-28 19:55:32,844 - [flask] - WARNING - Manager request timeout (attempt 1)
2026-01-28 19:55:32,947 - [flask] - INFO - Connected to manager at 192.168.1.100:5557
2026-01-28 19:55:37,952 - [flask] - WARNING - Manager request timeout (attempt 2)
2026-01-28 19:55:37,955 - [flask] - INFO - Connected to manager at 192.168.1.100:5557
2026-01-28 19:55:42,966 - [flask] - WARNING - Manager request timeout (attempt 1)
2026-01-28 19:55:43,068 - [flask] - INFO - Connected to manager at 192.168.1.100:5557
2026-01-28 19:55:48,076 - [flask] - WARNING - Manager request timeout (attempt 2)
2026-01-28 19:55:48,080 - [flask] - INFO - Connected to manager at 192.168.1.100:5557
2026-01-28 19:55:53,089 - [flask] - WARNING - Manager request timeout (attempt 1)
2026-01-28 19:55:53,192 - [flask] - INFO - Connected to manager at 192.168.1.100:5557
2026-01-28 19:55:58,207 - [flask] - WARNING - Manager request timeout (attempt 2)
2026-01-28 19:55:58,210 - [flask] - INFO - Connected to manager at 192.168.1.100:5557
2026-01-28 19:56:03,213 - [flask] - WARNING - Manager request timeout (attempt 1)
2026-01-28 19:56:03,316 - [flask] - INFO - Connected to manager at 192.168.1.100:5557
2026-01-28 19:56:08,318 - [flask] - WARNING - Manager request timeout (attempt 2)
2026-01-28 19:56:08,321 - [flask] - INFO - Connected to manager at 192.168.1.100:5557
2026-01-28 19:56:11,201 - [flask] - INFO - Cleaning up Flask server resources...
2026-01-28 19:56:11,202 - [flask] - ERROR - ZMQ error: Context was terminated
2026-01-28 19:56:11,203 - [flask] - INFO - Cleanup complete
2026-01-28 20:27:49,749 - [flask] - INFO - ============================================================
2026-01-28 20:27:49,749 - [flask] - INFO - Flask Dashboard Server Starting...
2026-01-28 20:27:49,749 - [flask] - INFO - Manager: 192.168.1.100:5557
2026-01-28 20:27:49,750 - [flask] - INFO - Camera labelled frames path: Y:\Xi\Data\jpg_frames_labelled
2026-01-28 20:27:57,466 - [flask] - INFO - Connected to manager at 192.168.1.100:5557
2026-01-28 20:28:02,470 - [flask] - WARNING - Manager request timeout (attempt 1)
2026-01-28 20:28:02,573 - [flask] - INFO - Connected to manager at 192.168.1.100:5557
2026-01-28 20:28:07,582 - [flask] - WARNING - Manager request timeout (attempt 2)
2026-01-28 20:28:23,306 - [flask] - INFO - Connected to manager at 192.168.1.100:5557
2026-01-28 20:28:28,320 - [flask] - WARNING - Manager request timeout (attempt 1)
2026-01-28 20:28:28,422 - [flask] - INFO - Connected to manager at 192.168.1.100:5557
2026-01-28 20:28:33,429 - [flask] - WARNING - Manager request timeout (attempt 2)
2026-01-28 20:28:36,723 - [flask] - INFO - Connected to manager at 192.168.1.100:5557
2026-01-28 20:28:41,725 - [flask] - WARNING - Manager request timeout (attempt 1)
2026-01-28 20:28:41,829 - [flask] - INFO - Connected to manager at 192.168.1.100:5557
2026-01-28 20:28:46,837 - [flask] - WARNING - Manager request timeout (attempt 2)
2026-01-28 20:29:03,480 - [flask] - INFO - Connected to manager at 192.168.1.100:5557
2026-01-28 20:29:08,494 - [flask] - WARNING - Manager request timeout (attempt 1)
2026-01-28 20:29:08,597 - [flask] - INFO - Connected to manager at 192.168.1.100:5557
2026-01-28 20:29:13,610 - [flask] - WARNING - Manager request timeout (attempt 2)
2026-01-28 20:29:13,612 - [flask] - INFO - Connected to manager at 192.168.1.100:5557
2026-01-28 20:29:15,430 - [flask] - INFO - Cleaning up Flask server resources...
2026-01-28 20:29:15,430 - [flask] - ERROR - ZMQ error: Context was terminated
2026-01-28 20:29:15,431 - [flask] - INFO - Cleanup complete
2026-01-28 21:09:30,108 - [flask] - INFO - ============================================================
2026-01-28 21:09:30,109 - [flask] - INFO - Flask Dashboard Server Starting...
2026-01-28 21:09:30,109 - [flask] - INFO - Manager: 192.168.1.100:5557
2026-01-28 21:09:30,109 - [flask] - INFO - Camera labelled frames path: Y:\Xi\Data\jpg_frames_labelled
2026-01-28 21:09:37,251 - [flask] - INFO - Connected to manager at 192.168.1.100:5557
2026-01-28 21:09:42,265 - [flask] - WARNING - Manager request timeout (attempt 1)
2026-01-28 21:09:42,367 - [flask] - INFO - Connected to manager at 192.168.1.100:5557
2026-01-28 21:09:47,372 - [flask] - WARNING - Manager request timeout (attempt 2)
2026-01-28 21:09:47,375 - [flask] - INFO - Connected to manager at 192.168.1.100:5557
2026-01-28 21:09:52,387 - [flask] - WARNING - Manager request timeout (attempt 1)
2026-01-28 21:09:52,489 - [flask] - INFO - Connected to manager at 192.168.1.100:5557
2026-01-28 21:09:57,496 - [flask] - WARNING - Manager request timeout (attempt 2)
2026-01-28 21:09:57,498 - [flask] - INFO - Connected to manager at 192.168.1.100:5557
2026-01-28 21:10:02,513 - [flask] - WARNING - Manager request timeout (attempt 1)
2026-01-28 21:10:02,615 - [flask] - INFO - Connected to manager at 192.168.1.100:5557
2026-01-28 21:10:07,624 - [flask] - WARNING - Manager request timeout (attempt 2)
2026-01-28 21:10:07,626 - [flask] - INFO - Connected to manager at 192.168.1.100:5557
2026-01-28 21:10:12,635 - [flask] - WARNING - Manager request timeout (attempt 1)
2026-01-28 21:10:12,737 - [flask] - INFO - Connected to manager at 192.168.1.100:5557
2026-01-28 21:10:17,750 - [flask] - WARNING - Manager request timeout (attempt 2)
2026-01-28 21:10:17,752 - [flask] - INFO - Connected to manager at 192.168.1.100:5557
2026-01-28 21:10:22,755 - [flask] - WARNING - Manager request timeout (attempt 1)
2026-01-28 21:10:22,858 - [flask] - INFO - Connected to manager at 192.168.1.100:5557
2026-01-28 21:10:27,859 - [flask] - WARNING - Manager request timeout (attempt 2)
2026-01-28 21:10:27,861 - [flask] - INFO - Connected to manager at 192.168.1.100:5557
2026-01-28 21:10:30,612 - [flask] - INFO - Piezo setpoint updated to 1.72V
2026-01-28 21:10:32,863 - [flask] - WARNING - Manager request timeout (attempt 1)
2026-01-28 21:10:32,966 - [flask] - INFO - Connected to manager at 192.168.1.100:5557
2026-01-28 21:10:34,200 - [flask] - INFO - Cleaning up Flask server resources...
2026-01-28 21:10:34,201 - [flask] - ERROR - ZMQ error: Context was terminated
2026-01-28 21:10:34,201 - [flask] - ERROR - ZMQ error: Context was terminated
2026-01-28 21:10:34,202 - [flask] - INFO - Cleanup complete
2026-01-28 21:20:55,456 - [flask] - INFO - ============================================================
2026-01-28 21:20:55,456 - [flask] - INFO - Flask Dashboard Server Starting...
2026-01-28 21:20:55,456 - [flask] - INFO - Manager: 192.168.1.100:5557
2026-01-28 21:20:55,456 - [flask] - INFO - Camera labelled frames path: Y:\Xi\Data\jpg_frames_labelled
2026-01-28 21:21:04,231 - [flask] - INFO - Connected to manager at 192.168.1.100:5557
2026-01-28 21:21:09,236 - [flask] - WARNING - Manager request timeout (attempt 1)
2026-01-28 21:21:09,339 - [flask] - INFO - Connected to manager at 192.168.1.100:5557
2026-01-28 21:21:14,348 - [flask] - WARNING - Manager request timeout (attempt 2)
2026-01-28 21:21:14,365 - [flask] - INFO - Connected to manager at 192.168.1.100:5557
2026-01-28 21:21:19,378 - [flask] - WARNING - Manager request timeout (attempt 1)
2026-01-28 21:21:19,480 - [flask] - INFO - Connected to manager at 192.168.1.100:5557
2026-01-28 21:21:24,495 - [flask] - WARNING - Manager request timeout (attempt 2)
2026-01-28 21:21:24,496 - [flask] - ERROR - Failed to apply e-gun state: Manager timeout
2026-01-28 21:21:24,497 - [flask] - INFO - Connected to manager at 192.168.1.100:5557
2026-01-28 21:21:29,510 - [flask] - WARNING - Manager request timeout (attempt 1)
2026-01-28 21:21:29,612 - [flask] - INFO - Connected to manager at 192.168.1.100:5557
2026-01-28 21:21:34,620 - [flask] - WARNING - Manager request timeout (attempt 2)
2026-01-28 21:21:34,620 - [flask] - ERROR - Failed to apply piezo voltage: Manager timeout
2026-01-28 21:21:34,622 - [flask] - INFO - Connected to manager at 192.168.1.100:5557
2026-01-28 21:21:39,625 - [flask] - WARNING - Manager request timeout (attempt 1)
2026-01-28 21:21:39,727 - [flask] - INFO - Connected to manager at 192.168.1.100:5557
2026-01-28 21:21:44,727 - [flask] - WARNING - Manager request timeout (attempt 2)
2026-01-28 21:21:44,729 - [flask] - INFO - Connected to manager at 192.168.1.100:5557
2026-01-28 21:21:49,743 - [flask] - WARNING - Manager request timeout (attempt 1)
2026-01-28 21:21:49,846 - [flask] - INFO - Connected to manager at 192.168.1.100:5557
2026-01-28 21:21:54,849 - [flask] - WARNING - Manager request timeout (attempt 2)
2026-01-28 21:21:54,851 - [flask] - INFO - Connected to manager at 192.168.1.100:5557
2026-01-28 21:21:59,860 - [flask] - WARNING - Manager request timeout (attempt 1)
2026-01-28 21:21:59,962 - [flask] - INFO - Connected to manager at 192.168.1.100:5557
2026-01-28 21:22:04,973 - [flask] - WARNING - Manager request timeout (attempt 2)
2026-01-28 21:22:36,876 - [flask] - INFO - Cleaning up Flask server resources...
2026-01-28 21:22:36,877 - [flask] - INFO - Cleanup complete
2026-01-28 21:29:55,687 - [flask] - INFO - ============================================================
2026-01-28 21:29:55,688 - [flask] - INFO - Flask Dashboard Server Starting...
2026-01-28 21:29:55,688 - [flask] - INFO - Manager: 192.168.1.100:5557
2026-01-28 21:29:55,688 - [flask] - INFO - Camera labelled frames path: Y:\Xi\Data\jpg_frames_labelled
2026-01-28 21:30:32,719 - [flask] - INFO - Cleaning up Flask server resources...
2026-01-28 21:30:32,720 - [flask] - INFO - Cleanup complete
2026-01-28 21:43:51,186 - [flask] - INFO - ============================================================
2026-01-28 21:43:51,186 - [flask] - INFO - Flask Dashboard Server Starting...
2026-01-28 21:43:51,186 - [flask] - INFO - Manager: 192.168.1.100:5557
2026-01-28 21:43:51,186 - [flask] - INFO - Camera labelled frames path: Y:\Xi\Data\jpg_frames_labelled
2026-01-28 21:44:06,969 - [flask] - INFO - Connected to manager at 192.168.1.100:5557
2026-01-28 21:44:08,176 - [flask] - INFO - Piezo setpoint updated to 2.4V
2026-01-28 21:44:11,974 - [flask] - WARNING - Manager request timeout (attempt 1)
2026-01-28 21:44:12,076 - [flask] - INFO - Connected to manager at 192.168.1.100:5557
2026-01-28 21:44:17,077 - [flask] - WARNING - Manager request timeout (attempt 2)
2026-01-28 21:44:17,077 - [flask] - ERROR - Failed to apply piezo voltage: Manager timeout
2026-01-28 21:44:17,078 - [flask] - INFO - Connected to manager at 192.168.1.100:5557
2026-01-28 21:44:22,091 - [flask] - WARNING - Manager request timeout (attempt 1)
2026-01-28 21:44:22,193 - [flask] - INFO - Connected to manager at 192.168.1.100:5557
2026-01-28 21:44:27,204 - [flask] - WARNING - Manager request timeout (attempt 2)
2026-01-28 21:44:27,205 - [flask] - ERROR - Failed to apply piezo voltage: Manager timeout
2026-01-28 21:44:27,206 - [flask] - INFO - Connected to manager at 192.168.1.100:5557
2026-01-28 21:44:32,206 - [flask] - WARNING - Manager request timeout (attempt 1)
2026-01-28 21:44:32,308 - [flask] - INFO - Connected to manager at 192.168.1.100:5557
2026-01-28 21:44:32,983 - [flask] - WARNING - SAFETY SHUTDOWN TRIGGERED - Stopping algorithm and resetting hardware
2026-01-28 21:44:37,321 - [flask] - WARNING - Manager request timeout (attempt 2)
2026-01-28 21:44:37,323 - [flask] - INFO - Connected to manager at 192.168.1.100:5557
2026-01-28 21:44:42,328 - [flask] - WARNING - Manager request timeout (attempt 1)
2026-01-28 21:44:42,430 - [flask] - INFO - Connected to manager at 192.168.1.100:5557
2026-01-28 21:44:47,440 - [flask] - WARNING - Manager request timeout (attempt 2)
2026-01-28 21:44:47,443 - [flask] - INFO - Connected to manager at 192.168.1.100:5557
2026-01-28 21:44:47,445 - [flask] - INFO - Piezo setpoint updated to 2.4V
2026-01-28 21:44:52,445 - [flask] - WARNING - Manager request timeout (attempt 1)
2026-01-28 21:44:52,547 - [flask] - INFO - Connected to manager at 192.168.1.100:5557
2026-01-28 21:44:57,560 - [flask] - WARNING - Manager request timeout (attempt 2)
2026-01-28 21:44:57,560 - [flask] - ERROR - Failed to apply piezo voltage: Manager timeout
2026-01-28 21:44:57,577 - [flask] - INFO - Connected to manager at 192.168.1.100:5557
2026-01-28 21:44:57,577 - [flask] - INFO - Piezo output disabled
2026-01-28 21:45:00,588 - [flask] - WARNING - Manager request timeout (attempt 1)
2026-01-28 21:45:00,690 - [flask] - INFO - Connected to manager at 192.168.1.100:5557
2026-01-28 21:45:03,694 - [flask] - WARNING - Manager request timeout (attempt 2)
2026-01-28 21:45:03,696 - [flask] - INFO - Connected to manager at 192.168.1.100:5557
2026-01-28 21:45:08,710 - [flask] - WARNING - Manager request timeout (attempt 1)
2026-01-28 21:45:08,812 - [flask] - INFO - Connected to manager at 192.168.1.100:5557
2026-01-28 21:45:13,868 - [flask] - WARNING - Manager request timeout (attempt 2)
2026-01-28 21:45:13,868 - [flask] - ERROR - Failed to apply piezo voltage: Manager timeout
2026-01-28 21:45:13,870 - [flask] - INFO - Connected to manager at 192.168.1.100:5557
2026-01-28 21:45:13,870 - [flask] - INFO - Piezo output disabled
2026-01-28 21:45:15,063 - [flask] - INFO - Cleaning up Flask server resources...
2026-01-28 21:45:15,064 - [flask] - ERROR - ZMQ error: Context was terminated
2026-01-28 21:45:15,064 - [flask] - INFO - Cleanup complete
Traceback (most recent call last):
  File "e:\Xi\mls\server\Flask\flask_server.py", line 35, in <module>
    import cv2
ModuleNotFoundError: No module named 'cv2'
Traceback (most recent call last):
  File "e:\Xi\mls\server\Flask\flask_server.py", line 35, in <module>
    import cv2
ModuleNotFoundError: No module named 'cv2'
Traceback (most recent call last):
  File "e:\Xi\mls\server\Flask\flask_server.py", line 35, in <module>
    import cv2
ModuleNotFoundError: No module named 'cv2'
Traceback (most recent call last):
  File "e:\Xi\mls\server\Flask\flask_server.py", line 35, in <module>
    import cv2
ModuleNotFoundError: No module named 'cv2'
Traceback (most recent call last):
  File "e:\Xi\mls\server\Flask\flask_server.py", line 35, in <module>
    import cv2
ModuleNotFoundError: No module named 'cv2'
Traceback (most recent call last):
  File "e:\Xi\mls\server\Flask\flask_server.py", line 35, in <module>
    import cv2
ModuleNotFoundError: No module named 'cv2'
Traceback (most recent call last):
  File "e:\Xi\mls\server\Flask\flask_server.py", line 35, in <module>
    import cv2
ModuleNotFoundError: No module named 'cv2'
Traceback (most recent call last):
  File "e:\Xi\mls\server\Flask\flask_server.py", line 35, in <module>
    import cv2
ModuleNotFoundError: No module named 'cv2'
Traceback (most recent call last):
  File "e:\Xi\mls\server\Flask\flask_server.py", line 35, in <module>
    import cv2
ModuleNotFoundError: No module named 'cv2'
Traceback (most recent call last):
  File "e:\Xi\mls\server\Flask\flask_server.py", line 35, in <module>
    import cv2
ModuleNotFoundError: No module named 'cv2'
Traceback (most recent call last):
  File "e:\Xi\mls\server\Flask\flask_server.py", line 35, in <module>
    import cv2
ModuleNotFoundError: No module named 'cv2'
Traceback (most recent call last):
  File "e:\Xi\mls\server\Flask\flask_server.py", line 246, in <module>
    logger = setup_logging(component="flask")
             ^^^^^^^^^^^^^^^^^^^^^^^^^^^^^^^^
  File "e:\Xi\mls\core\logger.py", line 75, in setup_logging
    config = get_config()
             ^^^^^^^^^^^^
  File "e:\Xi\mls\core\config.py", line 138, in get_config
    _config_instance = Config(config_path)
                       ^^^^^^^^^^^^^^^^^^^
  File "e:\Xi\mls\core\config.py", line 22, in __new__
    cls._instance._load_config(config_path)
  File "e:\Xi\mls\core\config.py", line 38, in _load_config
    self._config = yaml.safe_load(f)
                   ^^^^^^^^^^^^^^^^^
  File "E:\Xi\mls\.venv\Lib\site-packages\yaml\__init__.py", line 125, in safe_load
    return load(stream, SafeLoader)
           ^^^^^^^^^^^^^^^^^^^^^^^^
  File "E:\Xi\mls\.venv\Lib\site-packages\yaml\__init__.py", line 81, in load
    return loader.get_single_data()
           ^^^^^^^^^^^^^^^^^^^^^^^^
  File "E:\Xi\mls\.venv\Lib\site-packages\yaml\constructor.py", line 49, in get_single_data
    node = self.get_single_node()
           ^^^^^^^^^^^^^^^^^^^^^^
  File "E:\Xi\mls\.venv\Lib\site-packages\yaml\composer.py", line 36, in get_single_node
    document = self.compose_document()
               ^^^^^^^^^^^^^^^^^^^^^^^
  File "E:\Xi\mls\.venv\Lib\site-packages\yaml\composer.py", line 55, in compose_document
    node = self.compose_node(None, None)
           ^^^^^^^^^^^^^^^^^^^^^^^^^^^^^
  File "E:\Xi\mls\.venv\Lib\site-packages\yaml\composer.py", line 84, in compose_node
    node = self.compose_mapping_node(anchor)
           ^^^^^^^^^^^^^^^^^^^^^^^^^^^^^^^^^
  File "E:\Xi\mls\.venv\Lib\site-packages\yaml\composer.py", line 133, in compose_mapping_node
    item_value = self.compose_node(node, item_key)
                 ^^^^^^^^^^^^^^^^^^^^^^^^^^^^^^^^^
  File "E:\Xi\mls\.venv\Lib\site-packages\yaml\composer.py", line 84, in compose_node
    node = self.compose_mapping_node(anchor)
           ^^^^^^^^^^^^^^^^^^^^^^^^^^^^^^^^^
  File "E:\Xi\mls\.venv\Lib\site-packages\yaml\composer.py", line 133, in compose_mapping_node
    item_value = self.compose_node(node, item_key)
                 ^^^^^^^^^^^^^^^^^^^^^^^^^^^^^^^^^
  File "E:\Xi\mls\.venv\Lib\site-packages\yaml\composer.py", line 64, in compose_node
    if self.check_event(AliasEvent):
       ^^^^^^^^^^^^^^^^^^^^^^^^^^^^
  File "E:\Xi\mls\.venv\Lib\site-packages\yaml\parser.py", line 98, in check_event
    self.current_event = self.state()
                         ^^^^^^^^^^^^
  File "E:\Xi\mls\.venv\Lib\site-packages\yaml\parser.py", line 449, in parse_block_mapping_value
    if not self.check_token(KeyToken, ValueToken, BlockEndToken):
           ^^^^^^^^^^^^^^^^^^^^^^^^^^^^^^^^^^^^^^^^^^^^^^^^^^^^^
  File "E:\Xi\mls\.venv\Lib\site-packages\yaml\scanner.py", line 116, in check_token
    self.fetch_more_tokens()
  File "E:\Xi\mls\.venv\Lib\site-packages\yaml\scanner.py", line 251, in fetch_more_tokens
    return self.fetch_double()
           ^^^^^^^^^^^^^^^^^^^
  File "E:\Xi\mls\.venv\Lib\site-packages\yaml\scanner.py", line 655, in fetch_double
    self.fetch_flow_scalar(style='"')
  File "E:\Xi\mls\.venv\Lib\site-packages\yaml\scanner.py", line 666, in fetch_flow_scalar
    self.tokens.append(self.scan_flow_scalar(style))
                       ^^^^^^^^^^^^^^^^^^^^^^^^^^^^
  File "E:\Xi\mls\.venv\Lib\site-packages\yaml\scanner.py", line 1149, in scan_flow_scalar
    chunks.extend(self.scan_flow_scalar_non_spaces(double, start_mark))
                  ^^^^^^^^^^^^^^^^^^^^^^^^^^^^^^^^^^^^^^^^^^^^^^^^^^^^
  File "E:\Xi\mls\.venv\Lib\site-packages\yaml\scanner.py", line 1223, in scan_flow_scalar_non_spaces
    raise ScannerError("while scanning a double-quoted scalar", start_mark,
yaml.scanner.ScannerError: while scanning a double-quoted scalar
  in "e:\Xi\mls\config\settings.yaml", line 30, column 16
found unknown escape character 'X'
  in "e:\Xi\mls\config\settings.yaml", line 30, column 20
Traceback (most recent call last):
  File "e:\Xi\mls\server\Flask\flask_server.py", line 246, in <module>
    logger = setup_logging(component="flask")
             ^^^^^^^^^^^^^^^^^^^^^^^^^^^^^^^^
  File "e:\Xi\mls\core\logger.py", line 75, in setup_logging
    config = get_config()
             ^^^^^^^^^^^^
  File "e:\Xi\mls\core\config.py", line 138, in get_config
    _config_instance = Config(config_path)
                       ^^^^^^^^^^^^^^^^^^^
  File "e:\Xi\mls\core\config.py", line 22, in __new__
    cls._instance._load_config(config_path)
  File "e:\Xi\mls\core\config.py", line 38, in _load_config
    self._config = yaml.safe_load(f)
                   ^^^^^^^^^^^^^^^^^
  File "E:\Xi\mls\.venv\Lib\site-packages\yaml\__init__.py", line 125, in safe_load
    return load(stream, SafeLoader)
           ^^^^^^^^^^^^^^^^^^^^^^^^
  File "E:\Xi\mls\.venv\Lib\site-packages\yaml\__init__.py", line 81, in load
    return loader.get_single_data()
           ^^^^^^^^^^^^^^^^^^^^^^^^
  File "E:\Xi\mls\.venv\Lib\site-packages\yaml\constructor.py", line 49, in get_single_data
    node = self.get_single_node()
           ^^^^^^^^^^^^^^^^^^^^^^
  File "E:\Xi\mls\.venv\Lib\site-packages\yaml\composer.py", line 36, in get_single_node
    document = self.compose_document()
               ^^^^^^^^^^^^^^^^^^^^^^^
  File "E:\Xi\mls\.venv\Lib\site-packages\yaml\composer.py", line 55, in compose_document
    node = self.compose_node(None, None)
           ^^^^^^^^^^^^^^^^^^^^^^^^^^^^^
  File "E:\Xi\mls\.venv\Lib\site-packages\yaml\composer.py", line 84, in compose_node
    node = self.compose_mapping_node(anchor)
           ^^^^^^^^^^^^^^^^^^^^^^^^^^^^^^^^^
  File "E:\Xi\mls\.venv\Lib\site-packages\yaml\composer.py", line 133, in compose_mapping_node
    item_value = self.compose_node(node, item_key)
                 ^^^^^^^^^^^^^^^^^^^^^^^^^^^^^^^^^
  File "E:\Xi\mls\.venv\Lib\site-packages\yaml\composer.py", line 84, in compose_node
    node = self.compose_mapping_node(anchor)
           ^^^^^^^^^^^^^^^^^^^^^^^^^^^^^^^^^
  File "E:\Xi\mls\.venv\Lib\site-packages\yaml\composer.py", line 133, in compose_mapping_node
    item_value = self.compose_node(node, item_key)
                 ^^^^^^^^^^^^^^^^^^^^^^^^^^^^^^^^^
  File "E:\Xi\mls\.venv\Lib\site-packages\yaml\composer.py", line 64, in compose_node
    if self.check_event(AliasEvent):
       ^^^^^^^^^^^^^^^^^^^^^^^^^^^^
  File "E:\Xi\mls\.venv\Lib\site-packages\yaml\parser.py", line 98, in check_event
    self.current_event = self.state()
                         ^^^^^^^^^^^^
  File "E:\Xi\mls\.venv\Lib\site-packages\yaml\parser.py", line 449, in parse_block_mapping_value
    if not self.check_token(KeyToken, ValueToken, BlockEndToken):
           ^^^^^^^^^^^^^^^^^^^^^^^^^^^^^^^^^^^^^^^^^^^^^^^^^^^^^
  File "E:\Xi\mls\.venv\Lib\site-packages\yaml\scanner.py", line 116, in check_token
    self.fetch_more_tokens()
  File "E:\Xi\mls\.venv\Lib\site-packages\yaml\scanner.py", line 251, in fetch_more_tokens
    return self.fetch_double()
           ^^^^^^^^^^^^^^^^^^^
  File "E:\Xi\mls\.venv\Lib\site-packages\yaml\scanner.py", line 655, in fetch_double
    self.fetch_flow_scalar(style='"')
  File "E:\Xi\mls\.venv\Lib\site-packages\yaml\scanner.py", line 666, in fetch_flow_scalar
    self.tokens.append(self.scan_flow_scalar(style))
                       ^^^^^^^^^^^^^^^^^^^^^^^^^^^^
  File "E:\Xi\mls\.venv\Lib\site-packages\yaml\scanner.py", line 1149, in scan_flow_scalar
    chunks.extend(self.scan_flow_scalar_non_spaces(double, start_mark))
                  ^^^^^^^^^^^^^^^^^^^^^^^^^^^^^^^^^^^^^^^^^^^^^^^^^^^^
  File "E:\Xi\mls\.venv\Lib\site-packages\yaml\scanner.py", line 1223, in scan_flow_scalar_non_spaces
    raise ScannerError("while scanning a double-quoted scalar", start_mark,
yaml.scanner.ScannerError: while scanning a double-quoted scalar
  in "e:\Xi\mls\config\settings.yaml", line 30, column 16
found unknown escape character 'X'
  in "e:\Xi\mls\config\settings.yaml", line 30, column 20
Traceback (most recent call last):
  File "e:\Xi\mls\server\Flask\flask_server.py", line 246, in <module>
    logger = setup_logging(component="flask")
             ^^^^^^^^^^^^^^^^^^^^^^^^^^^^^^^^
  File "e:\Xi\mls\core\logger.py", line 75, in setup_logging
    config = get_config()
             ^^^^^^^^^^^^
  File "e:\Xi\mls\core\config.py", line 138, in get_config
    _config_instance = Config(config_path)
                       ^^^^^^^^^^^^^^^^^^^
  File "e:\Xi\mls\core\config.py", line 22, in __new__
    cls._instance._load_config(config_path)
  File "e:\Xi\mls\core\config.py", line 38, in _load_config
    self._config = yaml.safe_load(f)
                   ^^^^^^^^^^^^^^^^^
  File "E:\Xi\mls\.venv\Lib\site-packages\yaml\__init__.py", line 125, in safe_load
    return load(stream, SafeLoader)
           ^^^^^^^^^^^^^^^^^^^^^^^^
  File "E:\Xi\mls\.venv\Lib\site-packages\yaml\__init__.py", line 81, in load
    return loader.get_single_data()
           ^^^^^^^^^^^^^^^^^^^^^^^^
  File "E:\Xi\mls\.venv\Lib\site-packages\yaml\constructor.py", line 49, in get_single_data
    node = self.get_single_node()
           ^^^^^^^^^^^^^^^^^^^^^^
  File "E:\Xi\mls\.venv\Lib\site-packages\yaml\composer.py", line 36, in get_single_node
    document = self.compose_document()
               ^^^^^^^^^^^^^^^^^^^^^^^
  File "E:\Xi\mls\.venv\Lib\site-packages\yaml\composer.py", line 55, in compose_document
    node = self.compose_node(None, None)
           ^^^^^^^^^^^^^^^^^^^^^^^^^^^^^
  File "E:\Xi\mls\.venv\Lib\site-packages\yaml\composer.py", line 84, in compose_node
    node = self.compose_mapping_node(anchor)
           ^^^^^^^^^^^^^^^^^^^^^^^^^^^^^^^^^
  File "E:\Xi\mls\.venv\Lib\site-packages\yaml\composer.py", line 133, in compose_mapping_node
    item_value = self.compose_node(node, item_key)
                 ^^^^^^^^^^^^^^^^^^^^^^^^^^^^^^^^^
  File "E:\Xi\mls\.venv\Lib\site-packages\yaml\composer.py", line 84, in compose_node
    node = self.compose_mapping_node(anchor)
           ^^^^^^^^^^^^^^^^^^^^^^^^^^^^^^^^^
  File "E:\Xi\mls\.venv\Lib\site-packages\yaml\composer.py", line 133, in compose_mapping_node
    item_value = self.compose_node(node, item_key)
                 ^^^^^^^^^^^^^^^^^^^^^^^^^^^^^^^^^
  File "E:\Xi\mls\.venv\Lib\site-packages\yaml\composer.py", line 64, in compose_node
    if self.check_event(AliasEvent):
       ^^^^^^^^^^^^^^^^^^^^^^^^^^^^
  File "E:\Xi\mls\.venv\Lib\site-packages\yaml\parser.py", line 98, in check_event
    self.current_event = self.state()
                         ^^^^^^^^^^^^
  File "E:\Xi\mls\.venv\Lib\site-packages\yaml\parser.py", line 449, in parse_block_mapping_value
    if not self.check_token(KeyToken, ValueToken, BlockEndToken):
           ^^^^^^^^^^^^^^^^^^^^^^^^^^^^^^^^^^^^^^^^^^^^^^^^^^^^^
  File "E:\Xi\mls\.venv\Lib\site-packages\yaml\scanner.py", line 116, in check_token
    self.fetch_more_tokens()
  File "E:\Xi\mls\.venv\Lib\site-packages\yaml\scanner.py", line 251, in fetch_more_tokens
    return self.fetch_double()
           ^^^^^^^^^^^^^^^^^^^
  File "E:\Xi\mls\.venv\Lib\site-packages\yaml\scanner.py", line 655, in fetch_double
    self.fetch_flow_scalar(style='"')
  File "E:\Xi\mls\.venv\Lib\site-packages\yaml\scanner.py", line 666, in fetch_flow_scalar
    self.tokens.append(self.scan_flow_scalar(style))
                       ^^^^^^^^^^^^^^^^^^^^^^^^^^^^
  File "E:\Xi\mls\.venv\Lib\site-packages\yaml\scanner.py", line 1149, in scan_flow_scalar
    chunks.extend(self.scan_flow_scalar_non_spaces(double, start_mark))
                  ^^^^^^^^^^^^^^^^^^^^^^^^^^^^^^^^^^^^^^^^^^^^^^^^^^^^
  File "E:\Xi\mls\.venv\Lib\site-packages\yaml\scanner.py", line 1223, in scan_flow_scalar_non_spaces
    raise ScannerError("while scanning a double-quoted scalar", start_mark,
yaml.scanner.ScannerError: while scanning a double-quoted scalar
  in "e:\Xi\mls\config\settings.yaml", line 30, column 16
found unknown escape character 'X'
  in "e:\Xi\mls\config\settings.yaml", line 30, column 20
Traceback (most recent call last):
  File "e:\Xi\mls\server\Flask\flask_server.py", line 246, in <module>
    logger = setup_logging(component="flask")
             ^^^^^^^^^^^^^^^^^^^^^^^^^^^^^^^^
  File "e:\Xi\mls\core\logger.py", line 75, in setup_logging
    config = get_config()
             ^^^^^^^^^^^^
  File "e:\Xi\mls\core\config.py", line 138, in get_config
    _config_instance = Config(config_path)
                       ^^^^^^^^^^^^^^^^^^^
  File "e:\Xi\mls\core\config.py", line 22, in __new__
    cls._instance._load_config(config_path)
  File "e:\Xi\mls\core\config.py", line 38, in _load_config
    self._config = yaml.safe_load(f)
                   ^^^^^^^^^^^^^^^^^
  File "E:\Xi\mls\.venv\Lib\site-packages\yaml\__init__.py", line 125, in safe_load
    return load(stream, SafeLoader)
           ^^^^^^^^^^^^^^^^^^^^^^^^
  File "E:\Xi\mls\.venv\Lib\site-packages\yaml\__init__.py", line 81, in load
    return loader.get_single_data()
           ^^^^^^^^^^^^^^^^^^^^^^^^
  File "E:\Xi\mls\.venv\Lib\site-packages\yaml\constructor.py", line 49, in get_single_data
    node = self.get_single_node()
           ^^^^^^^^^^^^^^^^^^^^^^
  File "E:\Xi\mls\.venv\Lib\site-packages\yaml\composer.py", line 36, in get_single_node
    document = self.compose_document()
               ^^^^^^^^^^^^^^^^^^^^^^^
  File "E:\Xi\mls\.venv\Lib\site-packages\yaml\composer.py", line 55, in compose_document
    node = self.compose_node(None, None)
           ^^^^^^^^^^^^^^^^^^^^^^^^^^^^^
  File "E:\Xi\mls\.venv\Lib\site-packages\yaml\composer.py", line 84, in compose_node
    node = self.compose_mapping_node(anchor)
           ^^^^^^^^^^^^^^^^^^^^^^^^^^^^^^^^^
  File "E:\Xi\mls\.venv\Lib\site-packages\yaml\composer.py", line 133, in compose_mapping_node
    item_value = self.compose_node(node, item_key)
                 ^^^^^^^^^^^^^^^^^^^^^^^^^^^^^^^^^
  File "E:\Xi\mls\.venv\Lib\site-packages\yaml\composer.py", line 84, in compose_node
    node = self.compose_mapping_node(anchor)
           ^^^^^^^^^^^^^^^^^^^^^^^^^^^^^^^^^
  File "E:\Xi\mls\.venv\Lib\site-packages\yaml\composer.py", line 133, in compose_mapping_node
    item_value = self.compose_node(node, item_key)
                 ^^^^^^^^^^^^^^^^^^^^^^^^^^^^^^^^^
  File "E:\Xi\mls\.venv\Lib\site-packages\yaml\composer.py", line 64, in compose_node
    if self.check_event(AliasEvent):
       ^^^^^^^^^^^^^^^^^^^^^^^^^^^^
  File "E:\Xi\mls\.venv\Lib\site-packages\yaml\parser.py", line 98, in check_event
    self.current_event = self.state()
                         ^^^^^^^^^^^^
  File "E:\Xi\mls\.venv\Lib\site-packages\yaml\parser.py", line 449, in parse_block_mapping_value
    if not self.check_token(KeyToken, ValueToken, BlockEndToken):
           ^^^^^^^^^^^^^^^^^^^^^^^^^^^^^^^^^^^^^^^^^^^^^^^^^^^^^
  File "E:\Xi\mls\.venv\Lib\site-packages\yaml\scanner.py", line 116, in check_token
    self.fetch_more_tokens()
  File "E:\Xi\mls\.venv\Lib\site-packages\yaml\scanner.py", line 251, in fetch_more_tokens
    return self.fetch_double()
           ^^^^^^^^^^^^^^^^^^^
  File "E:\Xi\mls\.venv\Lib\site-packages\yaml\scanner.py", line 655, in fetch_double
    self.fetch_flow_scalar(style='"')
  File "E:\Xi\mls\.venv\Lib\site-packages\yaml\scanner.py", line 666, in fetch_flow_scalar
    self.tokens.append(self.scan_flow_scalar(style))
                       ^^^^^^^^^^^^^^^^^^^^^^^^^^^^
  File "E:\Xi\mls\.venv\Lib\site-packages\yaml\scanner.py", line 1149, in scan_flow_scalar
    chunks.extend(self.scan_flow_scalar_non_spaces(double, start_mark))
                  ^^^^^^^^^^^^^^^^^^^^^^^^^^^^^^^^^^^^^^^^^^^^^^^^^^^^
  File "E:\Xi\mls\.venv\Lib\site-packages\yaml\scanner.py", line 1223, in scan_flow_scalar_non_spaces
    raise ScannerError("while scanning a double-quoted scalar", start_mark,
yaml.scanner.ScannerError: while scanning a double-quoted scalar
  in "e:\Xi\mls\config\settings.yaml", line 30, column 16
found unknown escape character 'X'
  in "e:\Xi\mls\config\settings.yaml", line 30, column 20
Traceback (most recent call last):
  File "e:\Xi\mls\server\Flask\flask_server.py", line 246, in <module>
    logger = setup_logging(component="flask")
             ^^^^^^^^^^^^^^^^^^^^^^^^^^^^^^^^
  File "e:\Xi\mls\core\logger.py", line 75, in setup_logging
    config = get_config()
             ^^^^^^^^^^^^
  File "e:\Xi\mls\core\config.py", line 138, in get_config
    _config_instance = Config(config_path)
                       ^^^^^^^^^^^^^^^^^^^
  File "e:\Xi\mls\core\config.py", line 22, in __new__
    cls._instance._load_config(config_path)
  File "e:\Xi\mls\core\config.py", line 38, in _load_config
    self._config = yaml.safe_load(f)
                   ^^^^^^^^^^^^^^^^^
  File "E:\Xi\mls\.venv\Lib\site-packages\yaml\__init__.py", line 125, in safe_load
    return load(stream, SafeLoader)
           ^^^^^^^^^^^^^^^^^^^^^^^^
  File "E:\Xi\mls\.venv\Lib\site-packages\yaml\__init__.py", line 81, in load
    return loader.get_single_data()
           ^^^^^^^^^^^^^^^^^^^^^^^^
  File "E:\Xi\mls\.venv\Lib\site-packages\yaml\constructor.py", line 49, in get_single_data
    node = self.get_single_node()
           ^^^^^^^^^^^^^^^^^^^^^^
  File "E:\Xi\mls\.venv\Lib\site-packages\yaml\composer.py", line 36, in get_single_node
    document = self.compose_document()
               ^^^^^^^^^^^^^^^^^^^^^^^
  File "E:\Xi\mls\.venv\Lib\site-packages\yaml\composer.py", line 55, in compose_document
    node = self.compose_node(None, None)
           ^^^^^^^^^^^^^^^^^^^^^^^^^^^^^
  File "E:\Xi\mls\.venv\Lib\site-packages\yaml\composer.py", line 84, in compose_node
    node = self.compose_mapping_node(anchor)
           ^^^^^^^^^^^^^^^^^^^^^^^^^^^^^^^^^
  File "E:\Xi\mls\.venv\Lib\site-packages\yaml\composer.py", line 133, in compose_mapping_node
    item_value = self.compose_node(node, item_key)
                 ^^^^^^^^^^^^^^^^^^^^^^^^^^^^^^^^^
  File "E:\Xi\mls\.venv\Lib\site-packages\yaml\composer.py", line 84, in compose_node
    node = self.compose_mapping_node(anchor)
           ^^^^^^^^^^^^^^^^^^^^^^^^^^^^^^^^^
  File "E:\Xi\mls\.venv\Lib\site-packages\yaml\composer.py", line 133, in compose_mapping_node
    item_value = self.compose_node(node, item_key)
                 ^^^^^^^^^^^^^^^^^^^^^^^^^^^^^^^^^
  File "E:\Xi\mls\.venv\Lib\site-packages\yaml\composer.py", line 64, in compose_node
    if self.check_event(AliasEvent):
       ^^^^^^^^^^^^^^^^^^^^^^^^^^^^
  File "E:\Xi\mls\.venv\Lib\site-packages\yaml\parser.py", line 98, in check_event
    self.current_event = self.state()
                         ^^^^^^^^^^^^
  File "E:\Xi\mls\.venv\Lib\site-packages\yaml\parser.py", line 449, in parse_block_mapping_value
    if not self.check_token(KeyToken, ValueToken, BlockEndToken):
           ^^^^^^^^^^^^^^^^^^^^^^^^^^^^^^^^^^^^^^^^^^^^^^^^^^^^^
  File "E:\Xi\mls\.venv\Lib\site-packages\yaml\scanner.py", line 116, in check_token
    self.fetch_more_tokens()
  File "E:\Xi\mls\.venv\Lib\site-packages\yaml\scanner.py", line 251, in fetch_more_tokens
    return self.fetch_double()
           ^^^^^^^^^^^^^^^^^^^
  File "E:\Xi\mls\.venv\Lib\site-packages\yaml\scanner.py", line 655, in fetch_double
    self.fetch_flow_scalar(style='"')
  File "E:\Xi\mls\.venv\Lib\site-packages\yaml\scanner.py", line 666, in fetch_flow_scalar
    self.tokens.append(self.scan_flow_scalar(style))
                       ^^^^^^^^^^^^^^^^^^^^^^^^^^^^
  File "E:\Xi\mls\.venv\Lib\site-packages\yaml\scanner.py", line 1149, in scan_flow_scalar
    chunks.extend(self.scan_flow_scalar_non_spaces(double, start_mark))
                  ^^^^^^^^^^^^^^^^^^^^^^^^^^^^^^^^^^^^^^^^^^^^^^^^^^^^
  File "E:\Xi\mls\.venv\Lib\site-packages\yaml\scanner.py", line 1223, in scan_flow_scalar_non_spaces
    raise ScannerError("while scanning a double-quoted scalar", start_mark,
yaml.scanner.ScannerError: while scanning a double-quoted scalar
  in "e:\Xi\mls\config\settings.yaml", line 30, column 16
found unknown escape character 'X'
  in "e:\Xi\mls\config\settings.yaml", line 30, column 20
Traceback (most recent call last):
  File "e:\Xi\mls\server\Flask\flask_server.py", line 246, in <module>
    logger = setup_logging(component="flask")
             ^^^^^^^^^^^^^^^^^^^^^^^^^^^^^^^^
  File "e:\Xi\mls\core\logger.py", line 75, in setup_logging
    config = get_config()
             ^^^^^^^^^^^^
  File "e:\Xi\mls\core\config.py", line 138, in get_config
    _config_instance = Config(config_path)
                       ^^^^^^^^^^^^^^^^^^^
  File "e:\Xi\mls\core\config.py", line 22, in __new__
    cls._instance._load_config(config_path)
  File "e:\Xi\mls\core\config.py", line 38, in _load_config
    self._config = yaml.safe_load(f)
                   ^^^^^^^^^^^^^^^^^
  File "E:\Xi\mls\.venv\Lib\site-packages\yaml\__init__.py", line 125, in safe_load
    return load(stream, SafeLoader)
           ^^^^^^^^^^^^^^^^^^^^^^^^
  File "E:\Xi\mls\.venv\Lib\site-packages\yaml\__init__.py", line 81, in load
    return loader.get_single_data()
           ^^^^^^^^^^^^^^^^^^^^^^^^
  File "E:\Xi\mls\.venv\Lib\site-packages\yaml\constructor.py", line 49, in get_single_data
    node = self.get_single_node()
           ^^^^^^^^^^^^^^^^^^^^^^
  File "E:\Xi\mls\.venv\Lib\site-packages\yaml\composer.py", line 36, in get_single_node
    document = self.compose_document()
               ^^^^^^^^^^^^^^^^^^^^^^^
  File "E:\Xi\mls\.venv\Lib\site-packages\yaml\composer.py", line 55, in compose_document
    node = self.compose_node(None, None)
           ^^^^^^^^^^^^^^^^^^^^^^^^^^^^^
  File "E:\Xi\mls\.venv\Lib\site-packages\yaml\composer.py", line 84, in compose_node
    node = self.compose_mapping_node(anchor)
           ^^^^^^^^^^^^^^^^^^^^^^^^^^^^^^^^^
  File "E:\Xi\mls\.venv\Lib\site-packages\yaml\composer.py", line 133, in compose_mapping_node
    item_value = self.compose_node(node, item_key)
                 ^^^^^^^^^^^^^^^^^^^^^^^^^^^^^^^^^
  File "E:\Xi\mls\.venv\Lib\site-packages\yaml\composer.py", line 84, in compose_node
    node = self.compose_mapping_node(anchor)
           ^^^^^^^^^^^^^^^^^^^^^^^^^^^^^^^^^
  File "E:\Xi\mls\.venv\Lib\site-packages\yaml\composer.py", line 133, in compose_mapping_node
    item_value = self.compose_node(node, item_key)
                 ^^^^^^^^^^^^^^^^^^^^^^^^^^^^^^^^^
  File "E:\Xi\mls\.venv\Lib\site-packages\yaml\composer.py", line 64, in compose_node
    if self.check_event(AliasEvent):
       ^^^^^^^^^^^^^^^^^^^^^^^^^^^^
  File "E:\Xi\mls\.venv\Lib\site-packages\yaml\parser.py", line 98, in check_event
    self.current_event = self.state()
                         ^^^^^^^^^^^^
  File "E:\Xi\mls\.venv\Lib\site-packages\yaml\parser.py", line 449, in parse_block_mapping_value
    if not self.check_token(KeyToken, ValueToken, BlockEndToken):
           ^^^^^^^^^^^^^^^^^^^^^^^^^^^^^^^^^^^^^^^^^^^^^^^^^^^^^
  File "E:\Xi\mls\.venv\Lib\site-packages\yaml\scanner.py", line 116, in check_token
    self.fetch_more_tokens()
  File "E:\Xi\mls\.venv\Lib\site-packages\yaml\scanner.py", line 251, in fetch_more_tokens
    return self.fetch_double()
           ^^^^^^^^^^^^^^^^^^^
  File "E:\Xi\mls\.venv\Lib\site-packages\yaml\scanner.py", line 655, in fetch_double
    self.fetch_flow_scalar(style='"')
  File "E:\Xi\mls\.venv\Lib\site-packages\yaml\scanner.py", line 666, in fetch_flow_scalar
    self.tokens.append(self.scan_flow_scalar(style))
                       ^^^^^^^^^^^^^^^^^^^^^^^^^^^^
  File "E:\Xi\mls\.venv\Lib\site-packages\yaml\scanner.py", line 1149, in scan_flow_scalar
    chunks.extend(self.scan_flow_scalar_non_spaces(double, start_mark))
                  ^^^^^^^^^^^^^^^^^^^^^^^^^^^^^^^^^^^^^^^^^^^^^^^^^^^^
  File "E:\Xi\mls\.venv\Lib\site-packages\yaml\scanner.py", line 1223, in scan_flow_scalar_non_spaces
    raise ScannerError("while scanning a double-quoted scalar", start_mark,
yaml.scanner.ScannerError: while scanning a double-quoted scalar
  in "e:\Xi\mls\config\settings.yaml", line 30, column 16
found unknown escape character 'X'
  in "e:\Xi\mls\config\settings.yaml", line 30, column 20
Traceback (most recent call last):
  File "e:\Xi\mls\server\Flask\flask_server.py", line 246, in <module>
    logger = setup_logging(component="flask")
             ^^^^^^^^^^^^^^^^^^^^^^^^^^^^^^^^
  File "e:\Xi\mls\core\logger.py", line 75, in setup_logging
    config = get_config()
             ^^^^^^^^^^^^
  File "e:\Xi\mls\core\config.py", line 138, in get_config
    _config_instance = Config(config_path)
                       ^^^^^^^^^^^^^^^^^^^
  File "e:\Xi\mls\core\config.py", line 22, in __new__
    cls._instance._load_config(config_path)
  File "e:\Xi\mls\core\config.py", line 38, in _load_config
    self._config = yaml.safe_load(f)
                   ^^^^^^^^^^^^^^^^^
  File "E:\Xi\mls\.venv\Lib\site-packages\yaml\__init__.py", line 125, in safe_load
    return load(stream, SafeLoader)
           ^^^^^^^^^^^^^^^^^^^^^^^^
  File "E:\Xi\mls\.venv\Lib\site-packages\yaml\__init__.py", line 81, in load
    return loader.get_single_data()
           ^^^^^^^^^^^^^^^^^^^^^^^^
  File "E:\Xi\mls\.venv\Lib\site-packages\yaml\constructor.py", line 49, in get_single_data
    node = self.get_single_node()
           ^^^^^^^^^^^^^^^^^^^^^^
  File "E:\Xi\mls\.venv\Lib\site-packages\yaml\composer.py", line 36, in get_single_node
    document = self.compose_document()
               ^^^^^^^^^^^^^^^^^^^^^^^
  File "E:\Xi\mls\.venv\Lib\site-packages\yaml\composer.py", line 55, in compose_document
    node = self.compose_node(None, None)
           ^^^^^^^^^^^^^^^^^^^^^^^^^^^^^
  File "E:\Xi\mls\.venv\Lib\site-packages\yaml\composer.py", line 84, in compose_node
    node = self.compose_mapping_node(anchor)
           ^^^^^^^^^^^^^^^^^^^^^^^^^^^^^^^^^
  File "E:\Xi\mls\.venv\Lib\site-packages\yaml\composer.py", line 133, in compose_mapping_node
    item_value = self.compose_node(node, item_key)
                 ^^^^^^^^^^^^^^^^^^^^^^^^^^^^^^^^^
  File "E:\Xi\mls\.venv\Lib\site-packages\yaml\composer.py", line 84, in compose_node
    node = self.compose_mapping_node(anchor)
           ^^^^^^^^^^^^^^^^^^^^^^^^^^^^^^^^^
  File "E:\Xi\mls\.venv\Lib\site-packages\yaml\composer.py", line 133, in compose_mapping_node
    item_value = self.compose_node(node, item_key)
                 ^^^^^^^^^^^^^^^^^^^^^^^^^^^^^^^^^
  File "E:\Xi\mls\.venv\Lib\site-packages\yaml\composer.py", line 64, in compose_node
    if self.check_event(AliasEvent):
       ^^^^^^^^^^^^^^^^^^^^^^^^^^^^
  File "E:\Xi\mls\.venv\Lib\site-packages\yaml\parser.py", line 98, in check_event
    self.current_event = self.state()
                         ^^^^^^^^^^^^
  File "E:\Xi\mls\.venv\Lib\site-packages\yaml\parser.py", line 449, in parse_block_mapping_value
    if not self.check_token(KeyToken, ValueToken, BlockEndToken):
           ^^^^^^^^^^^^^^^^^^^^^^^^^^^^^^^^^^^^^^^^^^^^^^^^^^^^^
  File "E:\Xi\mls\.venv\Lib\site-packages\yaml\scanner.py", line 116, in check_token
    self.fetch_more_tokens()
  File "E:\Xi\mls\.venv\Lib\site-packages\yaml\scanner.py", line 251, in fetch_more_tokens
    return self.fetch_double()
           ^^^^^^^^^^^^^^^^^^^
  File "E:\Xi\mls\.venv\Lib\site-packages\yaml\scanner.py", line 655, in fetch_double
    self.fetch_flow_scalar(style='"')
  File "E:\Xi\mls\.venv\Lib\site-packages\yaml\scanner.py", line 666, in fetch_flow_scalar
    self.tokens.append(self.scan_flow_scalar(style))
                       ^^^^^^^^^^^^^^^^^^^^^^^^^^^^
  File "E:\Xi\mls\.venv\Lib\site-packages\yaml\scanner.py", line 1149, in scan_flow_scalar
    chunks.extend(self.scan_flow_scalar_non_spaces(double, start_mark))
                  ^^^^^^^^^^^^^^^^^^^^^^^^^^^^^^^^^^^^^^^^^^^^^^^^^^^^
  File "E:\Xi\mls\.venv\Lib\site-packages\yaml\scanner.py", line 1223, in scan_flow_scalar_non_spaces
    raise ScannerError("while scanning a double-quoted scalar", start_mark,
yaml.scanner.ScannerError: while scanning a double-quoted scalar
  in "e:\Xi\mls\config\settings.yaml", line 30, column 16
found unknown escape character 'X'
  in "e:\Xi\mls\config\settings.yaml", line 30, column 20
Traceback (most recent call last):
  File "e:\Xi\mls\server\Flask\flask_server.py", line 246, in <module>
    logger = setup_logging(component="flask")
             ^^^^^^^^^^^^^^^^^^^^^^^^^^^^^^^^
  File "e:\Xi\mls\core\logger.py", line 75, in setup_logging
    config = get_config()
             ^^^^^^^^^^^^
  File "e:\Xi\mls\core\config.py", line 138, in get_config
    _config_instance = Config(config_path)
                       ^^^^^^^^^^^^^^^^^^^
  File "e:\Xi\mls\core\config.py", line 22, in __new__
    cls._instance._load_config(config_path)
  File "e:\Xi\mls\core\config.py", line 38, in _load_config
    self._config = yaml.safe_load(f)
                   ^^^^^^^^^^^^^^^^^
  File "E:\Xi\mls\.venv\Lib\site-packages\yaml\__init__.py", line 125, in safe_load
    return load(stream, SafeLoader)
           ^^^^^^^^^^^^^^^^^^^^^^^^
  File "E:\Xi\mls\.venv\Lib\site-packages\yaml\__init__.py", line 81, in load
    return loader.get_single_data()
           ^^^^^^^^^^^^^^^^^^^^^^^^
  File "E:\Xi\mls\.venv\Lib\site-packages\yaml\constructor.py", line 49, in get_single_data
    node = self.get_single_node()
           ^^^^^^^^^^^^^^^^^^^^^^
  File "E:\Xi\mls\.venv\Lib\site-packages\yaml\composer.py", line 36, in get_single_node
    document = self.compose_document()
               ^^^^^^^^^^^^^^^^^^^^^^^
  File "E:\Xi\mls\.venv\Lib\site-packages\yaml\composer.py", line 55, in compose_document
    node = self.compose_node(None, None)
           ^^^^^^^^^^^^^^^^^^^^^^^^^^^^^
  File "E:\Xi\mls\.venv\Lib\site-packages\yaml\composer.py", line 84, in compose_node
    node = self.compose_mapping_node(anchor)
           ^^^^^^^^^^^^^^^^^^^^^^^^^^^^^^^^^
  File "E:\Xi\mls\.venv\Lib\site-packages\yaml\composer.py", line 133, in compose_mapping_node
    item_value = self.compose_node(node, item_key)
                 ^^^^^^^^^^^^^^^^^^^^^^^^^^^^^^^^^
  File "E:\Xi\mls\.venv\Lib\site-packages\yaml\composer.py", line 84, in compose_node
    node = self.compose_mapping_node(anchor)
           ^^^^^^^^^^^^^^^^^^^^^^^^^^^^^^^^^
  File "E:\Xi\mls\.venv\Lib\site-packages\yaml\composer.py", line 133, in compose_mapping_node
    item_value = self.compose_node(node, item_key)
                 ^^^^^^^^^^^^^^^^^^^^^^^^^^^^^^^^^
  File "E:\Xi\mls\.venv\Lib\site-packages\yaml\composer.py", line 64, in compose_node
    if self.check_event(AliasEvent):
       ^^^^^^^^^^^^^^^^^^^^^^^^^^^^
  File "E:\Xi\mls\.venv\Lib\site-packages\yaml\parser.py", line 98, in check_event
    self.current_event = self.state()
                         ^^^^^^^^^^^^
  File "E:\Xi\mls\.venv\Lib\site-packages\yaml\parser.py", line 449, in parse_block_mapping_value
    if not self.check_token(KeyToken, ValueToken, BlockEndToken):
           ^^^^^^^^^^^^^^^^^^^^^^^^^^^^^^^^^^^^^^^^^^^^^^^^^^^^^
  File "E:\Xi\mls\.venv\Lib\site-packages\yaml\scanner.py", line 116, in check_token
    self.fetch_more_tokens()
  File "E:\Xi\mls\.venv\Lib\site-packages\yaml\scanner.py", line 251, in fetch_more_tokens
    return self.fetch_double()
           ^^^^^^^^^^^^^^^^^^^
  File "E:\Xi\mls\.venv\Lib\site-packages\yaml\scanner.py", line 655, in fetch_double
    self.fetch_flow_scalar(style='"')
  File "E:\Xi\mls\.venv\Lib\site-packages\yaml\scanner.py", line 666, in fetch_flow_scalar
    self.tokens.append(self.scan_flow_scalar(style))
                       ^^^^^^^^^^^^^^^^^^^^^^^^^^^^
  File "E:\Xi\mls\.venv\Lib\site-packages\yaml\scanner.py", line 1149, in scan_flow_scalar
    chunks.extend(self.scan_flow_scalar_non_spaces(double, start_mark))
                  ^^^^^^^^^^^^^^^^^^^^^^^^^^^^^^^^^^^^^^^^^^^^^^^^^^^^
  File "E:\Xi\mls\.venv\Lib\site-packages\yaml\scanner.py", line 1223, in scan_flow_scalar_non_spaces
    raise ScannerError("while scanning a double-quoted scalar", start_mark,
yaml.scanner.ScannerError: while scanning a double-quoted scalar
  in "e:\Xi\mls\config\settings.yaml", line 30, column 16
found unknown escape character 'X'
  in "e:\Xi\mls\config\settings.yaml", line 30, column 20
Traceback (most recent call last):
  File "e:\Xi\mls\server\Flask\flask_server.py", line 246, in <module>
    logger = setup_logging(component="flask")
             ^^^^^^^^^^^^^^^^^^^^^^^^^^^^^^^^
  File "e:\Xi\mls\core\logger.py", line 75, in setup_logging
    config = get_config()
             ^^^^^^^^^^^^
  File "e:\Xi\mls\core\config.py", line 138, in get_config
    _config_instance = Config(config_path)
                       ^^^^^^^^^^^^^^^^^^^
  File "e:\Xi\mls\core\config.py", line 22, in __new__
    cls._instance._load_config(config_path)
  File "e:\Xi\mls\core\config.py", line 38, in _load_config
    self._config = yaml.safe_load(f)
                   ^^^^^^^^^^^^^^^^^
  File "E:\Xi\mls\.venv\Lib\site-packages\yaml\__init__.py", line 125, in safe_load
    return load(stream, SafeLoader)
           ^^^^^^^^^^^^^^^^^^^^^^^^
  File "E:\Xi\mls\.venv\Lib\site-packages\yaml\__init__.py", line 81, in load
    return loader.get_single_data()
           ^^^^^^^^^^^^^^^^^^^^^^^^
  File "E:\Xi\mls\.venv\Lib\site-packages\yaml\constructor.py", line 49, in get_single_data
    node = self.get_single_node()
           ^^^^^^^^^^^^^^^^^^^^^^
  File "E:\Xi\mls\.venv\Lib\site-packages\yaml\composer.py", line 36, in get_single_node
    document = self.compose_document()
               ^^^^^^^^^^^^^^^^^^^^^^^
  File "E:\Xi\mls\.venv\Lib\site-packages\yaml\composer.py", line 55, in compose_document
    node = self.compose_node(None, None)
           ^^^^^^^^^^^^^^^^^^^^^^^^^^^^^
  File "E:\Xi\mls\.venv\Lib\site-packages\yaml\composer.py", line 84, in compose_node
    node = self.compose_mapping_node(anchor)
           ^^^^^^^^^^^^^^^^^^^^^^^^^^^^^^^^^
  File "E:\Xi\mls\.venv\Lib\site-packages\yaml\composer.py", line 133, in compose_mapping_node
    item_value = self.compose_node(node, item_key)
                 ^^^^^^^^^^^^^^^^^^^^^^^^^^^^^^^^^
  File "E:\Xi\mls\.venv\Lib\site-packages\yaml\composer.py", line 84, in compose_node
    node = self.compose_mapping_node(anchor)
           ^^^^^^^^^^^^^^^^^^^^^^^^^^^^^^^^^
  File "E:\Xi\mls\.venv\Lib\site-packages\yaml\composer.py", line 133, in compose_mapping_node
    item_value = self.compose_node(node, item_key)
                 ^^^^^^^^^^^^^^^^^^^^^^^^^^^^^^^^^
  File "E:\Xi\mls\.venv\Lib\site-packages\yaml\composer.py", line 64, in compose_node
    if self.check_event(AliasEvent):
       ^^^^^^^^^^^^^^^^^^^^^^^^^^^^
  File "E:\Xi\mls\.venv\Lib\site-packages\yaml\parser.py", line 98, in check_event
    self.current_event = self.state()
                         ^^^^^^^^^^^^
  File "E:\Xi\mls\.venv\Lib\site-packages\yaml\parser.py", line 449, in parse_block_mapping_value
    if not self.check_token(KeyToken, ValueToken, BlockEndToken):
           ^^^^^^^^^^^^^^^^^^^^^^^^^^^^^^^^^^^^^^^^^^^^^^^^^^^^^
  File "E:\Xi\mls\.venv\Lib\site-packages\yaml\scanner.py", line 116, in check_token
    self.fetch_more_tokens()
  File "E:\Xi\mls\.venv\Lib\site-packages\yaml\scanner.py", line 251, in fetch_more_tokens
    return self.fetch_double()
           ^^^^^^^^^^^^^^^^^^^
  File "E:\Xi\mls\.venv\Lib\site-packages\yaml\scanner.py", line 655, in fetch_double
    self.fetch_flow_scalar(style='"')
  File "E:\Xi\mls\.venv\Lib\site-packages\yaml\scanner.py", line 666, in fetch_flow_scalar
    self.tokens.append(self.scan_flow_scalar(style))
                       ^^^^^^^^^^^^^^^^^^^^^^^^^^^^
  File "E:\Xi\mls\.venv\Lib\site-packages\yaml\scanner.py", line 1149, in scan_flow_scalar
    chunks.extend(self.scan_flow_scalar_non_spaces(double, start_mark))
                  ^^^^^^^^^^^^^^^^^^^^^^^^^^^^^^^^^^^^^^^^^^^^^^^^^^^^
  File "E:\Xi\mls\.venv\Lib\site-packages\yaml\scanner.py", line 1223, in scan_flow_scalar_non_spaces
    raise ScannerError("while scanning a double-quoted scalar", start_mark,
yaml.scanner.ScannerError: while scanning a double-quoted scalar
  in "e:\Xi\mls\config\settings.yaml", line 30, column 16
found unknown escape character 'X'
  in "e:\Xi\mls\config\settings.yaml", line 30, column 20
Traceback (most recent call last):
  File "e:\Xi\mls\server\Flask\flask_server.py", line 246, in <module>
    logger = setup_logging(component="flask")
             ^^^^^^^^^^^^^^^^^^^^^^^^^^^^^^^^
  File "e:\Xi\mls\core\logger.py", line 75, in setup_logging
    config = get_config()
             ^^^^^^^^^^^^
  File "e:\Xi\mls\core\config.py", line 138, in get_config
    _config_instance = Config(config_path)
                       ^^^^^^^^^^^^^^^^^^^
  File "e:\Xi\mls\core\config.py", line 22, in __new__
    cls._instance._load_config(config_path)
  File "e:\Xi\mls\core\config.py", line 38, in _load_config
    self._config = yaml.safe_load(f)
                   ^^^^^^^^^^^^^^^^^
  File "E:\Xi\mls\.venv\Lib\site-packages\yaml\__init__.py", line 125, in safe_load
    return load(stream, SafeLoader)
           ^^^^^^^^^^^^^^^^^^^^^^^^
  File "E:\Xi\mls\.venv\Lib\site-packages\yaml\__init__.py", line 81, in load
    return loader.get_single_data()
           ^^^^^^^^^^^^^^^^^^^^^^^^
  File "E:\Xi\mls\.venv\Lib\site-packages\yaml\constructor.py", line 49, in get_single_data
    node = self.get_single_node()
           ^^^^^^^^^^^^^^^^^^^^^^
  File "E:\Xi\mls\.venv\Lib\site-packages\yaml\composer.py", line 36, in get_single_node
    document = self.compose_document()
               ^^^^^^^^^^^^^^^^^^^^^^^
  File "E:\Xi\mls\.venv\Lib\site-packages\yaml\composer.py", line 55, in compose_document
    node = self.compose_node(None, None)
           ^^^^^^^^^^^^^^^^^^^^^^^^^^^^^
  File "E:\Xi\mls\.venv\Lib\site-packages\yaml\composer.py", line 84, in compose_node
    node = self.compose_mapping_node(anchor)
           ^^^^^^^^^^^^^^^^^^^^^^^^^^^^^^^^^
  File "E:\Xi\mls\.venv\Lib\site-packages\yaml\composer.py", line 133, in compose_mapping_node
    item_value = self.compose_node(node, item_key)
                 ^^^^^^^^^^^^^^^^^^^^^^^^^^^^^^^^^
  File "E:\Xi\mls\.venv\Lib\site-packages\yaml\composer.py", line 84, in compose_node
    node = self.compose_mapping_node(anchor)
           ^^^^^^^^^^^^^^^^^^^^^^^^^^^^^^^^^
  File "E:\Xi\mls\.venv\Lib\site-packages\yaml\composer.py", line 133, in compose_mapping_node
    item_value = self.compose_node(node, item_key)
                 ^^^^^^^^^^^^^^^^^^^^^^^^^^^^^^^^^
  File "E:\Xi\mls\.venv\Lib\site-packages\yaml\composer.py", line 64, in compose_node
    if self.check_event(AliasEvent):
       ^^^^^^^^^^^^^^^^^^^^^^^^^^^^
  File "E:\Xi\mls\.venv\Lib\site-packages\yaml\parser.py", line 98, in check_event
    self.current_event = self.state()
                         ^^^^^^^^^^^^
  File "E:\Xi\mls\.venv\Lib\site-packages\yaml\parser.py", line 449, in parse_block_mapping_value
    if not self.check_token(KeyToken, ValueToken, BlockEndToken):
           ^^^^^^^^^^^^^^^^^^^^^^^^^^^^^^^^^^^^^^^^^^^^^^^^^^^^^
  File "E:\Xi\mls\.venv\Lib\site-packages\yaml\scanner.py", line 116, in check_token
    self.fetch_more_tokens()
  File "E:\Xi\mls\.venv\Lib\site-packages\yaml\scanner.py", line 251, in fetch_more_tokens
    return self.fetch_double()
           ^^^^^^^^^^^^^^^^^^^
  File "E:\Xi\mls\.venv\Lib\site-packages\yaml\scanner.py", line 655, in fetch_double
    self.fetch_flow_scalar(style='"')
  File "E:\Xi\mls\.venv\Lib\site-packages\yaml\scanner.py", line 666, in fetch_flow_scalar
    self.tokens.append(self.scan_flow_scalar(style))
                       ^^^^^^^^^^^^^^^^^^^^^^^^^^^^
  File "E:\Xi\mls\.venv\Lib\site-packages\yaml\scanner.py", line 1149, in scan_flow_scalar
    chunks.extend(self.scan_flow_scalar_non_spaces(double, start_mark))
                  ^^^^^^^^^^^^^^^^^^^^^^^^^^^^^^^^^^^^^^^^^^^^^^^^^^^^
  File "E:\Xi\mls\.venv\Lib\site-packages\yaml\scanner.py", line 1223, in scan_flow_scalar_non_spaces
    raise ScannerError("while scanning a double-quoted scalar", start_mark,
yaml.scanner.ScannerError: while scanning a double-quoted scalar
  in "e:\Xi\mls\config\settings.yaml", line 30, column 16
found unknown escape character 'X'
  in "e:\Xi\mls\config\settings.yaml", line 30, column 20
Traceback (most recent call last):
  File "e:\Xi\mls\server\Flask\flask_server.py", line 246, in <module>
    logger = setup_logging(component="flask")
             ^^^^^^^^^^^^^^^^^^^^^^^^^^^^^^^^
  File "e:\Xi\mls\core\logger.py", line 75, in setup_logging
    config = get_config()
             ^^^^^^^^^^^^
  File "e:\Xi\mls\core\config.py", line 138, in get_config
    _config_instance = Config(config_path)
                       ^^^^^^^^^^^^^^^^^^^
  File "e:\Xi\mls\core\config.py", line 22, in __new__
    cls._instance._load_config(config_path)
  File "e:\Xi\mls\core\config.py", line 38, in _load_config
    self._config = yaml.safe_load(f)
                   ^^^^^^^^^^^^^^^^^
  File "E:\Xi\mls\.venv\Lib\site-packages\yaml\__init__.py", line 125, in safe_load
    return load(stream, SafeLoader)
           ^^^^^^^^^^^^^^^^^^^^^^^^
  File "E:\Xi\mls\.venv\Lib\site-packages\yaml\__init__.py", line 81, in load
    return loader.get_single_data()
           ^^^^^^^^^^^^^^^^^^^^^^^^
  File "E:\Xi\mls\.venv\Lib\site-packages\yaml\constructor.py", line 49, in get_single_data
    node = self.get_single_node()
           ^^^^^^^^^^^^^^^^^^^^^^
  File "E:\Xi\mls\.venv\Lib\site-packages\yaml\composer.py", line 36, in get_single_node
    document = self.compose_document()
               ^^^^^^^^^^^^^^^^^^^^^^^
  File "E:\Xi\mls\.venv\Lib\site-packages\yaml\composer.py", line 55, in compose_document
    node = self.compose_node(None, None)
           ^^^^^^^^^^^^^^^^^^^^^^^^^^^^^
  File "E:\Xi\mls\.venv\Lib\site-packages\yaml\composer.py", line 84, in compose_node
    node = self.compose_mapping_node(anchor)
           ^^^^^^^^^^^^^^^^^^^^^^^^^^^^^^^^^
  File "E:\Xi\mls\.venv\Lib\site-packages\yaml\composer.py", line 133, in compose_mapping_node
    item_value = self.compose_node(node, item_key)
                 ^^^^^^^^^^^^^^^^^^^^^^^^^^^^^^^^^
  File "E:\Xi\mls\.venv\Lib\site-packages\yaml\composer.py", line 84, in compose_node
    node = self.compose_mapping_node(anchor)
           ^^^^^^^^^^^^^^^^^^^^^^^^^^^^^^^^^
  File "E:\Xi\mls\.venv\Lib\site-packages\yaml\composer.py", line 133, in compose_mapping_node
    item_value = self.compose_node(node, item_key)
                 ^^^^^^^^^^^^^^^^^^^^^^^^^^^^^^^^^
  File "E:\Xi\mls\.venv\Lib\site-packages\yaml\composer.py", line 64, in compose_node
    if self.check_event(AliasEvent):
       ^^^^^^^^^^^^^^^^^^^^^^^^^^^^
  File "E:\Xi\mls\.venv\Lib\site-packages\yaml\parser.py", line 98, in check_event
    self.current_event = self.state()
                         ^^^^^^^^^^^^
  File "E:\Xi\mls\.venv\Lib\site-packages\yaml\parser.py", line 449, in parse_block_mapping_value
    if not self.check_token(KeyToken, ValueToken, BlockEndToken):
           ^^^^^^^^^^^^^^^^^^^^^^^^^^^^^^^^^^^^^^^^^^^^^^^^^^^^^
  File "E:\Xi\mls\.venv\Lib\site-packages\yaml\scanner.py", line 116, in check_token
    self.fetch_more_tokens()
  File "E:\Xi\mls\.venv\Lib\site-packages\yaml\scanner.py", line 251, in fetch_more_tokens
    return self.fetch_double()
           ^^^^^^^^^^^^^^^^^^^
  File "E:\Xi\mls\.venv\Lib\site-packages\yaml\scanner.py", line 655, in fetch_double
    self.fetch_flow_scalar(style='"')
  File "E:\Xi\mls\.venv\Lib\site-packages\yaml\scanner.py", line 666, in fetch_flow_scalar
    self.tokens.append(self.scan_flow_scalar(style))
                       ^^^^^^^^^^^^^^^^^^^^^^^^^^^^
  File "E:\Xi\mls\.venv\Lib\site-packages\yaml\scanner.py", line 1149, in scan_flow_scalar
    chunks.extend(self.scan_flow_scalar_non_spaces(double, start_mark))
                  ^^^^^^^^^^^^^^^^^^^^^^^^^^^^^^^^^^^^^^^^^^^^^^^^^^^^
  File "E:\Xi\mls\.venv\Lib\site-packages\yaml\scanner.py", line 1223, in scan_flow_scalar_non_spaces
    raise ScannerError("while scanning a double-quoted scalar", start_mark,
yaml.scanner.ScannerError: while scanning a double-quoted scalar
  in "e:\Xi\mls\config\settings.yaml", line 30, column 16
found unknown escape character 'X'
  in "e:\Xi\mls\config\settings.yaml", line 30, column 20
