2026-01-30 13:15:47,523 | INFO     | Launcher        | ============================================================
2026-01-30 13:15:47,524 | INFO     | Launcher        | Starting all services...
2026-01-30 13:15:47,524 | INFO     | Launcher        | ============================================================
2026-01-30 13:15:47,524 | INFO     | Launcher        | [Camera] Starting: C:\Users\Dougl\AppData\Local\Programs\Python\Python313\python.exe d:\MLS\server\cam\camera_server.py
2026-01-30 13:15:47,531 | INFO     | Launcher        | [Camera] Started with PID 48876
2026-01-30 13:15:48,532 | INFO     | Launcher        | [Manager] Starting: C:\Users\Dougl\AppData\Local\Programs\Python\Python313\python.exe d:\MLS\server\communications\manager.py
2026-01-30 13:15:48,544 | INFO     | Launcher        | [Manager] Started with PID 17076
2026-01-30 13:15:49,544 | INFO     | Launcher        | [Flask] Starting: C:\Users\Dougl\AppData\Local\Programs\Python\Python313\python.exe d:\MLS\server\Flask\flask_server.py
2026-01-30 13:15:49,550 | INFO     | Launcher        | [Flask] Started with PID 46296
2026-01-30 13:15:50,551 | INFO     | Launcher        | ============================================================
2026-01-30 13:15:50,551 | INFO     | Launcher        | All services started!
2026-01-30 13:15:50,551 | INFO     | Launcher        | ============================================================
2026-01-30 13:15:50,552 | WARNING  | Launcher        | [camera] Health check failed, restarting...
2026-01-30 13:15:51,053 | INFO     | Launcher        | [Camera] Starting: C:\Users\Dougl\AppData\Local\Programs\Python\Python313\python.exe d:\MLS\server\cam\camera_server.py
2026-01-30 13:15:51,056 | INFO     | Launcher        | [Camera] Started with PID 48672
2026-01-30 13:15:51,056 | WARNING  | Launcher        | [manager] Health check failed, restarting...
2026-01-30 13:15:51,557 | INFO     | Launcher        | [Manager] Starting: C:\Users\Dougl\AppData\Local\Programs\Python\Python313\python.exe d:\MLS\server\communications\manager.py
2026-01-30 13:15:51,560 | INFO     | Launcher        | [Manager] Started with PID 47516
2026-01-30 13:15:51,560 | WARNING  | Launcher        | [flask] Health check failed, restarting...
2026-01-30 13:15:52,061 | INFO     | Launcher        | [Flask] Starting: C:\Users\Dougl\AppData\Local\Programs\Python\Python313\python.exe d:\MLS\server\Flask\flask_server.py
2026-01-30 13:15:52,064 | INFO     | Launcher        | [Flask] Started with PID 40272
2026-01-30 13:15:57,065 | WARNING  | Launcher        | [camera] Health check failed, restarting...
2026-01-30 13:15:57,566 | INFO     | Launcher        | [Camera] Starting: C:\Users\Dougl\AppData\Local\Programs\Python\Python313\python.exe d:\MLS\server\cam\camera_server.py
2026-01-30 13:15:57,569 | INFO     | Launcher        | [Camera] Started with PID 40936
2026-01-30 13:15:57,570 | WARNING  | Launcher        | [manager] Health check failed, restarting...
2026-01-30 13:15:58,070 | INFO     | Launcher        | [Manager] Starting: C:\Users\Dougl\AppData\Local\Programs\Python\Python313\python.exe d:\MLS\server\communications\manager.py
2026-01-30 13:15:58,074 | INFO     | Launcher        | [Manager] Started with PID 46892
2026-01-30 13:15:58,074 | WARNING  | Launcher        | [flask] Health check failed, restarting...
2026-01-30 13:15:58,574 | INFO     | Launcher        | [Flask] Starting: C:\Users\Dougl\AppData\Local\Programs\Python\Python313\python.exe d:\MLS\server\Flask\flask_server.py
2026-01-30 13:15:58,578 | INFO     | Launcher        | [Flask] Started with PID 46360
2026-01-30 13:16:03,578 | WARNING  | Launcher        | [camera] Health check failed, restarting...
2026-01-30 13:16:04,079 | INFO     | Launcher        | [Camera] Starting: C:\Users\Dougl\AppData\Local\Programs\Python\Python313\python.exe d:\MLS\server\cam\camera_server.py
2026-01-30 13:16:04,082 | INFO     | Launcher        | [Camera] Started with PID 41896
2026-01-30 13:16:04,082 | WARNING  | Launcher        | [manager] Health check failed, restarting...
2026-01-30 13:16:04,583 | INFO     | Launcher        | [Manager] Starting: C:\Users\Dougl\AppData\Local\Programs\Python\Python313\python.exe d:\MLS\server\communications\manager.py
2026-01-30 13:16:04,587 | INFO     | Launcher        | [Manager] Started with PID 6564
2026-01-30 13:16:04,587 | WARNING  | Launcher        | [flask] Health check failed, restarting...
2026-01-30 13:16:05,088 | INFO     | Launcher        | [Flask] Starting: C:\Users\Dougl\AppData\Local\Programs\Python\Python313\python.exe d:\MLS\server\Flask\flask_server.py
2026-01-30 13:16:05,091 | INFO     | Launcher        | [Flask] Started with PID 43668
2026-01-30 13:16:10,091 | WARNING  | Launcher        | [camera] Health check failed, restarting...
2026-01-30 13:16:10,171 | INFO     | Launcher        | ============================================================
2026-01-30 13:16:10,171 | INFO     | Launcher        | Stopping all services...
2026-01-30 13:16:10,171 | INFO     | Launcher        | ============================================================
2026-01-30 13:16:10,171 | INFO     | Launcher        | All services stopped
2026-01-31 00:12:22,966 | INFO     | Launcher        | ============================================================
2026-01-31 00:12:22,967 | INFO     | Launcher        | Starting all services...
2026-01-31 00:12:22,967 | INFO     | Launcher        | ============================================================
2026-01-31 00:12:22,968 | INFO     | Launcher        | [Camera] Starting: C:\Users\Dougl\AppData\Local\Programs\Python\Python313\python.exe d:\MLS\server\cam\camera_server.py
2026-01-31 00:12:22,978 | INFO     | Launcher        | [Camera] Started with PID 33324
2026-01-31 00:12:23,979 | INFO     | Launcher        | [Manager] Starting: C:\Users\Dougl\AppData\Local\Programs\Python\Python313\python.exe d:\MLS\server\communications\manager.py
2026-01-31 00:12:23,987 | INFO     | Launcher        | [Manager] Started with PID 32428
2026-01-31 00:12:24,988 | INFO     | Launcher        | [Flask] Starting: C:\Users\Dougl\AppData\Local\Programs\Python\Python313\python.exe d:\MLS\server\Flask\flask_server.py
2026-01-31 00:12:24,998 | INFO     | Launcher        | [Flask] Started with PID 10756
2026-01-31 00:12:25,999 | INFO     | Launcher        | ============================================================
2026-01-31 00:12:26,000 | INFO     | Launcher        | All services started!
2026-01-31 00:12:26,000 | INFO     | Launcher        | ============================================================
2026-01-31 00:12:26,002 | WARNING  | Launcher        | [camera] Health check failed, restarting...
2026-01-31 00:12:26,504 | INFO     | Launcher        | [Camera] Starting: C:\Users\Dougl\AppData\Local\Programs\Python\Python313\python.exe d:\MLS\server\cam\camera_server.py
2026-01-31 00:12:26,511 | INFO     | Launcher        | [Camera] Started with PID 9344
2026-01-31 00:12:26,512 | WARNING  | Launcher        | [manager] Health check failed, restarting...
2026-01-31 00:12:27,013 | INFO     | Launcher        | [Manager] Starting: C:\Users\Dougl\AppData\Local\Programs\Python\Python313\python.exe d:\MLS\server\communications\manager.py
2026-01-31 00:12:27,018 | INFO     | Launcher        | [Manager] Started with PID 19868
2026-01-31 00:12:32,030 | WARNING  | Launcher        | [camera] Health check failed, restarting...
2026-01-31 00:12:32,532 | INFO     | Launcher        | [Camera] Starting: C:\Users\Dougl\AppData\Local\Programs\Python\Python313\python.exe d:\MLS\server\cam\camera_server.py
2026-01-31 00:12:32,538 | INFO     | Launcher        | [Camera] Started with PID 2768
2026-01-31 00:12:32,538 | WARNING  | Launcher        | [manager] Health check failed, restarting...
2026-01-31 00:12:33,039 | INFO     | Launcher        | [Manager] Starting: C:\Users\Dougl\AppData\Local\Programs\Python\Python313\python.exe d:\MLS\server\communications\manager.py
2026-01-31 00:12:33,045 | INFO     | Launcher        | [Manager] Started with PID 36012
2026-01-31 00:12:38,046 | WARNING  | Launcher        | [camera] Health check failed, restarting...
2026-01-31 00:12:38,547 | INFO     | Launcher        | [Camera] Starting: C:\Users\Dougl\AppData\Local\Programs\Python\Python313\python.exe d:\MLS\server\cam\camera_server.py
2026-01-31 00:12:38,552 | INFO     | Launcher        | [Camera] Started with PID 9728
2026-01-31 00:12:38,552 | WARNING  | Launcher        | [manager] Health check failed, restarting...
2026-01-31 00:12:39,053 | INFO     | Launcher        | [Manager] Starting: C:\Users\Dougl\AppData\Local\Programs\Python\Python313\python.exe d:\MLS\server\communications\manager.py
2026-01-31 00:12:39,058 | INFO     | Launcher        | [Manager] Started with PID 25260
2026-01-31 00:12:44,060 | WARNING  | Launcher        | [camera] Health check failed, restarting...
2026-01-31 00:12:44,560 | INFO     | Launcher        | [Camera] Starting: C:\Users\Dougl\AppData\Local\Programs\Python\Python313\python.exe d:\MLS\server\cam\camera_server.py
2026-01-31 00:12:44,565 | INFO     | Launcher        | [Camera] Started with PID 30728
2026-01-31 00:12:44,566 | WARNING  | Launcher        | [manager] Health check failed, restarting...
2026-01-31 00:12:45,067 | INFO     | Launcher        | [Manager] Starting: C:\Users\Dougl\AppData\Local\Programs\Python\Python313\python.exe d:\MLS\server\communications\manager.py
2026-01-31 00:12:45,071 | INFO     | Launcher        | [Manager] Started with PID 36516
2026-01-31 00:12:48,269 | INFO     | Launcher        | ============================================================
2026-01-31 00:12:48,269 | INFO     | Launcher        | Stopping all services...
2026-01-31 00:12:48,269 | INFO     | Launcher        | ============================================================
2026-01-31 00:12:48,270 | INFO     | Launcher        | [Flask] Stopping (PID: 10756)...
2026-01-31 00:12:48,286 | INFO     | Launcher        | [Flask] Stopped gracefully
2026-01-31 00:12:48,287 | INFO     | Launcher        | All services stopped
2026-01-31 00:19:55,047 | INFO     | Launcher        | ============================================================
2026-01-31 00:19:55,047 | INFO     | Launcher        | Starting all services...
2026-01-31 00:19:55,048 | INFO     | Launcher        | ============================================================
2026-01-31 00:19:55,048 | INFO     | Launcher        | [Camera] Starting: C:\Users\Dougl\AppData\Local\Programs\Python\Python312\python.exe D:\MLS\server\cam\camera_server.py
2026-01-31 00:19:55,058 | INFO     | Launcher        | [Camera] Started with PID 39384
2026-01-31 00:19:55,058 | INFO     | Launcher        | Waiting 2.0s for camera to initialize...
2026-01-31 00:19:57,059 | INFO     | Launcher        | [Manager] Starting: C:\Users\Dougl\AppData\Local\Programs\Python\Python312\python.exe D:\MLS\server\communications\manager.py
2026-01-31 00:19:57,068 | INFO     | Launcher        | [Manager] Started with PID 1824
2026-01-31 00:19:57,068 | INFO     | Launcher        | Waiting 2.0s for manager to initialize...
2026-01-31 00:19:59,069 | INFO     | Launcher        | [Flask] Starting: C:\Users\Dougl\AppData\Local\Programs\Python\Python312\python.exe D:\MLS\server\Flask\flask_server.py
2026-01-31 00:19:59,078 | INFO     | Launcher        | [Flask] Started with PID 39552
2026-01-31 00:19:59,078 | INFO     | Launcher        | Waiting 2.0s for flask to initialize...
2026-01-31 00:20:01,080 | INFO     | Launcher        | ============================================================
2026-01-31 00:20:01,080 | INFO     | Launcher        | All services started!
2026-01-31 00:20:01,080 | INFO     | Launcher        | ============================================================
2026-01-31 00:20:01,081 | INFO     | Launcher        | Health monitoring starts in 10s...
2026-01-31 00:20:11,083 | WARNING  | Launcher        | [camera] Health check failed, restarting...
2026-01-31 00:20:11,583 | INFO     | Launcher        | [Camera] Starting: C:\Users\Dougl\AppData\Local\Programs\Python\Python312\python.exe D:\MLS\server\cam\camera_server.py
2026-01-31 00:20:11,589 | INFO     | Launcher        | [Camera] Started with PID 30968
2026-01-31 00:20:23,609 | WARNING  | Launcher        | [camera] Health check failed, restarting...
2026-01-31 00:20:23,610 | INFO     | Launcher        | [Camera] Stopping (PID: 30968)...
2026-01-31 00:20:23,614 | INFO     | Launcher        | [Camera] Stopped gracefully
2026-01-31 00:20:24,114 | INFO     | Launcher        | [Camera] Starting: C:\Users\Dougl\AppData\Local\Programs\Python\Python312\python.exe D:\MLS\server\cam\camera_server.py
2026-01-31 00:20:24,118 | INFO     | Launcher        | [Camera] Started with PID 15480
2026-01-31 00:20:36,127 | WARNING  | Launcher        | [camera] Health check failed, restarting...
2026-01-31 00:20:36,127 | INFO     | Launcher        | [Camera] Stopping (PID: 15480)...
2026-01-31 00:20:36,132 | INFO     | Launcher        | [Camera] Stopped gracefully
2026-01-31 00:20:36,633 | INFO     | Launcher        | [Camera] Starting: C:\Users\Dougl\AppData\Local\Programs\Python\Python312\python.exe D:\MLS\server\cam\camera_server.py
2026-01-31 00:20:36,639 | INFO     | Launcher        | [Camera] Started with PID 38192
2026-01-31 00:21:17,549 | INFO     | Launcher        | ============================================================
2026-01-31 00:21:17,549 | INFO     | Launcher        | Starting all services...
2026-01-31 00:21:17,549 | INFO     | Launcher        | ============================================================
2026-01-31 00:21:17,549 | INFO     | Launcher        | [Camera] Starting: C:\Users\Dougl\AppData\Local\Programs\Python\Python312\python.exe D:\MLS\server\cam\camera_server.py
2026-01-31 00:21:17,559 | INFO     | Launcher        | [Camera] Started with PID 14872
2026-01-31 00:21:17,559 | INFO     | Launcher        | Waiting 2.0s for camera to initialize...
2026-01-31 00:21:19,560 | INFO     | Launcher        | [Manager] Starting: C:\Users\Dougl\AppData\Local\Programs\Python\Python312\python.exe D:\MLS\server\communications\manager.py
2026-01-31 00:21:19,570 | INFO     | Launcher        | [Manager] Started with PID 39588
2026-01-31 00:21:19,571 | INFO     | Launcher        | Waiting 2.0s for manager to initialize...
2026-01-31 00:21:21,572 | INFO     | Launcher        | [Flask] Starting: C:\Users\Dougl\AppData\Local\Programs\Python\Python312\python.exe D:\MLS\server\Flask\flask_server.py
2026-01-31 00:21:21,582 | INFO     | Launcher        | [Flask] Started with PID 39464
2026-01-31 00:21:21,583 | INFO     | Launcher        | Waiting 2.0s for flask to initialize...
2026-01-31 00:21:23,584 | INFO     | Launcher        | ============================================================
2026-01-31 00:21:23,584 | INFO     | Launcher        | All services started!
2026-01-31 00:21:23,584 | INFO     | Launcher        | ============================================================
2026-01-31 00:21:23,585 | INFO     | Launcher        | Health monitoring starts in 10s...
2026-01-31 00:21:33,586 | WARNING  | Launcher        | [camera] Health check failed, restarting...
2026-01-31 00:21:34,087 | INFO     | Launcher        | [Camera] Starting: C:\Users\Dougl\AppData\Local\Programs\Python\Python312\python.exe D:\MLS\server\cam\camera_server.py
2026-01-31 00:21:34,090 | INFO     | Launcher        | [Camera] Started with PID 2156
2026-01-31 00:21:34,091 | WARNING  | Launcher        | [manager] Health check failed, restarting...
2026-01-31 00:21:34,591 | INFO     | Launcher        | [Manager] Starting: C:\Users\Dougl\AppData\Local\Programs\Python\Python312\python.exe D:\MLS\server\communications\manager.py
2026-01-31 00:21:34,596 | INFO     | Launcher        | [Manager] Started with PID 20008
2026-01-31 00:24:27,172 | INFO     | Launcher        | ============================================================
2026-01-31 00:24:27,173 | INFO     | Launcher        | Starting all services...
2026-01-31 00:24:27,173 | INFO     | Launcher        | ============================================================
2026-01-31 00:24:27,173 | INFO     | Launcher        | [Camera] Starting: C:\Users\Dougl\AppData\Local\Programs\Python\Python312\python.exe D:\MLS\server\cam\camera_server.py
2026-01-31 00:24:27,183 | INFO     | Launcher        | [Camera] Started with PID 5364
2026-01-31 00:24:27,185 | INFO     | Launcher        | Waiting 2.0s for camera to initialize...
2026-01-31 00:24:29,186 | INFO     | Launcher        | [Manager] Starting: C:\Users\Dougl\AppData\Local\Programs\Python\Python312\python.exe D:\MLS\server\communications\manager.py
2026-01-31 00:24:29,193 | INFO     | Launcher        | [Manager] Started with PID 29868
2026-01-31 00:24:29,193 | INFO     | Launcher        | Waiting 2.0s for manager to initialize...
2026-01-31 00:24:31,194 | INFO     | Launcher        | [Flask] Starting: C:\Users\Dougl\AppData\Local\Programs\Python\Python312\python.exe D:\MLS\server\Flask\flask_server.py
2026-01-31 00:24:31,209 | INFO     | Launcher        | [Flask] Started with PID 6924
2026-01-31 00:24:31,209 | INFO     | Launcher        | Waiting 2.0s for flask to initialize...
2026-01-31 00:24:33,212 | INFO     | Launcher        | ============================================================
2026-01-31 00:24:33,212 | INFO     | Launcher        | All services started!
2026-01-31 00:24:33,212 | INFO     | Launcher        | ============================================================
2026-01-31 00:24:33,213 | INFO     | Launcher        | Health monitoring starts in 10s...
2026-01-31 00:24:43,214 | WARNING  | Launcher        | [manager] Health check failed, restarting...
2026-01-31 00:24:43,715 | INFO     | Launcher        | [Manager] Starting: C:\Users\Dougl\AppData\Local\Programs\Python\Python312\python.exe D:\MLS\server\communications\manager.py
2026-01-31 00:24:43,720 | INFO     | Launcher        | [Manager] Started with PID 39860
2026-01-31 00:28:31,895 | WARNING  | Launcher        | [manager] Health check failed, restarting...
2026-01-31 00:28:32,971 | INFO     | Launcher        | [Manager] Starting: C:\Users\Dougl\AppData\Local\Programs\Python\Python312\python.exe D:\MLS\server\communications\manager.py
2026-01-31 00:28:32,984 | INFO     | Launcher        | [Manager] Started with PID 15428
2026-01-31 00:28:42,987 | WARNING  | Launcher        | [manager] Health check failed, restarting...
2026-01-31 00:28:43,488 | INFO     | Launcher        | [Manager] Starting: C:\Users\Dougl\AppData\Local\Programs\Python\Python312\python.exe D:\MLS\server\communications\manager.py
2026-01-31 00:28:43,492 | INFO     | Launcher        | [Manager] Started with PID 40364
2026-01-31 00:28:53,493 | WARNING  | Launcher        | [manager] Health check failed, restarting...
2026-01-31 00:28:53,994 | INFO     | Launcher        | [Manager] Starting: C:\Users\Dougl\AppData\Local\Programs\Python\Python312\python.exe D:\MLS\server\communications\manager.py
2026-01-31 00:28:54,001 | INFO     | Launcher        | [Manager] Started with PID 40480
2026-01-31 00:29:01,942 | WARNING  | Launcher        | [camera] Health check failed, restarting...
2026-01-31 00:29:02,443 | INFO     | Launcher        | [Camera] Starting: C:\Users\Dougl\AppData\Local\Programs\Python\Python312\python.exe D:\MLS\server\cam\camera_server.py
2026-01-31 00:29:02,450 | INFO     | Launcher        | [Camera] Started with PID 34920
2026-01-31 00:29:02,450 | WARNING  | Launcher        | [manager] Health check failed, restarting...
2026-01-31 00:29:02,951 | INFO     | Launcher        | [Manager] Starting: C:\Users\Dougl\AppData\Local\Programs\Python\Python312\python.exe D:\MLS\server\communications\manager.py
2026-01-31 00:29:02,956 | INFO     | Launcher        | [Manager] Started with PID 15964
2026-01-31 00:29:02,956 | WARNING  | Launcher        | [flask] Health check failed, restarting...
2026-01-31 00:29:03,457 | INFO     | Launcher        | [Flask] Starting: C:\Users\Dougl\AppData\Local\Programs\Python\Python312\python.exe D:\MLS\server\Flask\flask_server.py
2026-01-31 00:29:03,463 | INFO     | Launcher        | [Flask] Started with PID 14868
2026-01-31 00:29:04,446 | INFO     | Launcher        | ============================================================
2026-01-31 00:29:04,446 | INFO     | Launcher        | Starting all services...
2026-01-31 00:29:04,446 | INFO     | Launcher        | ============================================================
2026-01-31 00:29:04,447 | INFO     | Launcher        | [Camera] Starting: C:\Users\Dougl\AppData\Local\Programs\Python\Python312\python.exe D:\MLS\server\cam\camera_server.py
2026-01-31 00:29:04,457 | INFO     | Launcher        | [Camera] Started with PID 24604
2026-01-31 00:29:04,458 | INFO     | Launcher        | Waiting 2.0s for camera to initialize...
2026-01-31 00:29:06,458 | INFO     | Launcher        | [Manager] Starting: C:\Users\Dougl\AppData\Local\Programs\Python\Python312\python.exe D:\MLS\server\communications\manager.py
2026-01-31 00:29:06,471 | INFO     | Launcher        | [Manager] Started with PID 2504
2026-01-31 00:29:06,471 | INFO     | Launcher        | Waiting 2.0s for manager to initialize...
2026-01-31 00:29:08,472 | INFO     | Launcher        | [Flask] Starting: C:\Users\Dougl\AppData\Local\Programs\Python\Python312\python.exe D:\MLS\server\Flask\flask_server.py
2026-01-31 00:29:08,483 | INFO     | Launcher        | [Flask] Started with PID 37656
2026-01-31 00:29:08,483 | INFO     | Launcher        | Waiting 2.0s for flask to initialize...
2026-01-31 00:29:10,484 | INFO     | Launcher        | ============================================================
2026-01-31 00:29:10,484 | INFO     | Launcher        | All services started!
2026-01-31 00:29:10,484 | INFO     | Launcher        | ============================================================
2026-01-31 00:29:10,486 | INFO     | Launcher        | Health monitoring starts in 10s...
2026-01-31 00:30:46,191 | INFO     | Launcher        | ============================================================
2026-01-31 00:30:46,191 | INFO     | Launcher        | Starting all services...
2026-01-31 00:30:46,192 | INFO     | Launcher        | ============================================================
2026-01-31 00:30:46,192 | INFO     | Launcher        | [Camera] Starting: C:\Users\Dougl\AppData\Local\Programs\Python\Python313\python.exe d:\MLS\server\cam\camera_server.py
2026-01-31 00:30:46,205 | INFO     | Launcher        | [Camera] Started with PID 14536
2026-01-31 00:30:46,206 | INFO     | Launcher        | Waiting 2.0s for camera to initialize...
2026-01-31 00:30:48,206 | INFO     | Launcher        | [Manager] Starting: C:\Users\Dougl\AppData\Local\Programs\Python\Python313\python.exe d:\MLS\server\communications\manager.py
2026-01-31 00:30:48,214 | INFO     | Launcher        | [Manager] Started with PID 40560
2026-01-31 00:30:48,214 | INFO     | Launcher        | Waiting 2.0s for manager to initialize...
2026-01-31 00:30:50,215 | INFO     | Launcher        | [Flask] Starting: C:\Users\Dougl\AppData\Local\Programs\Python\Python313\python.exe d:\MLS\server\Flask\flask_server.py
2026-01-31 00:30:50,225 | INFO     | Launcher        | [Flask] Started with PID 36996
2026-01-31 00:30:50,226 | INFO     | Launcher        | Waiting 2.0s for flask to initialize...
2026-01-31 00:30:52,226 | INFO     | Launcher        | ============================================================
2026-01-31 00:30:52,227 | INFO     | Launcher        | All services started!
2026-01-31 00:30:52,227 | INFO     | Launcher        | ============================================================
2026-01-31 00:30:52,229 | INFO     | Launcher        | Health monitoring starts in 10s...
2026-01-31 00:32:37,946 | INFO     | Launcher        | ============================================================
2026-01-31 00:32:37,947 | INFO     | Launcher        | Stopping all services...
2026-01-31 00:32:37,947 | INFO     | Launcher        | ============================================================
2026-01-31 00:32:37,947 | INFO     | Launcher        | [Flask] Stopping (PID: 36996)...
2026-01-31 00:32:37,964 | INFO     | Launcher        | [Flask] Stopped gracefully
2026-01-31 00:32:37,965 | INFO     | Launcher        | [Manager] Stopping (PID: 40560)...
2026-01-31 00:32:37,974 | INFO     | Launcher        | [Manager] Stopped gracefully
2026-01-31 00:32:37,975 | INFO     | Launcher        | [Camera] Stopping (PID: 14536)...
2026-01-31 00:32:37,988 | INFO     | Launcher        | [Camera] Stopped gracefully
2026-01-31 00:32:37,989 | INFO     | Launcher        | All services stopped
2026-02-01 17:31:49,721 | INFO     | Launcher        | ============================================================
2026-02-01 17:31:49,821 | INFO     | Launcher        | Starting all services...
2026-02-01 17:31:49,821 | INFO     | Launcher        | ============================================================
2026-02-01 17:31:49,821 | INFO     | Launcher        | [Camera] Starting: C:\Users\Dougl\anaconda3\envs\mls\python.exe d:\MLS\server\cam\camera_server.py
2026-02-01 17:31:49,828 | INFO     | Launcher        | [Camera] Started with PID 22636
2026-02-01 17:31:49,828 | INFO     | Launcher        | Waiting 2.0s for camera to initialize...
2026-02-01 17:31:51,829 | INFO     | Launcher        | [Manager] Starting: C:\Users\Dougl\anaconda3\envs\mls\python.exe d:\MLS\server\communications\manager.py
2026-02-01 17:31:51,835 | INFO     | Launcher        | [Manager] Started with PID 37352
2026-02-01 17:31:51,835 | INFO     | Launcher        | Waiting 2.0s for manager to initialize...
2026-02-01 17:31:53,837 | INFO     | Launcher        | [Flask] Starting: C:\Users\Dougl\anaconda3\envs\mls\python.exe d:\MLS\server\Flask\flask_server.py
2026-02-01 17:31:53,843 | INFO     | Launcher        | [Flask] Started with PID 42000
2026-02-01 17:31:53,844 | INFO     | Launcher        | Waiting 2.0s for flask to initialize...
2026-02-01 17:31:55,845 | INFO     | Launcher        | ============================================================
2026-02-01 17:31:55,845 | INFO     | Launcher        | All services started!
2026-02-01 17:31:55,845 | INFO     | Launcher        | ============================================================
2026-02-01 17:31:55,846 | INFO     | Launcher        | Health monitoring starts in 10s...
2026-02-01 17:32:05,847 | WARNING  | Launcher        | [camera] Health check failed, restarting...
2026-02-01 17:32:06,348 | INFO     | Launcher        | [Camera] Starting: C:\Users\Dougl\anaconda3\envs\mls\python.exe d:\MLS\server\cam\camera_server.py
2026-02-01 17:32:06,386 | INFO     | Launcher        | [Camera] Started with PID 43448
2026-02-01 17:32:06,386 | WARNING  | Launcher        | [flask] Health check failed, restarting...
2026-02-01 17:32:06,887 | INFO     | Launcher        | [Flask] Starting: C:\Users\Dougl\anaconda3\envs\mls\python.exe d:\MLS\server\Flask\flask_server.py
2026-02-01 17:32:06,889 | INFO     | Launcher        | [Flask] Started with PID 38840
2026-02-01 17:32:16,890 | WARNING  | Launcher        | [camera] Health check failed, restarting...
2026-02-01 17:32:17,391 | INFO     | Launcher        | [Camera] Starting: C:\Users\Dougl\anaconda3\envs\mls\python.exe d:\MLS\server\cam\camera_server.py
2026-02-01 17:32:17,395 | INFO     | Launcher        | [Camera] Started with PID 37772
2026-02-01 17:32:17,395 | WARNING  | Launcher        | [flask] Health check failed, restarting...
2026-02-01 17:32:17,896 | INFO     | Launcher        | [Flask] Starting: C:\Users\Dougl\anaconda3\envs\mls\python.exe d:\MLS\server\Flask\flask_server.py
2026-02-01 17:32:17,898 | INFO     | Launcher        | [Flask] Started with PID 40616
2026-02-01 17:32:27,900 | WARNING  | Launcher        | [camera] Health check failed, restarting...
2026-02-01 17:32:28,400 | INFO     | Launcher        | [Camera] Starting: C:\Users\Dougl\anaconda3\envs\mls\python.exe d:\MLS\server\cam\camera_server.py
2026-02-01 17:32:28,404 | INFO     | Launcher        | [Camera] Started with PID 20540
2026-02-01 17:32:28,404 | WARNING  | Launcher        | [flask] Health check failed, restarting...
2026-02-01 17:32:28,905 | INFO     | Launcher        | [Flask] Starting: C:\Users\Dougl\anaconda3\envs\mls\python.exe d:\MLS\server\Flask\flask_server.py
2026-02-01 17:32:28,908 | INFO     | Launcher        | [Flask] Started with PID 1992
2026-02-01 17:32:36,721 | INFO     | Launcher        | ============================================================
2026-02-01 17:32:36,721 | INFO     | Launcher        | Stopping all services...
2026-02-01 17:32:36,721 | INFO     | Launcher        | ============================================================
2026-02-01 17:32:36,721 | INFO     | Launcher        | [Manager] Stopping (PID: 37352)...
2026-02-01 17:32:36,726 | INFO     | Launcher        | [Manager] Stopped gracefully
2026-02-01 17:32:36,726 | INFO     | Launcher        | All services stopped
2026-02-01 17:33:16,333 | INFO     | Launcher        | ============================================================
2026-02-01 17:33:16,333 | INFO     | Launcher        | Starting all services...
2026-02-01 17:33:16,333 | INFO     | Launcher        | ============================================================
2026-02-01 17:33:16,333 | INFO     | Launcher        | [Camera] Starting: C:\Users\Dougl\AppData\Local\Programs\Python\Python313\python.exe d:\MLS\server\cam\camera_server.py
2026-02-01 17:33:16,341 | INFO     | Launcher        | [Camera] Started with PID 3724
2026-02-01 17:33:16,341 | INFO     | Launcher        | Waiting 2.0s for camera to initialize...
2026-02-01 17:33:18,342 | INFO     | Launcher        | [Manager] Starting: C:\Users\Dougl\AppData\Local\Programs\Python\Python313\python.exe d:\MLS\server\communications\manager.py
2026-02-01 17:33:18,349 | INFO     | Launcher        | [Manager] Started with PID 12568
2026-02-01 17:33:18,350 | INFO     | Launcher        | Waiting 2.0s for manager to initialize...
2026-02-01 17:33:20,350 | INFO     | Launcher        | [Flask] Starting: C:\Users\Dougl\AppData\Local\Programs\Python\Python313\python.exe d:\MLS\server\Flask\flask_server.py
2026-02-01 17:33:20,358 | INFO     | Launcher        | [Flask] Started with PID 32744
2026-02-01 17:33:20,359 | INFO     | Launcher        | Waiting 2.0s for flask to initialize...
2026-02-01 17:33:22,360 | INFO     | Launcher        | ============================================================
2026-02-01 17:33:22,360 | INFO     | Launcher        | All services started!
2026-02-01 17:33:22,360 | INFO     | Launcher        | ============================================================
2026-02-01 17:33:22,361 | INFO     | Launcher        | Health monitoring starts in 10s...
2026-02-01 17:34:38,670 | INFO     | Launcher        | ============================================================
2026-02-01 17:34:38,671 | INFO     | Launcher        | Stopping all services...
2026-02-01 17:34:38,671 | INFO     | Launcher        | ============================================================
2026-02-01 17:34:38,671 | INFO     | Launcher        | [Flask] Stopping (PID: 32744)...
2026-02-01 17:34:38,684 | INFO     | Launcher        | [Flask] Stopped gracefully
2026-02-01 17:34:38,684 | INFO     | Launcher        | [Manager] Stopping (PID: 12568)...
2026-02-01 17:34:38,688 | INFO     | Launcher        | [Manager] Stopped gracefully
2026-02-01 17:34:38,688 | INFO     | Launcher        | [Camera] Stopping (PID: 3724)...
2026-02-01 17:34:38,697 | INFO     | Launcher        | [Camera] Stopped gracefully
2026-02-01 17:34:38,697 | INFO     | Launcher        | All services stopped
2026-02-01 18:49:41,120 | INFO     | Launcher        | ============================================================
2026-02-01 18:49:41,120 | INFO     | Launcher        | Starting all services...
2026-02-01 18:49:41,120 | INFO     | Launcher        | ============================================================
2026-02-01 18:49:41,121 | INFO     | Launcher        | [Camera] Starting: C:\Users\Dougl\AppData\Local\Programs\Python\Python313\python.exe d:\MLS\server\cam\camera_server.py
2026-02-01 18:49:41,126 | INFO     | Launcher        | [Camera] Started with PID 22740
2026-02-01 18:49:41,126 | INFO     | Launcher        | Waiting 2.0s for camera to initialize...
2026-02-01 18:49:43,127 | INFO     | Launcher        | [Manager] Starting: C:\Users\Dougl\AppData\Local\Programs\Python\Python313\python.exe d:\MLS\server\communications\manager.py
2026-02-01 18:49:43,133 | INFO     | Launcher        | [Manager] Started with PID 34704
2026-02-01 18:49:43,133 | INFO     | Launcher        | Waiting 2.0s for manager to initialize...
2026-02-01 18:49:45,134 | INFO     | Launcher        | [Flask] Starting: C:\Users\Dougl\AppData\Local\Programs\Python\Python313\python.exe d:\MLS\server\Flask\flask_server.py
2026-02-01 18:49:45,141 | INFO     | Launcher        | [Flask] Started with PID 38104
2026-02-01 18:49:45,141 | INFO     | Launcher        | Waiting 2.0s for flask to initialize...
2026-02-01 18:49:47,142 | INFO     | Launcher        | ============================================================
2026-02-01 18:49:47,142 | INFO     | Launcher        | All services started!
2026-02-01 18:49:47,143 | INFO     | Launcher        | ============================================================
2026-02-01 18:49:47,144 | INFO     | Launcher        | Health monitoring starts in 10s...
2026-02-01 18:50:06,064 | INFO     | Launcher        | ============================================================
2026-02-01 18:50:06,064 | INFO     | Launcher        | Stopping all services...
2026-02-01 18:50:06,064 | INFO     | Launcher        | ============================================================
2026-02-01 18:50:06,064 | INFO     | Launcher        | [Flask] Stopping (PID: 38104)...
2026-02-01 18:50:06,074 | INFO     | Launcher        | [Flask] Stopped gracefully
2026-02-01 18:50:06,074 | INFO     | Launcher        | [Manager] Stopping (PID: 34704)...
2026-02-01 18:50:06,086 | INFO     | Launcher        | [Manager] Stopped gracefully
2026-02-01 18:50:06,086 | INFO     | Launcher        | [Camera] Stopping (PID: 22740)...
2026-02-01 18:50:06,093 | INFO     | Launcher        | [Camera] Stopped gracefully
2026-02-01 18:50:06,094 | INFO     | Launcher        | All services stopped
2026-02-01 21:09:39,443 | INFO     | Launcher        | ============================================================
2026-02-01 21:09:39,443 | INFO     | Launcher        | Starting all services...
2026-02-01 21:09:39,444 | INFO     | Launcher        | ============================================================
2026-02-01 21:09:39,444 | INFO     | Launcher        | [Camera] Starting: C:\Users\Dougl\AppData\Local\Programs\Python\Python313\python.exe d:\MLS\server\cam\camera_server.py
2026-02-01 21:09:39,455 | INFO     | Launcher        | [Camera] Started with PID 36300
2026-02-01 21:09:39,456 | INFO     | Launcher        | Waiting 2.0s for camera to initialize...
2026-02-01 21:09:41,456 | INFO     | Launcher        | [Manager] Starting: C:\Users\Dougl\AppData\Local\Programs\Python\Python313\python.exe d:\MLS\server\communications\manager.py
2026-02-01 21:09:41,465 | INFO     | Launcher        | [Manager] Started with PID 42360
2026-02-01 21:09:41,465 | INFO     | Launcher        | Waiting 2.0s for manager to initialize...
2026-02-01 21:09:43,466 | INFO     | Launcher        | [Flask] Starting: C:\Users\Dougl\AppData\Local\Programs\Python\Python313\python.exe d:\MLS\server\Flask\flask_server.py
2026-02-01 21:09:43,476 | INFO     | Launcher        | [Flask] Started with PID 20664
2026-02-01 21:09:43,476 | INFO     | Launcher        | Waiting 2.0s for flask to initialize...
2026-02-01 21:10:00,671 | INFO     | Launcher        | ============================================================
2026-02-01 21:10:00,672 | INFO     | Launcher        | Starting all services...
2026-02-01 21:10:00,672 | INFO     | Launcher        | ============================================================
2026-02-01 21:10:00,673 | INFO     | Launcher        | [Camera] Starting: C:\Users\Dougl\AppData\Local\Programs\Python\Python313\python.exe d:\MLS\server\cam\camera_server.py
2026-02-01 21:10:00,682 | INFO     | Launcher        | [Camera] Started with PID 36128
2026-02-01 21:10:00,682 | INFO     | Launcher        | Waiting 2.0s for camera to initialize...
2026-02-01 21:10:02,683 | INFO     | Launcher        | [Manager] Starting: C:\Users\Dougl\AppData\Local\Programs\Python\Python313\python.exe d:\MLS\server\communications\manager.py
2026-02-01 21:10:02,692 | INFO     | Launcher        | [Manager] Started with PID 36452
2026-02-01 21:10:02,692 | INFO     | Launcher        | Waiting 2.0s for manager to initialize...
2026-02-01 21:10:04,693 | INFO     | Launcher        | [Flask] Starting: C:\Users\Dougl\AppData\Local\Programs\Python\Python313\python.exe d:\MLS\server\Flask\flask_server.py
2026-02-01 21:10:04,701 | INFO     | Launcher        | [Flask] Started with PID 21128
2026-02-01 21:10:04,702 | INFO     | Launcher        | Waiting 2.0s for flask to initialize...
2026-02-01 21:10:06,703 | INFO     | Launcher        | ============================================================
2026-02-01 21:10:06,703 | INFO     | Launcher        | All services started!
2026-02-01 21:10:06,704 | INFO     | Launcher        | ============================================================
2026-02-01 21:10:06,705 | INFO     | Launcher        | Health monitoring starts in 10s...
2026-02-01 21:10:16,706 | WARNING  | Launcher        | [manager] Health check failed, restarting...
2026-02-01 21:10:17,207 | INFO     | Launcher        | [Manager] Starting: C:\Users\Dougl\AppData\Local\Programs\Python\Python313\python.exe d:\MLS\server\communications\manager.py
2026-02-01 21:10:17,212 | INFO     | Launcher        | [Manager] Started with PID 4708
2026-02-01 21:10:27,224 | WARNING  | Launcher        | [manager] Health check failed, restarting...
2026-02-01 21:10:27,725 | INFO     | Launcher        | [Manager] Starting: C:\Users\Dougl\AppData\Local\Programs\Python\Python313\python.exe d:\MLS\server\communications\manager.py
2026-02-01 21:10:27,730 | INFO     | Launcher        | [Manager] Started with PID 39300
2026-02-01 21:10:37,732 | WARNING  | Launcher        | [manager] Health check failed, restarting...
2026-02-01 21:10:38,233 | INFO     | Launcher        | [Manager] Starting: C:\Users\Dougl\AppData\Local\Programs\Python\Python313\python.exe d:\MLS\server\communications\manager.py
2026-02-01 21:10:38,337 | INFO     | Launcher        | [Manager] Started with PID 40188
2026-02-01 21:10:43,595 | INFO     | Launcher        | ============================================================
2026-02-01 21:10:43,595 | INFO     | Launcher        | Stopping all services...
2026-02-01 21:10:43,596 | INFO     | Launcher        | ============================================================
2026-02-01 21:10:43,596 | INFO     | Launcher        | [Flask] Stopping (PID: 21128)...
2026-02-01 21:10:43,612 | INFO     | Launcher        | [Flask] Stopped gracefully
2026-02-01 21:10:43,613 | INFO     | Launcher        | [Camera] Stopping (PID: 36128)...
2026-02-01 21:10:43,627 | INFO     | Launcher        | [Camera] Stopped gracefully
2026-02-01 21:10:43,628 | INFO     | Launcher        | All services stopped
2026-02-01 21:22:29,894 | INFO     | Launcher        | ============================================================
2026-02-01 21:22:29,894 | INFO     | Launcher        | Starting all services...
2026-02-01 21:22:29,895 | INFO     | Launcher        | ============================================================
2026-02-01 21:22:29,895 | INFO     | Launcher        | [Camera] Starting: C:\Users\Dougl\AppData\Local\Programs\Python\Python313\python.exe d:\MLS\server\cam\camera_server.py
2026-02-01 21:22:29,903 | INFO     | Launcher        | [Camera] Started with PID 36960
2026-02-01 21:22:29,904 | INFO     | Launcher        | Waiting 2.0s for camera to initialize...
2026-02-01 21:22:31,904 | INFO     | Launcher        | [Manager] Starting: C:\Users\Dougl\AppData\Local\Programs\Python\Python313\python.exe d:\MLS\server\communications\manager.py
2026-02-01 21:22:31,914 | INFO     | Launcher        | [Manager] Started with PID 43552
2026-02-01 21:22:31,915 | INFO     | Launcher        | Waiting 2.0s for manager to initialize...
2026-02-01 21:22:33,916 | INFO     | Launcher        | [Flask] Starting: C:\Users\Dougl\AppData\Local\Programs\Python\Python313\python.exe d:\MLS\server\Flask\flask_server.py
2026-02-01 21:22:33,927 | INFO     | Launcher        | [Flask] Started with PID 34508
2026-02-01 21:22:33,928 | INFO     | Launcher        | Waiting 2.0s for flask to initialize...
2026-02-01 21:22:35,929 | INFO     | Launcher        | ============================================================
2026-02-01 21:22:35,929 | INFO     | Launcher        | All services started!
2026-02-01 21:22:35,929 | INFO     | Launcher        | ============================================================
2026-02-01 21:22:35,931 | INFO     | Launcher        | Health monitoring starts in 10s...
2026-02-01 21:22:45,932 | WARNING  | Launcher        | [manager] Health check failed, restarting...
2026-02-01 21:22:46,433 | INFO     | Launcher        | [Manager] Starting: C:\Users\Dougl\AppData\Local\Programs\Python\Python313\python.exe d:\MLS\server\communications\manager.py
2026-02-01 21:22:46,439 | INFO     | Launcher        | [Manager] Started with PID 39860
2026-02-01 21:22:56,452 | WARNING  | Launcher        | [manager] Health check failed, restarting...
2026-02-01 21:22:56,953 | INFO     | Launcher        | [Manager] Starting: C:\Users\Dougl\AppData\Local\Programs\Python\Python313\python.exe d:\MLS\server\communications\manager.py
2026-02-01 21:22:56,961 | INFO     | Launcher        | [Manager] Started with PID 44020
2026-02-01 21:23:06,962 | WARNING  | Launcher        | [manager] Health check failed, restarting...
2026-02-01 21:23:07,463 | INFO     | Launcher        | [Manager] Starting: C:\Users\Dougl\AppData\Local\Programs\Python\Python313\python.exe d:\MLS\server\communications\manager.py
2026-02-01 21:23:07,470 | INFO     | Launcher        | [Manager] Started with PID 38980
2026-02-01 21:35:13,502 | WARNING  | Launcher        | [manager] Health check failed, restarting...
2026-02-01 21:35:14,005 | INFO     | Launcher        | [Manager] Starting: C:\Users\Dougl\AppData\Local\Programs\Python\Python313\python.exe d:\MLS\server\communications\manager.py
2026-02-01 21:35:14,021 | INFO     | Launcher        | [Manager] Started with PID 36800
2026-02-01 23:31:46,995 | WARNING  | Launcher        | [manager] Health check failed, restarting...
2026-02-01 23:31:47,588 | INFO     | Launcher        | [Manager] Starting: C:\Users\Dougl\AppData\Local\Programs\Python\Python313\python.exe d:\MLS\server\communications\manager.py
2026-02-01 23:31:47,620 | INFO     | Launcher        | [Manager] Started with PID 41004
2026-02-02 09:05:01,468 | WARNING  | Launcher        | [manager] Health check failed, restarting...
2026-02-02 09:05:01,969 | INFO     | Launcher        | [Manager] Starting: C:\Users\Dougl\AppData\Local\Programs\Python\Python313\python.exe d:\MLS\server\communications\manager.py
2026-02-02 09:05:01,982 | INFO     | Launcher        | [Manager] Started with PID 35736
2026-02-02 09:05:11,983 | WARNING  | Launcher        | [manager] Health check failed, restarting...
2026-02-02 09:05:12,485 | INFO     | Launcher        | [Manager] Starting: C:\Users\Dougl\AppData\Local\Programs\Python\Python313\python.exe d:\MLS\server\communications\manager.py
2026-02-02 09:05:12,495 | INFO     | Launcher        | [Manager] Started with PID 36776
2026-02-02 09:05:22,512 | WARNING  | Launcher        | [manager] Health check failed, restarting...
2026-02-02 09:05:23,013 | INFO     | Launcher        | [Manager] Starting: C:\Users\Dougl\AppData\Local\Programs\Python\Python313\python.exe d:\MLS\server\communications\manager.py
2026-02-02 09:05:23,017 | INFO     | Launcher        | [Manager] Started with PID 30540
2026-02-02 09:05:33,018 | WARNING  | Launcher        | [manager] Health check failed, restarting...
2026-02-02 09:05:33,519 | INFO     | Launcher        | [Manager] Starting: C:\Users\Dougl\AppData\Local\Programs\Python\Python313\python.exe d:\MLS\server\communications\manager.py
2026-02-02 09:05:33,523 | INFO     | Launcher        | [Manager] Started with PID 31840
2026-02-02 09:05:43,544 | WARNING  | Launcher        | [manager] Health check failed, restarting...
2026-02-02 09:05:44,046 | INFO     | Launcher        | [Manager] Starting: C:\Users\Dougl\AppData\Local\Programs\Python\Python313\python.exe d:\MLS\server\communications\manager.py
2026-02-02 09:05:44,051 | INFO     | Launcher        | [Manager] Started with PID 35884
2026-02-02 09:05:54,076 | WARNING  | Launcher        | [manager] Health check failed, restarting...
2026-02-02 09:05:54,577 | INFO     | Launcher        | [Manager] Starting: C:\Users\Dougl\AppData\Local\Programs\Python\Python313\python.exe d:\MLS\server\communications\manager.py
2026-02-02 09:05:54,583 | INFO     | Launcher        | [Manager] Started with PID 33904
2026-02-02 09:06:04,598 | WARNING  | Launcher        | [manager] Health check failed, restarting...
2026-02-02 09:06:05,099 | INFO     | Launcher        | [Manager] Starting: C:\Users\Dougl\AppData\Local\Programs\Python\Python313\python.exe d:\MLS\server\communications\manager.py
2026-02-02 09:06:05,104 | INFO     | Launcher        | [Manager] Started with PID 37284
2026-02-02 09:06:15,131 | WARNING  | Launcher        | [manager] Health check failed, restarting...
2026-02-02 09:06:15,632 | INFO     | Launcher        | [Manager] Starting: C:\Users\Dougl\AppData\Local\Programs\Python\Python313\python.exe d:\MLS\server\communications\manager.py
2026-02-02 09:06:15,637 | INFO     | Launcher        | [Manager] Started with PID 18744
2026-02-02 09:06:25,639 | WARNING  | Launcher        | [manager] Health check failed, restarting...
2026-02-02 09:06:26,140 | INFO     | Launcher        | [Manager] Starting: C:\Users\Dougl\AppData\Local\Programs\Python\Python313\python.exe d:\MLS\server\communications\manager.py
2026-02-02 09:06:26,145 | INFO     | Launcher        | [Manager] Started with PID 22576
2026-02-02 09:06:36,148 | WARNING  | Launcher        | [manager] Health check failed, restarting...
2026-02-02 09:06:36,649 | INFO     | Launcher        | [Manager] Starting: C:\Users\Dougl\AppData\Local\Programs\Python\Python313\python.exe d:\MLS\server\communications\manager.py
2026-02-02 09:06:36,654 | INFO     | Launcher        | [Manager] Started with PID 45780
2026-02-02 09:06:46,655 | WARNING  | Launcher        | [manager] Health check failed, restarting...
2026-02-02 09:06:47,157 | INFO     | Launcher        | [Manager] Starting: C:\Users\Dougl\AppData\Local\Programs\Python\Python313\python.exe d:\MLS\server\communications\manager.py
2026-02-02 09:06:47,163 | INFO     | Launcher        | [Manager] Started with PID 42604
2026-02-02 09:06:57,165 | WARNING  | Launcher        | [manager] Health check failed, restarting...
2026-02-02 09:06:57,667 | INFO     | Launcher        | [Manager] Starting: C:\Users\Dougl\AppData\Local\Programs\Python\Python313\python.exe d:\MLS\server\communications\manager.py
2026-02-02 09:06:57,672 | INFO     | Launcher        | [Manager] Started with PID 7720
2026-02-02 09:07:07,673 | WARNING  | Launcher        | [manager] Health check failed, restarting...
2026-02-02 09:07:08,174 | INFO     | Launcher        | [Manager] Starting: C:\Users\Dougl\AppData\Local\Programs\Python\Python313\python.exe d:\MLS\server\communications\manager.py
2026-02-02 09:07:08,180 | INFO     | Launcher        | [Manager] Started with PID 40704
2026-02-02 09:07:18,199 | WARNING  | Launcher        | [manager] Health check failed, restarting...
2026-02-02 09:07:18,700 | INFO     | Launcher        | [Manager] Starting: C:\Users\Dougl\AppData\Local\Programs\Python\Python313\python.exe d:\MLS\server\communications\manager.py
2026-02-02 09:07:18,705 | INFO     | Launcher        | [Manager] Started with PID 37492
2026-02-02 09:07:28,707 | WARNING  | Launcher        | [manager] Health check failed, restarting...
2026-02-02 09:07:29,208 | INFO     | Launcher        | [Manager] Starting: C:\Users\Dougl\AppData\Local\Programs\Python\Python313\python.exe d:\MLS\server\communications\manager.py
2026-02-02 09:07:29,214 | INFO     | Launcher        | [Manager] Started with PID 34984
2026-02-02 09:07:39,215 | WARNING  | Launcher        | [manager] Health check failed, restarting...
2026-02-02 09:07:39,716 | INFO     | Launcher        | [Manager] Starting: C:\Users\Dougl\AppData\Local\Programs\Python\Python313\python.exe d:\MLS\server\communications\manager.py
2026-02-02 09:07:39,721 | INFO     | Launcher        | [Manager] Started with PID 45076
2026-02-02 09:07:49,723 | WARNING  | Launcher        | [manager] Health check failed, restarting...
2026-02-02 09:07:50,225 | INFO     | Launcher        | [Manager] Starting: C:\Users\Dougl\AppData\Local\Programs\Python\Python313\python.exe d:\MLS\server\communications\manager.py
2026-02-02 09:07:50,231 | INFO     | Launcher        | [Manager] Started with PID 27100
2026-02-02 09:08:00,253 | WARNING  | Launcher        | [manager] Health check failed, restarting...
2026-02-02 09:08:00,755 | INFO     | Launcher        | [Manager] Starting: C:\Users\Dougl\AppData\Local\Programs\Python\Python313\python.exe d:\MLS\server\communications\manager.py
2026-02-02 09:08:00,760 | INFO     | Launcher        | [Manager] Started with PID 31544
2026-02-02 09:08:10,762 | WARNING  | Launcher        | [manager] Health check failed, restarting...
2026-02-02 09:08:11,264 | INFO     | Launcher        | [Manager] Starting: C:\Users\Dougl\AppData\Local\Programs\Python\Python313\python.exe d:\MLS\server\communications\manager.py
2026-02-02 09:08:11,269 | INFO     | Launcher        | [Manager] Started with PID 31172
2026-02-02 09:08:21,271 | WARNING  | Launcher        | [manager] Health check failed, restarting...
2026-02-02 09:08:21,771 | INFO     | Launcher        | [Manager] Starting: C:\Users\Dougl\AppData\Local\Programs\Python\Python313\python.exe d:\MLS\server\communications\manager.py
2026-02-02 09:08:21,777 | INFO     | Launcher        | [Manager] Started with PID 24696
2026-02-02 09:08:31,778 | WARNING  | Launcher        | [manager] Health check failed, restarting...
2026-02-02 09:08:32,279 | INFO     | Launcher        | [Manager] Starting: C:\Users\Dougl\AppData\Local\Programs\Python\Python313\python.exe d:\MLS\server\communications\manager.py
2026-02-02 09:08:32,283 | INFO     | Launcher        | [Manager] Started with PID 45332
2026-02-02 09:12:11,219 | WARNING  | Launcher        | [manager] Health check failed, restarting...
2026-02-02 09:12:11,720 | INFO     | Launcher        | [Manager] Starting: C:\Users\Dougl\AppData\Local\Programs\Python\Python313\python.exe d:\MLS\server\communications\manager.py
2026-02-02 09:12:11,725 | INFO     | Launcher        | [Manager] Started with PID 38900
2026-02-02 09:12:13,889 | INFO     | Launcher        | ============================================================
2026-02-02 09:12:13,889 | INFO     | Launcher        | Stopping all services...
2026-02-02 09:12:13,889 | INFO     | Launcher        | ============================================================
2026-02-02 09:12:13,890 | INFO     | Launcher        | [Flask] Stopping (PID: 34508)...
2026-02-02 09:12:13,933 | INFO     | Launcher        | [Flask] Stopped gracefully
2026-02-02 09:12:13,934 | INFO     | Launcher        | [Camera] Stopping (PID: 36960)...
2026-02-02 09:12:13,947 | INFO     | Launcher        | [Camera] Stopped gracefully
2026-02-02 09:12:13,947 | INFO     | Launcher        | All services stopped
