ERROR:root:Fatal error: [WinError 3] The system cannot find the path specified: 'E:\\'
Traceback (most recent call last):
  File "C:\Users\Dougl\AppData\Local\Programs\Python\Python313\Lib\pathlib\_local.py", line 722, in mkdir
    os.mkdir(self, mode)
    ~~~~~~~~^^^^^^^^^^^^
FileNotFoundError: [WinError 3] The system cannot find the path specified: 'E:\\Data\\logs'

During handling of the above exception, another exception occurred:

Traceback (most recent call last):
  File "C:\Users\Dougl\AppData\Local\Programs\Python\Python313\Lib\pathlib\_local.py", line 722, in mkdir
    os.mkdir(self, mode)
    ~~~~~~~~^^^^^^^^^^^^
FileNotFoundError: [WinError 3] The system cannot find the path specified: 'E:\\Data'

During handling of the above exception, another exception occurred:

Traceback (most recent call last):
  File "d:\MLS\server\communications\manager.py", line 1911, in <module>
    mgr = ControlManager()
  File "d:\MLS\server\communications\manager.py", line 650, in __init__
    self.logger = setup_logging(component="manager")
                  ~~~~~~~~~~~~~^^^^^^^^^^^^^^^^^^^^^
  File "d:\MLS\core\logger.py", line 106, in setup_logging
    log_path.parent.mkdir(parents=True, exist_ok=True)
    ~~~~~~~~~~~~~~~~~~~~~^^^^^^^^^^^^^^^^^^^^^^^^^^^^^
  File "C:\Users\Dougl\AppData\Local\Programs\Python\Python313\Lib\pathlib\_local.py", line 726, in mkdir
    self.parent.mkdir(parents=True, exist_ok=True)
    ~~~~~~~~~~~~~~~~~^^^^^^^^^^^^^^^^^^^^^^^^^^^^^
  File "C:\Users\Dougl\AppData\Local\Programs\Python\Python313\Lib\pathlib\_local.py", line 726, in mkdir
    self.parent.mkdir(parents=True, exist_ok=True)
    ~~~~~~~~~~~~~~~~~^^^^^^^^^^^^^^^^^^^^^^^^^^^^^
  File "C:\Users\Dougl\AppData\Local\Programs\Python\Python313\Lib\pathlib\_local.py", line 722, in mkdir
    os.mkdir(self, mode)
    ~~~~~~~~^^^^^^^^^^^^
FileNotFoundError: [WinError 3] The system cannot find the path specified: 'E:\\'
Traceback (most recent call last):
  File "C:\Users\Dougl\AppData\Local\Programs\Python\Python313\Lib\pathlib\_local.py", line 722, in mkdir
    os.mkdir(self, mode)
    ~~~~~~~~^^^^^^^^^^^^
FileNotFoundError: [WinError 3] The system cannot find the path specified: 'E:\\Data\\logs'

During handling of the above exception, another exception occurred:

Traceback (most recent call last):
  File "C:\Users\Dougl\AppData\Local\Programs\Python\Python313\Lib\pathlib\_local.py", line 722, in mkdir
    os.mkdir(self, mode)
    ~~~~~~~~^^^^^^^^^^^^
FileNotFoundError: [WinError 3] The system cannot find the path specified: 'E:\\Data'

During handling of the above exception, another exception occurred:

Traceback (most recent call last):
  File "d:\MLS\server\communications\manager.py", line 1911, in <module>
    mgr = ControlManager()
  File "d:\MLS\server\communications\manager.py", line 650, in __init__
    self.logger = setup_logging(component="manager")
                  ~~~~~~~~~~~~~^^^^^^^^^^^^^^^^^^^^^
  File "d:\MLS\core\logger.py", line 106, in setup_logging
    log_path.parent.mkdir(parents=True, exist_ok=True)
    ~~~~~~~~~~~~~~~~~~~~~^^^^^^^^^^^^^^^^^^^^^^^^^^^^^
  File "C:\Users\Dougl\AppData\Local\Programs\Python\Python313\Lib\pathlib\_local.py", line 726, in mkdir
    self.parent.mkdir(parents=True, exist_ok=True)
    ~~~~~~~~~~~~~~~~~^^^^^^^^^^^^^^^^^^^^^^^^^^^^^
  File "C:\Users\Dougl\AppData\Local\Programs\Python\Python313\Lib\pathlib\_local.py", line 726, in mkdir
    self.parent.mkdir(parents=True, exist_ok=True)
    ~~~~~~~~~~~~~~~~~^^^^^^^^^^^^^^^^^^^^^^^^^^^^^
  File "C:\Users\Dougl\AppData\Local\Programs\Python\Python313\Lib\pathlib\_local.py", line 722, in mkdir
    os.mkdir(self, mode)
    ~~~~~~~~^^^^^^^^^^^^
FileNotFoundError: [WinError 3] The system cannot find the path specified: 'E:\\'
ERROR:root:Fatal error: [WinError 3] The system cannot find the path specified: 'E:\\'
Traceback (most recent call last):
  File "C:\Users\Dougl\AppData\Local\Programs\Python\Python313\Lib\pathlib\_local.py", line 722, in mkdir
    os.mkdir(self, mode)
    ~~~~~~~~^^^^^^^^^^^^
FileNotFoundError: [WinError 3] The system cannot find the path specified: 'E:\\Data\\logs'

During handling of the above exception, another exception occurred:

Traceback (most recent call last):
  File "C:\Users\Dougl\AppData\Local\Programs\Python\Python313\Lib\pathlib\_local.py", line 722, in mkdir
    os.mkdir(self, mode)
    ~~~~~~~~^^^^^^^^^^^^
FileNotFoundError: [WinError 3] The system cannot find the path specified: 'E:\\Data'

During handling of the above exception, another exception occurred:

Traceback (most recent call last):
  File "d:\MLS\server\communications\manager.py", line 1911, in <module>
    mgr = ControlManager()
  File "d:\MLS\server\communications\manager.py", line 650, in __init__
    self.logger = setup_logging(component="manager")
                  ~~~~~~~~~~~~~^^^^^^^^^^^^^^^^^^^^^
  File "d:\MLS\core\logger.py", line 106, in setup_logging
    log_path.parent.mkdir(parents=True, exist_ok=True)
    ~~~~~~~~~~~~~~~~~~~~~^^^^^^^^^^^^^^^^^^^^^^^^^^^^^
  File "C:\Users\Dougl\AppData\Local\Programs\Python\Python313\Lib\pathlib\_local.py", line 726, in mkdir
    self.parent.mkdir(parents=True, exist_ok=True)
    ~~~~~~~~~~~~~~~~~^^^^^^^^^^^^^^^^^^^^^^^^^^^^^
  File "C:\Users\Dougl\AppData\Local\Programs\Python\Python313\Lib\pathlib\_local.py", line 726, in mkdir
    self.parent.mkdir(parents=True, exist_ok=True)
    ~~~~~~~~~~~~~~~~~^^^^^^^^^^^^^^^^^^^^^^^^^^^^^
  File "C:\Users\Dougl\AppData\Local\Programs\Python\Python313\Lib\pathlib\_local.py", line 722, in mkdir
    os.mkdir(self, mode)
    ~~~~~~~~^^^^^^^^^^^^
FileNotFoundError: [WinError 3] The system cannot find the path specified: 'E:\\'
Traceback (most recent call last):
  File "C:\Users\Dougl\AppData\Local\Programs\Python\Python313\Lib\pathlib\_local.py", line 722, in mkdir
    os.mkdir(self, mode)
    ~~~~~~~~^^^^^^^^^^^^
FileNotFoundError: [WinError 3] The system cannot find the path specified: 'E:\\Data\\logs'

During handling of the above exception, another exception occurred:

Traceback (most recent call last):
  File "C:\Users\Dougl\AppData\Local\Programs\Python\Python313\Lib\pathlib\_local.py", line 722, in mkdir
    os.mkdir(self, mode)
    ~~~~~~~~^^^^^^^^^^^^
FileNotFoundError: [WinError 3] The system cannot find the path specified: 'E:\\Data'

During handling of the above exception, another exception occurred:

Traceback (most recent call last):
  File "d:\MLS\server\communications\manager.py", line 1911, in <module>
    mgr = ControlManager()
  File "d:\MLS\server\communications\manager.py", line 650, in __init__
    self.logger = setup_logging(component="manager")
                  ~~~~~~~~~~~~~^^^^^^^^^^^^^^^^^^^^^
  File "d:\MLS\core\logger.py", line 106, in setup_logging
    log_path.parent.mkdir(parents=True, exist_ok=True)
    ~~~~~~~~~~~~~~~~~~~~~^^^^^^^^^^^^^^^^^^^^^^^^^^^^^
  File "C:\Users\Dougl\AppData\Local\Programs\Python\Python313\Lib\pathlib\_local.py", line 726, in mkdir
    self.parent.mkdir(parents=True, exist_ok=True)
    ~~~~~~~~~~~~~~~~~^^^^^^^^^^^^^^^^^^^^^^^^^^^^^
  File "C:\Users\Dougl\AppData\Local\Programs\Python\Python313\Lib\pathlib\_local.py", line 726, in mkdir
    self.parent.mkdir(parents=True, exist_ok=True)
    ~~~~~~~~~~~~~~~~~^^^^^^^^^^^^^^^^^^^^^^^^^^^^^
  File "C:\Users\Dougl\AppData\Local\Programs\Python\Python313\Lib\pathlib\_local.py", line 722, in mkdir
    os.mkdir(self, mode)
    ~~~~~~~~^^^^^^^^^^^^
FileNotFoundError: [WinError 3] The system cannot find the path specified: 'E:\\'
ERROR:root:Fatal error: [WinError 3] The system cannot find the path specified: 'E:\\'
Traceback (most recent call last):
  File "C:\Users\Dougl\AppData\Local\Programs\Python\Python313\Lib\pathlib\_local.py", line 722, in mkdir
    os.mkdir(self, mode)
    ~~~~~~~~^^^^^^^^^^^^
FileNotFoundError: [WinError 3] The system cannot find the path specified: 'E:\\Data\\logs'

During handling of the above exception, another exception occurred:

Traceback (most recent call last):
  File "C:\Users\Dougl\AppData\Local\Programs\Python\Python313\Lib\pathlib\_local.py", line 722, in mkdir
    os.mkdir(self, mode)
    ~~~~~~~~^^^^^^^^^^^^
FileNotFoundError: [WinError 3] The system cannot find the path specified: 'E:\\Data'

During handling of the above exception, another exception occurred:

Traceback (most recent call last):
  File "d:\MLS\server\communications\manager.py", line 1911, in <module>
    mgr = ControlManager()
  File "d:\MLS\server\communications\manager.py", line 650, in __init__
    self.logger = setup_logging(component="manager")
                  ~~~~~~~~~~~~~^^^^^^^^^^^^^^^^^^^^^
  File "d:\MLS\core\logger.py", line 106, in setup_logging
    log_path.parent.mkdir(parents=True, exist_ok=True)
    ~~~~~~~~~~~~~~~~~~~~~^^^^^^^^^^^^^^^^^^^^^^^^^^^^^
  File "C:\Users\Dougl\AppData\Local\Programs\Python\Python313\Lib\pathlib\_local.py", line 726, in mkdir
    self.parent.mkdir(parents=True, exist_ok=True)
    ~~~~~~~~~~~~~~~~~^^^^^^^^^^^^^^^^^^^^^^^^^^^^^
  File "C:\Users\Dougl\AppData\Local\Programs\Python\Python313\Lib\pathlib\_local.py", line 726, in mkdir
    self.parent.mkdir(parents=True, exist_ok=True)
    ~~~~~~~~~~~~~~~~~^^^^^^^^^^^^^^^^^^^^^^^^^^^^^
  File "C:\Users\Dougl\AppData\Local\Programs\Python\Python313\Lib\pathlib\_local.py", line 722, in mkdir
    os.mkdir(self, mode)
    ~~~~~~~~^^^^^^^^^^^^
FileNotFoundError: [WinError 3] The system cannot find the path specified: 'E:\\'
Traceback (most recent call last):
  File "C:\Users\Dougl\AppData\Local\Programs\Python\Python313\Lib\pathlib\_local.py", line 722, in mkdir
    os.mkdir(self, mode)
    ~~~~~~~~^^^^^^^^^^^^
FileNotFoundError: [WinError 3] The system cannot find the path specified: 'E:\\Data\\logs'

During handling of the above exception, another exception occurred:

Traceback (most recent call last):
  File "C:\Users\Dougl\AppData\Local\Programs\Python\Python313\Lib\pathlib\_local.py", line 722, in mkdir
    os.mkdir(self, mode)
    ~~~~~~~~^^^^^^^^^^^^
FileNotFoundError: [WinError 3] The system cannot find the path specified: 'E:\\Data'

During handling of the above exception, another exception occurred:

Traceback (most recent call last):
  File "d:\MLS\server\communications\manager.py", line 1911, in <module>
    mgr = ControlManager()
  File "d:\MLS\server\communications\manager.py", line 650, in __init__
    self.logger = setup_logging(component="manager")
                  ~~~~~~~~~~~~~^^^^^^^^^^^^^^^^^^^^^
  File "d:\MLS\core\logger.py", line 106, in setup_logging
    log_path.parent.mkdir(parents=True, exist_ok=True)
    ~~~~~~~~~~~~~~~~~~~~~^^^^^^^^^^^^^^^^^^^^^^^^^^^^^
  File "C:\Users\Dougl\AppData\Local\Programs\Python\Python313\Lib\pathlib\_local.py", line 726, in mkdir
    self.parent.mkdir(parents=True, exist_ok=True)
    ~~~~~~~~~~~~~~~~~^^^^^^^^^^^^^^^^^^^^^^^^^^^^^
  File "C:\Users\Dougl\AppData\Local\Programs\Python\Python313\Lib\pathlib\_local.py", line 726, in mkdir
    self.parent.mkdir(parents=True, exist_ok=True)
    ~~~~~~~~~~~~~~~~~^^^^^^^^^^^^^^^^^^^^^^^^^^^^^
  File "C:\Users\Dougl\AppData\Local\Programs\Python\Python313\Lib\pathlib\_local.py", line 722, in mkdir
    os.mkdir(self, mode)
    ~~~~~~~~^^^^^^^^^^^^
FileNotFoundError: [WinError 3] The system cannot find the path specified: 'E:\\'
ERROR:root:Fatal error: [WinError 3] The system cannot find the path specified: 'E:\\'
Traceback (most recent call last):
  File "C:\Users\Dougl\AppData\Local\Programs\Python\Python313\Lib\pathlib\_local.py", line 722, in mkdir
    os.mkdir(self, mode)
    ~~~~~~~~^^^^^^^^^^^^
FileNotFoundError: [WinError 3] The system cannot find the path specified: 'E:\\Data\\logs'

During handling of the above exception, another exception occurred:

Traceback (most recent call last):
  File "C:\Users\Dougl\AppData\Local\Programs\Python\Python313\Lib\pathlib\_local.py", line 722, in mkdir
    os.mkdir(self, mode)
    ~~~~~~~~^^^^^^^^^^^^
FileNotFoundError: [WinError 3] The system cannot find the path specified: 'E:\\Data'

During handling of the above exception, another exception occurred:

Traceback (most recent call last):
  File "d:\MLS\server\communications\manager.py", line 1911, in <module>
    mgr = ControlManager()
  File "d:\MLS\server\communications\manager.py", line 650, in __init__
    self.logger = setup_logging(component="manager")
                  ~~~~~~~~~~~~~^^^^^^^^^^^^^^^^^^^^^
  File "d:\MLS\core\logger.py", line 106, in setup_logging
    log_path.parent.mkdir(parents=True, exist_ok=True)
    ~~~~~~~~~~~~~~~~~~~~~^^^^^^^^^^^^^^^^^^^^^^^^^^^^^
  File "C:\Users\Dougl\AppData\Local\Programs\Python\Python313\Lib\pathlib\_local.py", line 726, in mkdir
    self.parent.mkdir(parents=True, exist_ok=True)
    ~~~~~~~~~~~~~~~~~^^^^^^^^^^^^^^^^^^^^^^^^^^^^^
  File "C:\Users\Dougl\AppData\Local\Programs\Python\Python313\Lib\pathlib\_local.py", line 726, in mkdir
    self.parent.mkdir(parents=True, exist_ok=True)
    ~~~~~~~~~~~~~~~~~^^^^^^^^^^^^^^^^^^^^^^^^^^^^^
  File "C:\Users\Dougl\AppData\Local\Programs\Python\Python313\Lib\pathlib\_local.py", line 722, in mkdir
    os.mkdir(self, mode)
    ~~~~~~~~^^^^^^^^^^^^
FileNotFoundError: [WinError 3] The system cannot find the path specified: 'E:\\'
Traceback (most recent call last):
  File "C:\Users\Dougl\AppData\Local\Programs\Python\Python313\Lib\pathlib\_local.py", line 722, in mkdir
    os.mkdir(self, mode)
    ~~~~~~~~^^^^^^^^^^^^
FileNotFoundError: [WinError 3] The system cannot find the path specified: 'E:\\Data\\logs'

During handling of the above exception, another exception occurred:

Traceback (most recent call last):
  File "C:\Users\Dougl\AppData\Local\Programs\Python\Python313\Lib\pathlib\_local.py", line 722, in mkdir
    os.mkdir(self, mode)
    ~~~~~~~~^^^^^^^^^^^^
FileNotFoundError: [WinError 3] The system cannot find the path specified: 'E:\\Data'

During handling of the above exception, another exception occurred:

Traceback (most recent call last):
  File "d:\MLS\server\communications\manager.py", line 1911, in <module>
    mgr = ControlManager()
  File "d:\MLS\server\communications\manager.py", line 650, in __init__
    self.logger = setup_logging(component="manager")
                  ~~~~~~~~~~~~~^^^^^^^^^^^^^^^^^^^^^
  File "d:\MLS\core\logger.py", line 106, in setup_logging
    log_path.parent.mkdir(parents=True, exist_ok=True)
    ~~~~~~~~~~~~~~~~~~~~~^^^^^^^^^^^^^^^^^^^^^^^^^^^^^
  File "C:\Users\Dougl\AppData\Local\Programs\Python\Python313\Lib\pathlib\_local.py", line 726, in mkdir
    self.parent.mkdir(parents=True, exist_ok=True)
    ~~~~~~~~~~~~~~~~~^^^^^^^^^^^^^^^^^^^^^^^^^^^^^
  File "C:\Users\Dougl\AppData\Local\Programs\Python\Python313\Lib\pathlib\_local.py", line 726, in mkdir
    self.parent.mkdir(parents=True, exist_ok=True)
    ~~~~~~~~~~~~~~~~~^^^^^^^^^^^^^^^^^^^^^^^^^^^^^
  File "C:\Users\Dougl\AppData\Local\Programs\Python\Python313\Lib\pathlib\_local.py", line 722, in mkdir
    os.mkdir(self, mode)
    ~~~~~~~~^^^^^^^^^^^^
FileNotFoundError: [WinError 3] The system cannot find the path specified: 'E:\\'
