Traceback (most recent call last):
  File "e:\Xi\mls\server\cam\camera_server.py", line 20, in <module>
    import cv2
ModuleNotFoundError: No module named 'cv2'
Traceback (most recent call last):
  File "e:\Xi\mls\server\cam\camera_server.py", line 20, in <module>
    import cv2
ModuleNotFoundError: No module named 'cv2'
Traceback (most recent call last):
  File "e:\Xi\mls\server\cam\camera_server.py", line 20, in <module>
    import cv2
ModuleNotFoundError: No module named 'cv2'
Traceback (most recent call last):
  File "e:\Xi\mls\server\cam\camera_server.py", line 20, in <module>
    import cv2
ModuleNotFoundError: No module named 'cv2'
Traceback (most recent call last):
  File "e:\Xi\mls\server\cam\camera_server.py", line 20, in <module>
    import cv2
ModuleNotFoundError: No module named 'cv2'
Traceback (most recent call last):
  File "e:\Xi\mls\server\cam\camera_server.py", line 20, in <module>
    import cv2
ModuleNotFoundError: No module named 'cv2'
Traceback (most recent call last):
  File "e:\Xi\mls\server\cam\camera_server.py", line 20, in <module>
    import cv2
ModuleNotFoundError: No module named 'cv2'
Traceback (most recent call last):
  File "e:\Xi\mls\server\cam\camera_server.py", line 20, in <module>
    import cv2
ModuleNotFoundError: No module named 'cv2'
Traceback (most recent call last):
  File "e:\Xi\mls\server\cam\camera_server.py", line 20, in <module>
    import cv2
ModuleNotFoundError: No module named 'cv2'
Traceback (most recent call last):
  File "e:\Xi\mls\server\cam\camera_server.py", line 20, in <module>
    import cv2
ModuleNotFoundError: No module named 'cv2'
Traceback (most recent call last):
  File "e:\Xi\mls\server\cam\camera_server.py", line 20, in <module>
    import cv2
ModuleNotFoundError: No module named 'cv2'
Traceback (most recent call last):
  File "e:\Xi\mls\server\cam\camera_server.py", line 34, in <module>
    config = get_config()
             ^^^^^^^^^^^^
  File "e:\Xi\mls\core\config.py", line 138, in get_config
    _config_instance = Config(config_path)
                       ^^^^^^^^^^^^^^^^^^^
  File "e:\Xi\mls\core\config.py", line 22, in __new__
    cls._instance._load_config(config_path)
  File "e:\Xi\mls\core\config.py", line 38, in _load_config
    self._config = yaml.safe_load(f)
                   ^^^^^^^^^^^^^^^^^
  File "E:\Xi\mls\.venv\Lib\site-packages\yaml\__init__.py", line 125, in safe_load
    return load(stream, SafeLoader)
           ^^^^^^^^^^^^^^^^^^^^^^^^
  File "E:\Xi\mls\.venv\Lib\site-packages\yaml\__init__.py", line 81, in load
    return loader.get_single_data()
           ^^^^^^^^^^^^^^^^^^^^^^^^
  File "E:\Xi\mls\.venv\Lib\site-packages\yaml\constructor.py", line 49, in get_single_data
    node = self.get_single_node()
           ^^^^^^^^^^^^^^^^^^^^^^
  File "E:\Xi\mls\.venv\Lib\site-packages\yaml\composer.py", line 36, in get_single_node
    document = self.compose_document()
               ^^^^^^^^^^^^^^^^^^^^^^^
  File "E:\Xi\mls\.venv\Lib\site-packages\yaml\composer.py", line 55, in compose_document
    node = self.compose_node(None, None)
           ^^^^^^^^^^^^^^^^^^^^^^^^^^^^^
  File "E:\Xi\mls\.venv\Lib\site-packages\yaml\composer.py", line 84, in compose_node
    node = self.compose_mapping_node(anchor)
           ^^^^^^^^^^^^^^^^^^^^^^^^^^^^^^^^^
  File "E:\Xi\mls\.venv\Lib\site-packages\yaml\composer.py", line 133, in compose_mapping_node
    item_value = self.compose_node(node, item_key)
                 ^^^^^^^^^^^^^^^^^^^^^^^^^^^^^^^^^
  File "E:\Xi\mls\.venv\Lib\site-packages\yaml\composer.py", line 84, in compose_node
    node = self.compose_mapping_node(anchor)
           ^^^^^^^^^^^^^^^^^^^^^^^^^^^^^^^^^
  File "E:\Xi\mls\.venv\Lib\site-packages\yaml\composer.py", line 133, in compose_mapping_node
    item_value = self.compose_node(node, item_key)
                 ^^^^^^^^^^^^^^^^^^^^^^^^^^^^^^^^^
  File "E:\Xi\mls\.venv\Lib\site-packages\yaml\composer.py", line 64, in compose_node
    if self.check_event(AliasEvent):
       ^^^^^^^^^^^^^^^^^^^^^^^^^^^^
  File "E:\Xi\mls\.venv\Lib\site-packages\yaml\parser.py", line 98, in check_event
    self.current_event = self.state()
                         ^^^^^^^^^^^^
  File "E:\Xi\mls\.venv\Lib\site-packages\yaml\parser.py", line 449, in parse_block_mapping_value
    if not self.check_token(KeyToken, ValueToken, BlockEndToken):
           ^^^^^^^^^^^^^^^^^^^^^^^^^^^^^^^^^^^^^^^^^^^^^^^^^^^^^
  File "E:\Xi\mls\.venv\Lib\site-packages\yaml\scanner.py", line 116, in check_token
    self.fetch_more_tokens()
  File "E:\Xi\mls\.venv\Lib\site-packages\yaml\scanner.py", line 251, in fetch_more_tokens
    return self.fetch_double()
           ^^^^^^^^^^^^^^^^^^^
  File "E:\Xi\mls\.venv\Lib\site-packages\yaml\scanner.py", line 655, in fetch_double
    self.fetch_flow_scalar(style='"')
  File "E:\Xi\mls\.venv\Lib\site-packages\yaml\scanner.py", line 666, in fetch_flow_scalar
    self.tokens.append(self.scan_flow_scalar(style))
                       ^^^^^^^^^^^^^^^^^^^^^^^^^^^^
  File "E:\Xi\mls\.venv\Lib\site-packages\yaml\scanner.py", line 1149, in scan_flow_scalar
    chunks.extend(self.scan_flow_scalar_non_spaces(double, start_mark))
                  ^^^^^^^^^^^^^^^^^^^^^^^^^^^^^^^^^^^^^^^^^^^^^^^^^^^^
  File "E:\Xi\mls\.venv\Lib\site-packages\yaml\scanner.py", line 1223, in scan_flow_scalar_non_spaces
    raise ScannerError("while scanning a double-quoted scalar", start_mark,
yaml.scanner.ScannerError: while scanning a double-quoted scalar
  in "e:\Xi\mls\config\settings.yaml", line 30, column 16
found unknown escape character 'X'
  in "e:\Xi\mls\config\settings.yaml", line 30, column 20
Traceback (most recent call last):
  File "e:\Xi\mls\server\cam\camera_server.py", line 34, in <module>
    config = get_config()
             ^^^^^^^^^^^^
  File "e:\Xi\mls\core\config.py", line 138, in get_config
    _config_instance = Config(config_path)
                       ^^^^^^^^^^^^^^^^^^^
  File "e:\Xi\mls\core\config.py", line 22, in __new__
    cls._instance._load_config(config_path)
  File "e:\Xi\mls\core\config.py", line 38, in _load_config
    self._config = yaml.safe_load(f)
                   ^^^^^^^^^^^^^^^^^
  File "E:\Xi\mls\.venv\Lib\site-packages\yaml\__init__.py", line 125, in safe_load
    return load(stream, SafeLoader)
           ^^^^^^^^^^^^^^^^^^^^^^^^
  File "E:\Xi\mls\.venv\Lib\site-packages\yaml\__init__.py", line 81, in load
    return loader.get_single_data()
           ^^^^^^^^^^^^^^^^^^^^^^^^
  File "E:\Xi\mls\.venv\Lib\site-packages\yaml\constructor.py", line 49, in get_single_data
    node = self.get_single_node()
           ^^^^^^^^^^^^^^^^^^^^^^
  File "E:\Xi\mls\.venv\Lib\site-packages\yaml\composer.py", line 36, in get_single_node
    document = self.compose_document()
               ^^^^^^^^^^^^^^^^^^^^^^^
  File "E:\Xi\mls\.venv\Lib\site-packages\yaml\composer.py", line 55, in compose_document
    node = self.compose_node(None, None)
           ^^^^^^^^^^^^^^^^^^^^^^^^^^^^^
  File "E:\Xi\mls\.venv\Lib\site-packages\yaml\composer.py", line 84, in compose_node
    node = self.compose_mapping_node(anchor)
           ^^^^^^^^^^^^^^^^^^^^^^^^^^^^^^^^^
  File "E:\Xi\mls\.venv\Lib\site-packages\yaml\composer.py", line 133, in compose_mapping_node
    item_value = self.compose_node(node, item_key)
                 ^^^^^^^^^^^^^^^^^^^^^^^^^^^^^^^^^
  File "E:\Xi\mls\.venv\Lib\site-packages\yaml\composer.py", line 84, in compose_node
    node = self.compose_mapping_node(anchor)
           ^^^^^^^^^^^^^^^^^^^^^^^^^^^^^^^^^
  File "E:\Xi\mls\.venv\Lib\site-packages\yaml\composer.py", line 133, in compose_mapping_node
    item_value = self.compose_node(node, item_key)
                 ^^^^^^^^^^^^^^^^^^^^^^^^^^^^^^^^^
  File "E:\Xi\mls\.venv\Lib\site-packages\yaml\composer.py", line 64, in compose_node
    if self.check_event(AliasEvent):
       ^^^^^^^^^^^^^^^^^^^^^^^^^^^^
  File "E:\Xi\mls\.venv\Lib\site-packages\yaml\parser.py", line 98, in check_event
    self.current_event = self.state()
                         ^^^^^^^^^^^^
  File "E:\Xi\mls\.venv\Lib\site-packages\yaml\parser.py", line 449, in parse_block_mapping_value
    if not self.check_token(KeyToken, ValueToken, BlockEndToken):
           ^^^^^^^^^^^^^^^^^^^^^^^^^^^^^^^^^^^^^^^^^^^^^^^^^^^^^
  File "E:\Xi\mls\.venv\Lib\site-packages\yaml\scanner.py", line 116, in check_token
    self.fetch_more_tokens()
  File "E:\Xi\mls\.venv\Lib\site-packages\yaml\scanner.py", line 251, in fetch_more_tokens
    return self.fetch_double()
           ^^^^^^^^^^^^^^^^^^^
  File "E:\Xi\mls\.venv\Lib\site-packages\yaml\scanner.py", line 655, in fetch_double
    self.fetch_flow_scalar(style='"')
  File "E:\Xi\mls\.venv\Lib\site-packages\yaml\scanner.py", line 666, in fetch_flow_scalar
    self.tokens.append(self.scan_flow_scalar(style))
                       ^^^^^^^^^^^^^^^^^^^^^^^^^^^^
  File "E:\Xi\mls\.venv\Lib\site-packages\yaml\scanner.py", line 1149, in scan_flow_scalar
    chunks.extend(self.scan_flow_scalar_non_spaces(double, start_mark))
                  ^^^^^^^^^^^^^^^^^^^^^^^^^^^^^^^^^^^^^^^^^^^^^^^^^^^^
  File "E:\Xi\mls\.venv\Lib\site-packages\yaml\scanner.py", line 1223, in scan_flow_scalar_non_spaces
    raise ScannerError("while scanning a double-quoted scalar", start_mark,
yaml.scanner.ScannerError: while scanning a double-quoted scalar
  in "e:\Xi\mls\config\settings.yaml", line 30, column 16
found unknown escape character 'X'
  in "e:\Xi\mls\config\settings.yaml", line 30, column 20
Traceback (most recent call last):
  File "e:\Xi\mls\server\cam\camera_server.py", line 34, in <module>
    config = get_config()
             ^^^^^^^^^^^^
  File "e:\Xi\mls\core\config.py", line 138, in get_config
    _config_instance = Config(config_path)
                       ^^^^^^^^^^^^^^^^^^^
  File "e:\Xi\mls\core\config.py", line 22, in __new__
    cls._instance._load_config(config_path)
  File "e:\Xi\mls\core\config.py", line 38, in _load_config
    self._config = yaml.safe_load(f)
                   ^^^^^^^^^^^^^^^^^
  File "E:\Xi\mls\.venv\Lib\site-packages\yaml\__init__.py", line 125, in safe_load
    return load(stream, SafeLoader)
           ^^^^^^^^^^^^^^^^^^^^^^^^
  File "E:\Xi\mls\.venv\Lib\site-packages\yaml\__init__.py", line 81, in load
    return loader.get_single_data()
           ^^^^^^^^^^^^^^^^^^^^^^^^
  File "E:\Xi\mls\.venv\Lib\site-packages\yaml\constructor.py", line 49, in get_single_data
    node = self.get_single_node()
           ^^^^^^^^^^^^^^^^^^^^^^
  File "E:\Xi\mls\.venv\Lib\site-packages\yaml\composer.py", line 36, in get_single_node
    document = self.compose_document()
               ^^^^^^^^^^^^^^^^^^^^^^^
  File "E:\Xi\mls\.venv\Lib\site-packages\yaml\composer.py", line 55, in compose_document
    node = self.compose_node(None, None)
           ^^^^^^^^^^^^^^^^^^^^^^^^^^^^^
  File "E:\Xi\mls\.venv\Lib\site-packages\yaml\composer.py", line 84, in compose_node
    node = self.compose_mapping_node(anchor)
           ^^^^^^^^^^^^^^^^^^^^^^^^^^^^^^^^^
  File "E:\Xi\mls\.venv\Lib\site-packages\yaml\composer.py", line 133, in compose_mapping_node
    item_value = self.compose_node(node, item_key)
                 ^^^^^^^^^^^^^^^^^^^^^^^^^^^^^^^^^
  File "E:\Xi\mls\.venv\Lib\site-packages\yaml\composer.py", line 84, in compose_node
    node = self.compose_mapping_node(anchor)
           ^^^^^^^^^^^^^^^^^^^^^^^^^^^^^^^^^
  File "E:\Xi\mls\.venv\Lib\site-packages\yaml\composer.py", line 133, in compose_mapping_node
    item_value = self.compose_node(node, item_key)
                 ^^^^^^^^^^^^^^^^^^^^^^^^^^^^^^^^^
  File "E:\Xi\mls\.venv\Lib\site-packages\yaml\composer.py", line 64, in compose_node
    if self.check_event(AliasEvent):
       ^^^^^^^^^^^^^^^^^^^^^^^^^^^^
  File "E:\Xi\mls\.venv\Lib\site-packages\yaml\parser.py", line 98, in check_event
    self.current_event = self.state()
                         ^^^^^^^^^^^^
  File "E:\Xi\mls\.venv\Lib\site-packages\yaml\parser.py", line 449, in parse_block_mapping_value
    if not self.check_token(KeyToken, ValueToken, BlockEndToken):
           ^^^^^^^^^^^^^^^^^^^^^^^^^^^^^^^^^^^^^^^^^^^^^^^^^^^^^
  File "E:\Xi\mls\.venv\Lib\site-packages\yaml\scanner.py", line 116, in check_token
    self.fetch_more_tokens()
  File "E:\Xi\mls\.venv\Lib\site-packages\yaml\scanner.py", line 251, in fetch_more_tokens
    return self.fetch_double()
           ^^^^^^^^^^^^^^^^^^^
  File "E:\Xi\mls\.venv\Lib\site-packages\yaml\scanner.py", line 655, in fetch_double
    self.fetch_flow_scalar(style='"')
  File "E:\Xi\mls\.venv\Lib\site-packages\yaml\scanner.py", line 666, in fetch_flow_scalar
    self.tokens.append(self.scan_flow_scalar(style))
                       ^^^^^^^^^^^^^^^^^^^^^^^^^^^^
  File "E:\Xi\mls\.venv\Lib\site-packages\yaml\scanner.py", line 1149, in scan_flow_scalar
    chunks.extend(self.scan_flow_scalar_non_spaces(double, start_mark))
                  ^^^^^^^^^^^^^^^^^^^^^^^^^^^^^^^^^^^^^^^^^^^^^^^^^^^^
  File "E:\Xi\mls\.venv\Lib\site-packages\yaml\scanner.py", line 1223, in scan_flow_scalar_non_spaces
    raise ScannerError("while scanning a double-quoted scalar", start_mark,
yaml.scanner.ScannerError: while scanning a double-quoted scalar
  in "e:\Xi\mls\config\settings.yaml", line 30, column 16
found unknown escape character 'X'
  in "e:\Xi\mls\config\settings.yaml", line 30, column 20
Traceback (most recent call last):
  File "e:\Xi\mls\server\cam\camera_server.py", line 34, in <module>
    config = get_config()
             ^^^^^^^^^^^^
  File "e:\Xi\mls\core\config.py", line 138, in get_config
    _config_instance = Config(config_path)
                       ^^^^^^^^^^^^^^^^^^^
  File "e:\Xi\mls\core\config.py", line 22, in __new__
    cls._instance._load_config(config_path)
  File "e:\Xi\mls\core\config.py", line 38, in _load_config
    self._config = yaml.safe_load(f)
                   ^^^^^^^^^^^^^^^^^
  File "E:\Xi\mls\.venv\Lib\site-packages\yaml\__init__.py", line 125, in safe_load
    return load(stream, SafeLoader)
           ^^^^^^^^^^^^^^^^^^^^^^^^
  File "E:\Xi\mls\.venv\Lib\site-packages\yaml\__init__.py", line 81, in load
    return loader.get_single_data()
           ^^^^^^^^^^^^^^^^^^^^^^^^
  File "E:\Xi\mls\.venv\Lib\site-packages\yaml\constructor.py", line 49, in get_single_data
    node = self.get_single_node()
           ^^^^^^^^^^^^^^^^^^^^^^
  File "E:\Xi\mls\.venv\Lib\site-packages\yaml\composer.py", line 36, in get_single_node
    document = self.compose_document()
               ^^^^^^^^^^^^^^^^^^^^^^^
  File "E:\Xi\mls\.venv\Lib\site-packages\yaml\composer.py", line 55, in compose_document
    node = self.compose_node(None, None)
           ^^^^^^^^^^^^^^^^^^^^^^^^^^^^^
  File "E:\Xi\mls\.venv\Lib\site-packages\yaml\composer.py", line 84, in compose_node
    node = self.compose_mapping_node(anchor)
           ^^^^^^^^^^^^^^^^^^^^^^^^^^^^^^^^^
  File "E:\Xi\mls\.venv\Lib\site-packages\yaml\composer.py", line 133, in compose_mapping_node
    item_value = self.compose_node(node, item_key)
                 ^^^^^^^^^^^^^^^^^^^^^^^^^^^^^^^^^
  File "E:\Xi\mls\.venv\Lib\site-packages\yaml\composer.py", line 84, in compose_node
    node = self.compose_mapping_node(anchor)
           ^^^^^^^^^^^^^^^^^^^^^^^^^^^^^^^^^
  File "E:\Xi\mls\.venv\Lib\site-packages\yaml\composer.py", line 133, in compose_mapping_node
    item_value = self.compose_node(node, item_key)
                 ^^^^^^^^^^^^^^^^^^^^^^^^^^^^^^^^^
  File "E:\Xi\mls\.venv\Lib\site-packages\yaml\composer.py", line 64, in compose_node
    if self.check_event(AliasEvent):
       ^^^^^^^^^^^^^^^^^^^^^^^^^^^^
  File "E:\Xi\mls\.venv\Lib\site-packages\yaml\parser.py", line 98, in check_event
    self.current_event = self.state()
                         ^^^^^^^^^^^^
  File "E:\Xi\mls\.venv\Lib\site-packages\yaml\parser.py", line 449, in parse_block_mapping_value
    if not self.check_token(KeyToken, ValueToken, BlockEndToken):
           ^^^^^^^^^^^^^^^^^^^^^^^^^^^^^^^^^^^^^^^^^^^^^^^^^^^^^
  File "E:\Xi\mls\.venv\Lib\site-packages\yaml\scanner.py", line 116, in check_token
    self.fetch_more_tokens()
  File "E:\Xi\mls\.venv\Lib\site-packages\yaml\scanner.py", line 251, in fetch_more_tokens
    return self.fetch_double()
           ^^^^^^^^^^^^^^^^^^^
  File "E:\Xi\mls\.venv\Lib\site-packages\yaml\scanner.py", line 655, in fetch_double
    self.fetch_flow_scalar(style='"')
  File "E:\Xi\mls\.venv\Lib\site-packages\yaml\scanner.py", line 666, in fetch_flow_scalar
    self.tokens.append(self.scan_flow_scalar(style))
                       ^^^^^^^^^^^^^^^^^^^^^^^^^^^^
  File "E:\Xi\mls\.venv\Lib\site-packages\yaml\scanner.py", line 1149, in scan_flow_scalar
    chunks.extend(self.scan_flow_scalar_non_spaces(double, start_mark))
                  ^^^^^^^^^^^^^^^^^^^^^^^^^^^^^^^^^^^^^^^^^^^^^^^^^^^^
  File "E:\Xi\mls\.venv\Lib\site-packages\yaml\scanner.py", line 1223, in scan_flow_scalar_non_spaces
    raise ScannerError("while scanning a double-quoted scalar", start_mark,
yaml.scanner.ScannerError: while scanning a double-quoted scalar
  in "e:\Xi\mls\config\settings.yaml", line 30, column 16
found unknown escape character 'X'
  in "e:\Xi\mls\config\settings.yaml", line 30, column 20
Traceback (most recent call last):
  File "e:\Xi\mls\server\cam\camera_server.py", line 34, in <module>
    config = get_config()
             ^^^^^^^^^^^^
  File "e:\Xi\mls\core\config.py", line 138, in get_config
    _config_instance = Config(config_path)
                       ^^^^^^^^^^^^^^^^^^^
  File "e:\Xi\mls\core\config.py", line 22, in __new__
    cls._instance._load_config(config_path)
  File "e:\Xi\mls\core\config.py", line 38, in _load_config
    self._config = yaml.safe_load(f)
                   ^^^^^^^^^^^^^^^^^
  File "E:\Xi\mls\.venv\Lib\site-packages\yaml\__init__.py", line 125, in safe_load
    return load(stream, SafeLoader)
           ^^^^^^^^^^^^^^^^^^^^^^^^
  File "E:\Xi\mls\.venv\Lib\site-packages\yaml\__init__.py", line 81, in load
    return loader.get_single_data()
           ^^^^^^^^^^^^^^^^^^^^^^^^
  File "E:\Xi\mls\.venv\Lib\site-packages\yaml\constructor.py", line 49, in get_single_data
    node = self.get_single_node()
           ^^^^^^^^^^^^^^^^^^^^^^
  File "E:\Xi\mls\.venv\Lib\site-packages\yaml\composer.py", line 36, in get_single_node
    document = self.compose_document()
               ^^^^^^^^^^^^^^^^^^^^^^^
  File "E:\Xi\mls\.venv\Lib\site-packages\yaml\composer.py", line 55, in compose_document
    node = self.compose_node(None, None)
           ^^^^^^^^^^^^^^^^^^^^^^^^^^^^^
  File "E:\Xi\mls\.venv\Lib\site-packages\yaml\composer.py", line 84, in compose_node
    node = self.compose_mapping_node(anchor)
           ^^^^^^^^^^^^^^^^^^^^^^^^^^^^^^^^^
  File "E:\Xi\mls\.venv\Lib\site-packages\yaml\composer.py", line 133, in compose_mapping_node
    item_value = self.compose_node(node, item_key)
                 ^^^^^^^^^^^^^^^^^^^^^^^^^^^^^^^^^
  File "E:\Xi\mls\.venv\Lib\site-packages\yaml\composer.py", line 84, in compose_node
    node = self.compose_mapping_node(anchor)
           ^^^^^^^^^^^^^^^^^^^^^^^^^^^^^^^^^
  File "E:\Xi\mls\.venv\Lib\site-packages\yaml\composer.py", line 133, in compose_mapping_node
    item_value = self.compose_node(node, item_key)
                 ^^^^^^^^^^^^^^^^^^^^^^^^^^^^^^^^^
  File "E:\Xi\mls\.venv\Lib\site-packages\yaml\composer.py", line 64, in compose_node
    if self.check_event(AliasEvent):
       ^^^^^^^^^^^^^^^^^^^^^^^^^^^^
  File "E:\Xi\mls\.venv\Lib\site-packages\yaml\parser.py", line 98, in check_event
    self.current_event = self.state()
                         ^^^^^^^^^^^^
  File "E:\Xi\mls\.venv\Lib\site-packages\yaml\parser.py", line 449, in parse_block_mapping_value
    if not self.check_token(KeyToken, ValueToken, BlockEndToken):
           ^^^^^^^^^^^^^^^^^^^^^^^^^^^^^^^^^^^^^^^^^^^^^^^^^^^^^
  File "E:\Xi\mls\.venv\Lib\site-packages\yaml\scanner.py", line 116, in check_token
    self.fetch_more_tokens()
  File "E:\Xi\mls\.venv\Lib\site-packages\yaml\scanner.py", line 251, in fetch_more_tokens
    return self.fetch_double()
           ^^^^^^^^^^^^^^^^^^^
  File "E:\Xi\mls\.venv\Lib\site-packages\yaml\scanner.py", line 655, in fetch_double
    self.fetch_flow_scalar(style='"')
  File "E:\Xi\mls\.venv\Lib\site-packages\yaml\scanner.py", line 666, in fetch_flow_scalar
    self.tokens.append(self.scan_flow_scalar(style))
                       ^^^^^^^^^^^^^^^^^^^^^^^^^^^^
  File "E:\Xi\mls\.venv\Lib\site-packages\yaml\scanner.py", line 1149, in scan_flow_scalar
    chunks.extend(self.scan_flow_scalar_non_spaces(double, start_mark))
                  ^^^^^^^^^^^^^^^^^^^^^^^^^^^^^^^^^^^^^^^^^^^^^^^^^^^^
  File "E:\Xi\mls\.venv\Lib\site-packages\yaml\scanner.py", line 1223, in scan_flow_scalar_non_spaces
    raise ScannerError("while scanning a double-quoted scalar", start_mark,
yaml.scanner.ScannerError: while scanning a double-quoted scalar
  in "e:\Xi\mls\config\settings.yaml", line 30, column 16
found unknown escape character 'X'
  in "e:\Xi\mls\config\settings.yaml", line 30, column 20
Traceback (most recent call last):
  File "e:\Xi\mls\server\cam\camera_server.py", line 34, in <module>
    config = get_config()
             ^^^^^^^^^^^^
  File "e:\Xi\mls\core\config.py", line 138, in get_config
    _config_instance = Config(config_path)
                       ^^^^^^^^^^^^^^^^^^^
  File "e:\Xi\mls\core\config.py", line 22, in __new__
    cls._instance._load_config(config_path)
  File "e:\Xi\mls\core\config.py", line 38, in _load_config
    self._config = yaml.safe_load(f)
                   ^^^^^^^^^^^^^^^^^
  File "E:\Xi\mls\.venv\Lib\site-packages\yaml\__init__.py", line 125, in safe_load
    return load(stream, SafeLoader)
           ^^^^^^^^^^^^^^^^^^^^^^^^
  File "E:\Xi\mls\.venv\Lib\site-packages\yaml\__init__.py", line 81, in load
    return loader.get_single_data()
           ^^^^^^^^^^^^^^^^^^^^^^^^
  File "E:\Xi\mls\.venv\Lib\site-packages\yaml\constructor.py", line 49, in get_single_data
    node = self.get_single_node()
           ^^^^^^^^^^^^^^^^^^^^^^
  File "E:\Xi\mls\.venv\Lib\site-packages\yaml\composer.py", line 36, in get_single_node
    document = self.compose_document()
               ^^^^^^^^^^^^^^^^^^^^^^^
  File "E:\Xi\mls\.venv\Lib\site-packages\yaml\composer.py", line 55, in compose_document
    node = self.compose_node(None, None)
           ^^^^^^^^^^^^^^^^^^^^^^^^^^^^^
  File "E:\Xi\mls\.venv\Lib\site-packages\yaml\composer.py", line 84, in compose_node
    node = self.compose_mapping_node(anchor)
           ^^^^^^^^^^^^^^^^^^^^^^^^^^^^^^^^^
  File "E:\Xi\mls\.venv\Lib\site-packages\yaml\composer.py", line 133, in compose_mapping_node
    item_value = self.compose_node(node, item_key)
                 ^^^^^^^^^^^^^^^^^^^^^^^^^^^^^^^^^
  File "E:\Xi\mls\.venv\Lib\site-packages\yaml\composer.py", line 84, in compose_node
    node = self.compose_mapping_node(anchor)
           ^^^^^^^^^^^^^^^^^^^^^^^^^^^^^^^^^
  File "E:\Xi\mls\.venv\Lib\site-packages\yaml\composer.py", line 133, in compose_mapping_node
    item_value = self.compose_node(node, item_key)
                 ^^^^^^^^^^^^^^^^^^^^^^^^^^^^^^^^^
  File "E:\Xi\mls\.venv\Lib\site-packages\yaml\composer.py", line 64, in compose_node
    if self.check_event(AliasEvent):
       ^^^^^^^^^^^^^^^^^^^^^^^^^^^^
  File "E:\Xi\mls\.venv\Lib\site-packages\yaml\parser.py", line 98, in check_event
    self.current_event = self.state()
                         ^^^^^^^^^^^^
  File "E:\Xi\mls\.venv\Lib\site-packages\yaml\parser.py", line 449, in parse_block_mapping_value
    if not self.check_token(KeyToken, ValueToken, BlockEndToken):
           ^^^^^^^^^^^^^^^^^^^^^^^^^^^^^^^^^^^^^^^^^^^^^^^^^^^^^
  File "E:\Xi\mls\.venv\Lib\site-packages\yaml\scanner.py", line 116, in check_token
    self.fetch_more_tokens()
  File "E:\Xi\mls\.venv\Lib\site-packages\yaml\scanner.py", line 251, in fetch_more_tokens
    return self.fetch_double()
           ^^^^^^^^^^^^^^^^^^^
  File "E:\Xi\mls\.venv\Lib\site-packages\yaml\scanner.py", line 655, in fetch_double
    self.fetch_flow_scalar(style='"')
  File "E:\Xi\mls\.venv\Lib\site-packages\yaml\scanner.py", line 666, in fetch_flow_scalar
    self.tokens.append(self.scan_flow_scalar(style))
                       ^^^^^^^^^^^^^^^^^^^^^^^^^^^^
  File "E:\Xi\mls\.venv\Lib\site-packages\yaml\scanner.py", line 1149, in scan_flow_scalar
    chunks.extend(self.scan_flow_scalar_non_spaces(double, start_mark))
                  ^^^^^^^^^^^^^^^^^^^^^^^^^^^^^^^^^^^^^^^^^^^^^^^^^^^^
  File "E:\Xi\mls\.venv\Lib\site-packages\yaml\scanner.py", line 1223, in scan_flow_scalar_non_spaces
    raise ScannerError("while scanning a double-quoted scalar", start_mark,
yaml.scanner.ScannerError: while scanning a double-quoted scalar
  in "e:\Xi\mls\config\settings.yaml", line 30, column 16
found unknown escape character 'X'
  in "e:\Xi\mls\config\settings.yaml", line 30, column 20
Traceback (most recent call last):
  File "e:\Xi\mls\server\cam\camera_server.py", line 34, in <module>
    config = get_config()
             ^^^^^^^^^^^^
  File "e:\Xi\mls\core\config.py", line 138, in get_config
    _config_instance = Config(config_path)
                       ^^^^^^^^^^^^^^^^^^^
  File "e:\Xi\mls\core\config.py", line 22, in __new__
    cls._instance._load_config(config_path)
  File "e:\Xi\mls\core\config.py", line 38, in _load_config
    self._config = yaml.safe_load(f)
                   ^^^^^^^^^^^^^^^^^
  File "E:\Xi\mls\.venv\Lib\site-packages\yaml\__init__.py", line 125, in safe_load
    return load(stream, SafeLoader)
           ^^^^^^^^^^^^^^^^^^^^^^^^
  File "E:\Xi\mls\.venv\Lib\site-packages\yaml\__init__.py", line 81, in load
    return loader.get_single_data()
           ^^^^^^^^^^^^^^^^^^^^^^^^
  File "E:\Xi\mls\.venv\Lib\site-packages\yaml\constructor.py", line 49, in get_single_data
    node = self.get_single_node()
           ^^^^^^^^^^^^^^^^^^^^^^
  File "E:\Xi\mls\.venv\Lib\site-packages\yaml\composer.py", line 36, in get_single_node
    document = self.compose_document()
               ^^^^^^^^^^^^^^^^^^^^^^^
  File "E:\Xi\mls\.venv\Lib\site-packages\yaml\composer.py", line 55, in compose_document
    node = self.compose_node(None, None)
           ^^^^^^^^^^^^^^^^^^^^^^^^^^^^^
  File "E:\Xi\mls\.venv\Lib\site-packages\yaml\composer.py", line 84, in compose_node
    node = self.compose_mapping_node(anchor)
           ^^^^^^^^^^^^^^^^^^^^^^^^^^^^^^^^^
  File "E:\Xi\mls\.venv\Lib\site-packages\yaml\composer.py", line 133, in compose_mapping_node
    item_value = self.compose_node(node, item_key)
                 ^^^^^^^^^^^^^^^^^^^^^^^^^^^^^^^^^
  File "E:\Xi\mls\.venv\Lib\site-packages\yaml\composer.py", line 84, in compose_node
    node = self.compose_mapping_node(anchor)
           ^^^^^^^^^^^^^^^^^^^^^^^^^^^^^^^^^
  File "E:\Xi\mls\.venv\Lib\site-packages\yaml\composer.py", line 133, in compose_mapping_node
    item_value = self.compose_node(node, item_key)
                 ^^^^^^^^^^^^^^^^^^^^^^^^^^^^^^^^^
  File "E:\Xi\mls\.venv\Lib\site-packages\yaml\composer.py", line 64, in compose_node
    if self.check_event(AliasEvent):
       ^^^^^^^^^^^^^^^^^^^^^^^^^^^^
  File "E:\Xi\mls\.venv\Lib\site-packages\yaml\parser.py", line 98, in check_event
    self.current_event = self.state()
                         ^^^^^^^^^^^^
  File "E:\Xi\mls\.venv\Lib\site-packages\yaml\parser.py", line 449, in parse_block_mapping_value
    if not self.check_token(KeyToken, ValueToken, BlockEndToken):
           ^^^^^^^^^^^^^^^^^^^^^^^^^^^^^^^^^^^^^^^^^^^^^^^^^^^^^
  File "E:\Xi\mls\.venv\Lib\site-packages\yaml\scanner.py", line 116, in check_token
    self.fetch_more_tokens()
  File "E:\Xi\mls\.venv\Lib\site-packages\yaml\scanner.py", line 251, in fetch_more_tokens
    return self.fetch_double()
           ^^^^^^^^^^^^^^^^^^^
  File "E:\Xi\mls\.venv\Lib\site-packages\yaml\scanner.py", line 655, in fetch_double
    self.fetch_flow_scalar(style='"')
  File "E:\Xi\mls\.venv\Lib\site-packages\yaml\scanner.py", line 666, in fetch_flow_scalar
    self.tokens.append(self.scan_flow_scalar(style))
                       ^^^^^^^^^^^^^^^^^^^^^^^^^^^^
  File "E:\Xi\mls\.venv\Lib\site-packages\yaml\scanner.py", line 1149, in scan_flow_scalar
    chunks.extend(self.scan_flow_scalar_non_spaces(double, start_mark))
                  ^^^^^^^^^^^^^^^^^^^^^^^^^^^^^^^^^^^^^^^^^^^^^^^^^^^^
  File "E:\Xi\mls\.venv\Lib\site-packages\yaml\scanner.py", line 1223, in scan_flow_scalar_non_spaces
    raise ScannerError("while scanning a double-quoted scalar", start_mark,
yaml.scanner.ScannerError: while scanning a double-quoted scalar
  in "e:\Xi\mls\config\settings.yaml", line 30, column 16
found unknown escape character 'X'
  in "e:\Xi\mls\config\settings.yaml", line 30, column 20
Traceback (most recent call last):
  File "e:\Xi\mls\server\cam\camera_server.py", line 34, in <module>
    config = get_config()
             ^^^^^^^^^^^^
  File "e:\Xi\mls\core\config.py", line 138, in get_config
    _config_instance = Config(config_path)
                       ^^^^^^^^^^^^^^^^^^^
  File "e:\Xi\mls\core\config.py", line 22, in __new__
    cls._instance._load_config(config_path)
  File "e:\Xi\mls\core\config.py", line 38, in _load_config
    self._config = yaml.safe_load(f)
                   ^^^^^^^^^^^^^^^^^
  File "E:\Xi\mls\.venv\Lib\site-packages\yaml\__init__.py", line 125, in safe_load
    return load(stream, SafeLoader)
           ^^^^^^^^^^^^^^^^^^^^^^^^
  File "E:\Xi\mls\.venv\Lib\site-packages\yaml\__init__.py", line 81, in load
    return loader.get_single_data()
           ^^^^^^^^^^^^^^^^^^^^^^^^
  File "E:\Xi\mls\.venv\Lib\site-packages\yaml\constructor.py", line 49, in get_single_data
    node = self.get_single_node()
           ^^^^^^^^^^^^^^^^^^^^^^
  File "E:\Xi\mls\.venv\Lib\site-packages\yaml\composer.py", line 36, in get_single_node
    document = self.compose_document()
               ^^^^^^^^^^^^^^^^^^^^^^^
  File "E:\Xi\mls\.venv\Lib\site-packages\yaml\composer.py", line 55, in compose_document
    node = self.compose_node(None, None)
           ^^^^^^^^^^^^^^^^^^^^^^^^^^^^^
  File "E:\Xi\mls\.venv\Lib\site-packages\yaml\composer.py", line 84, in compose_node
    node = self.compose_mapping_node(anchor)
           ^^^^^^^^^^^^^^^^^^^^^^^^^^^^^^^^^
  File "E:\Xi\mls\.venv\Lib\site-packages\yaml\composer.py", line 133, in compose_mapping_node
    item_value = self.compose_node(node, item_key)
                 ^^^^^^^^^^^^^^^^^^^^^^^^^^^^^^^^^
  File "E:\Xi\mls\.venv\Lib\site-packages\yaml\composer.py", line 84, in compose_node
    node = self.compose_mapping_node(anchor)
           ^^^^^^^^^^^^^^^^^^^^^^^^^^^^^^^^^
  File "E:\Xi\mls\.venv\Lib\site-packages\yaml\composer.py", line 133, in compose_mapping_node
    item_value = self.compose_node(node, item_key)
                 ^^^^^^^^^^^^^^^^^^^^^^^^^^^^^^^^^
  File "E:\Xi\mls\.venv\Lib\site-packages\yaml\composer.py", line 64, in compose_node
    if self.check_event(AliasEvent):
       ^^^^^^^^^^^^^^^^^^^^^^^^^^^^
  File "E:\Xi\mls\.venv\Lib\site-packages\yaml\parser.py", line 98, in check_event
    self.current_event = self.state()
                         ^^^^^^^^^^^^
  File "E:\Xi\mls\.venv\Lib\site-packages\yaml\parser.py", line 449, in parse_block_mapping_value
    if not self.check_token(KeyToken, ValueToken, BlockEndToken):
           ^^^^^^^^^^^^^^^^^^^^^^^^^^^^^^^^^^^^^^^^^^^^^^^^^^^^^
  File "E:\Xi\mls\.venv\Lib\site-packages\yaml\scanner.py", line 116, in check_token
    self.fetch_more_tokens()
  File "E:\Xi\mls\.venv\Lib\site-packages\yaml\scanner.py", line 251, in fetch_more_tokens
    return self.fetch_double()
           ^^^^^^^^^^^^^^^^^^^
  File "E:\Xi\mls\.venv\Lib\site-packages\yaml\scanner.py", line 655, in fetch_double
    self.fetch_flow_scalar(style='"')
  File "E:\Xi\mls\.venv\Lib\site-packages\yaml\scanner.py", line 666, in fetch_flow_scalar
    self.tokens.append(self.scan_flow_scalar(style))
                       ^^^^^^^^^^^^^^^^^^^^^^^^^^^^
  File "E:\Xi\mls\.venv\Lib\site-packages\yaml\scanner.py", line 1149, in scan_flow_scalar
    chunks.extend(self.scan_flow_scalar_non_spaces(double, start_mark))
                  ^^^^^^^^^^^^^^^^^^^^^^^^^^^^^^^^^^^^^^^^^^^^^^^^^^^^
  File "E:\Xi\mls\.venv\Lib\site-packages\yaml\scanner.py", line 1223, in scan_flow_scalar_non_spaces
    raise ScannerError("while scanning a double-quoted scalar", start_mark,
yaml.scanner.ScannerError: while scanning a double-quoted scalar
  in "e:\Xi\mls\config\settings.yaml", line 30, column 16
found unknown escape character 'X'
  in "e:\Xi\mls\config\settings.yaml", line 30, column 20
Traceback (most recent call last):
  File "e:\Xi\mls\server\cam\camera_server.py", line 34, in <module>
    config = get_config()
             ^^^^^^^^^^^^
  File "e:\Xi\mls\core\config.py", line 138, in get_config
    _config_instance = Config(config_path)
                       ^^^^^^^^^^^^^^^^^^^
  File "e:\Xi\mls\core\config.py", line 22, in __new__
    cls._instance._load_config(config_path)
  File "e:\Xi\mls\core\config.py", line 38, in _load_config
    self._config = yaml.safe_load(f)
                   ^^^^^^^^^^^^^^^^^
  File "E:\Xi\mls\.venv\Lib\site-packages\yaml\__init__.py", line 125, in safe_load
    return load(stream, SafeLoader)
           ^^^^^^^^^^^^^^^^^^^^^^^^
  File "E:\Xi\mls\.venv\Lib\site-packages\yaml\__init__.py", line 81, in load
    return loader.get_single_data()
           ^^^^^^^^^^^^^^^^^^^^^^^^
  File "E:\Xi\mls\.venv\Lib\site-packages\yaml\constructor.py", line 49, in get_single_data
    node = self.get_single_node()
           ^^^^^^^^^^^^^^^^^^^^^^
  File "E:\Xi\mls\.venv\Lib\site-packages\yaml\composer.py", line 36, in get_single_node
    document = self.compose_document()
               ^^^^^^^^^^^^^^^^^^^^^^^
  File "E:\Xi\mls\.venv\Lib\site-packages\yaml\composer.py", line 55, in compose_document
    node = self.compose_node(None, None)
           ^^^^^^^^^^^^^^^^^^^^^^^^^^^^^
  File "E:\Xi\mls\.venv\Lib\site-packages\yaml\composer.py", line 84, in compose_node
    node = self.compose_mapping_node(anchor)
           ^^^^^^^^^^^^^^^^^^^^^^^^^^^^^^^^^
  File "E:\Xi\mls\.venv\Lib\site-packages\yaml\composer.py", line 133, in compose_mapping_node
    item_value = self.compose_node(node, item_key)
                 ^^^^^^^^^^^^^^^^^^^^^^^^^^^^^^^^^
  File "E:\Xi\mls\.venv\Lib\site-packages\yaml\composer.py", line 84, in compose_node
    node = self.compose_mapping_node(anchor)
           ^^^^^^^^^^^^^^^^^^^^^^^^^^^^^^^^^
  File "E:\Xi\mls\.venv\Lib\site-packages\yaml\composer.py", line 133, in compose_mapping_node
    item_value = self.compose_node(node, item_key)
                 ^^^^^^^^^^^^^^^^^^^^^^^^^^^^^^^^^
  File "E:\Xi\mls\.venv\Lib\site-packages\yaml\composer.py", line 64, in compose_node
    if self.check_event(AliasEvent):
       ^^^^^^^^^^^^^^^^^^^^^^^^^^^^
  File "E:\Xi\mls\.venv\Lib\site-packages\yaml\parser.py", line 98, in check_event
    self.current_event = self.state()
                         ^^^^^^^^^^^^
  File "E:\Xi\mls\.venv\Lib\site-packages\yaml\parser.py", line 449, in parse_block_mapping_value
    if not self.check_token(KeyToken, ValueToken, BlockEndToken):
           ^^^^^^^^^^^^^^^^^^^^^^^^^^^^^^^^^^^^^^^^^^^^^^^^^^^^^
  File "E:\Xi\mls\.venv\Lib\site-packages\yaml\scanner.py", line 116, in check_token
    self.fetch_more_tokens()
  File "E:\Xi\mls\.venv\Lib\site-packages\yaml\scanner.py", line 251, in fetch_more_tokens
    return self.fetch_double()
           ^^^^^^^^^^^^^^^^^^^
  File "E:\Xi\mls\.venv\Lib\site-packages\yaml\scanner.py", line 655, in fetch_double
    self.fetch_flow_scalar(style='"')
  File "E:\Xi\mls\.venv\Lib\site-packages\yaml\scanner.py", line 666, in fetch_flow_scalar
    self.tokens.append(self.scan_flow_scalar(style))
                       ^^^^^^^^^^^^^^^^^^^^^^^^^^^^
  File "E:\Xi\mls\.venv\Lib\site-packages\yaml\scanner.py", line 1149, in scan_flow_scalar
    chunks.extend(self.scan_flow_scalar_non_spaces(double, start_mark))
                  ^^^^^^^^^^^^^^^^^^^^^^^^^^^^^^^^^^^^^^^^^^^^^^^^^^^^
  File "E:\Xi\mls\.venv\Lib\site-packages\yaml\scanner.py", line 1223, in scan_flow_scalar_non_spaces
    raise ScannerError("while scanning a double-quoted scalar", start_mark,
yaml.scanner.ScannerError: while scanning a double-quoted scalar
  in "e:\Xi\mls\config\settings.yaml", line 30, column 16
found unknown escape character 'X'
  in "e:\Xi\mls\config\settings.yaml", line 30, column 20
Traceback (most recent call last):
  File "e:\Xi\mls\server\cam\camera_server.py", line 34, in <module>
    config = get_config()
             ^^^^^^^^^^^^
  File "e:\Xi\mls\core\config.py", line 138, in get_config
    _config_instance = Config(config_path)
                       ^^^^^^^^^^^^^^^^^^^
  File "e:\Xi\mls\core\config.py", line 22, in __new__
    cls._instance._load_config(config_path)
  File "e:\Xi\mls\core\config.py", line 38, in _load_config
    self._config = yaml.safe_load(f)
                   ^^^^^^^^^^^^^^^^^
  File "E:\Xi\mls\.venv\Lib\site-packages\yaml\__init__.py", line 125, in safe_load
    return load(stream, SafeLoader)
           ^^^^^^^^^^^^^^^^^^^^^^^^
  File "E:\Xi\mls\.venv\Lib\site-packages\yaml\__init__.py", line 81, in load
    return loader.get_single_data()
           ^^^^^^^^^^^^^^^^^^^^^^^^
  File "E:\Xi\mls\.venv\Lib\site-packages\yaml\constructor.py", line 49, in get_single_data
    node = self.get_single_node()
           ^^^^^^^^^^^^^^^^^^^^^^
  File "E:\Xi\mls\.venv\Lib\site-packages\yaml\composer.py", line 36, in get_single_node
    document = self.compose_document()
               ^^^^^^^^^^^^^^^^^^^^^^^
  File "E:\Xi\mls\.venv\Lib\site-packages\yaml\composer.py", line 55, in compose_document
    node = self.compose_node(None, None)
           ^^^^^^^^^^^^^^^^^^^^^^^^^^^^^
  File "E:\Xi\mls\.venv\Lib\site-packages\yaml\composer.py", line 84, in compose_node
    node = self.compose_mapping_node(anchor)
           ^^^^^^^^^^^^^^^^^^^^^^^^^^^^^^^^^
  File "E:\Xi\mls\.venv\Lib\site-packages\yaml\composer.py", line 133, in compose_mapping_node
    item_value = self.compose_node(node, item_key)
                 ^^^^^^^^^^^^^^^^^^^^^^^^^^^^^^^^^
  File "E:\Xi\mls\.venv\Lib\site-packages\yaml\composer.py", line 84, in compose_node
    node = self.compose_mapping_node(anchor)
           ^^^^^^^^^^^^^^^^^^^^^^^^^^^^^^^^^
  File "E:\Xi\mls\.venv\Lib\site-packages\yaml\composer.py", line 133, in compose_mapping_node
    item_value = self.compose_node(node, item_key)
                 ^^^^^^^^^^^^^^^^^^^^^^^^^^^^^^^^^
  File "E:\Xi\mls\.venv\Lib\site-packages\yaml\composer.py", line 64, in compose_node
    if self.check_event(AliasEvent):
       ^^^^^^^^^^^^^^^^^^^^^^^^^^^^
  File "E:\Xi\mls\.venv\Lib\site-packages\yaml\parser.py", line 98, in check_event
    self.current_event = self.state()
                         ^^^^^^^^^^^^
  File "E:\Xi\mls\.venv\Lib\site-packages\yaml\parser.py", line 449, in parse_block_mapping_value
    if not self.check_token(KeyToken, ValueToken, BlockEndToken):
           ^^^^^^^^^^^^^^^^^^^^^^^^^^^^^^^^^^^^^^^^^^^^^^^^^^^^^
  File "E:\Xi\mls\.venv\Lib\site-packages\yaml\scanner.py", line 116, in check_token
    self.fetch_more_tokens()
  File "E:\Xi\mls\.venv\Lib\site-packages\yaml\scanner.py", line 251, in fetch_more_tokens
    return self.fetch_double()
           ^^^^^^^^^^^^^^^^^^^
  File "E:\Xi\mls\.venv\Lib\site-packages\yaml\scanner.py", line 655, in fetch_double
    self.fetch_flow_scalar(style='"')
  File "E:\Xi\mls\.venv\Lib\site-packages\yaml\scanner.py", line 666, in fetch_flow_scalar
    self.tokens.append(self.scan_flow_scalar(style))
                       ^^^^^^^^^^^^^^^^^^^^^^^^^^^^
  File "E:\Xi\mls\.venv\Lib\site-packages\yaml\scanner.py", line 1149, in scan_flow_scalar
    chunks.extend(self.scan_flow_scalar_non_spaces(double, start_mark))
                  ^^^^^^^^^^^^^^^^^^^^^^^^^^^^^^^^^^^^^^^^^^^^^^^^^^^^
  File "E:\Xi\mls\.venv\Lib\site-packages\yaml\scanner.py", line 1223, in scan_flow_scalar_non_spaces
    raise ScannerError("while scanning a double-quoted scalar", start_mark,
yaml.scanner.ScannerError: while scanning a double-quoted scalar
  in "e:\Xi\mls\config\settings.yaml", line 30, column 16
found unknown escape character 'X'
  in "e:\Xi\mls\config\settings.yaml", line 30, column 20
Traceback (most recent call last):
  File "e:\Xi\mls\server\cam\camera_server.py", line 34, in <module>
    config = get_config()
             ^^^^^^^^^^^^
  File "e:\Xi\mls\core\config.py", line 138, in get_config
    _config_instance = Config(config_path)
                       ^^^^^^^^^^^^^^^^^^^
  File "e:\Xi\mls\core\config.py", line 22, in __new__
    cls._instance._load_config(config_path)
  File "e:\Xi\mls\core\config.py", line 38, in _load_config
    self._config = yaml.safe_load(f)
                   ^^^^^^^^^^^^^^^^^
  File "E:\Xi\mls\.venv\Lib\site-packages\yaml\__init__.py", line 125, in safe_load
    return load(stream, SafeLoader)
           ^^^^^^^^^^^^^^^^^^^^^^^^
  File "E:\Xi\mls\.venv\Lib\site-packages\yaml\__init__.py", line 81, in load
    return loader.get_single_data()
           ^^^^^^^^^^^^^^^^^^^^^^^^
  File "E:\Xi\mls\.venv\Lib\site-packages\yaml\constructor.py", line 49, in get_single_data
    node = self.get_single_node()
           ^^^^^^^^^^^^^^^^^^^^^^
  File "E:\Xi\mls\.venv\Lib\site-packages\yaml\composer.py", line 36, in get_single_node
    document = self.compose_document()
               ^^^^^^^^^^^^^^^^^^^^^^^
  File "E:\Xi\mls\.venv\Lib\site-packages\yaml\composer.py", line 55, in compose_document
    node = self.compose_node(None, None)
           ^^^^^^^^^^^^^^^^^^^^^^^^^^^^^
  File "E:\Xi\mls\.venv\Lib\site-packages\yaml\composer.py", line 84, in compose_node
    node = self.compose_mapping_node(anchor)
           ^^^^^^^^^^^^^^^^^^^^^^^^^^^^^^^^^
  File "E:\Xi\mls\.venv\Lib\site-packages\yaml\composer.py", line 133, in compose_mapping_node
    item_value = self.compose_node(node, item_key)
                 ^^^^^^^^^^^^^^^^^^^^^^^^^^^^^^^^^
  File "E:\Xi\mls\.venv\Lib\site-packages\yaml\composer.py", line 84, in compose_node
    node = self.compose_mapping_node(anchor)
           ^^^^^^^^^^^^^^^^^^^^^^^^^^^^^^^^^
  File "E:\Xi\mls\.venv\Lib\site-packages\yaml\composer.py", line 133, in compose_mapping_node
    item_value = self.compose_node(node, item_key)
                 ^^^^^^^^^^^^^^^^^^^^^^^^^^^^^^^^^
  File "E:\Xi\mls\.venv\Lib\site-packages\yaml\composer.py", line 64, in compose_node
    if self.check_event(AliasEvent):
       ^^^^^^^^^^^^^^^^^^^^^^^^^^^^
  File "E:\Xi\mls\.venv\Lib\site-packages\yaml\parser.py", line 98, in check_event
    self.current_event = self.state()
                         ^^^^^^^^^^^^
  File "E:\Xi\mls\.venv\Lib\site-packages\yaml\parser.py", line 449, in parse_block_mapping_value
    if not self.check_token(KeyToken, ValueToken, BlockEndToken):
           ^^^^^^^^^^^^^^^^^^^^^^^^^^^^^^^^^^^^^^^^^^^^^^^^^^^^^
  File "E:\Xi\mls\.venv\Lib\site-packages\yaml\scanner.py", line 116, in check_token
    self.fetch_more_tokens()
  File "E:\Xi\mls\.venv\Lib\site-packages\yaml\scanner.py", line 251, in fetch_more_tokens
    return self.fetch_double()
           ^^^^^^^^^^^^^^^^^^^
  File "E:\Xi\mls\.venv\Lib\site-packages\yaml\scanner.py", line 655, in fetch_double
    self.fetch_flow_scalar(style='"')
  File "E:\Xi\mls\.venv\Lib\site-packages\yaml\scanner.py", line 666, in fetch_flow_scalar
    self.tokens.append(self.scan_flow_scalar(style))
                       ^^^^^^^^^^^^^^^^^^^^^^^^^^^^
  File "E:\Xi\mls\.venv\Lib\site-packages\yaml\scanner.py", line 1149, in scan_flow_scalar
    chunks.extend(self.scan_flow_scalar_non_spaces(double, start_mark))
                  ^^^^^^^^^^^^^^^^^^^^^^^^^^^^^^^^^^^^^^^^^^^^^^^^^^^^
  File "E:\Xi\mls\.venv\Lib\site-packages\yaml\scanner.py", line 1223, in scan_flow_scalar_non_spaces
    raise ScannerError("while scanning a double-quoted scalar", start_mark,
yaml.scanner.ScannerError: while scanning a double-quoted scalar
  in "e:\Xi\mls\config\settings.yaml", line 30, column 16
found unknown escape character 'X'
  in "e:\Xi\mls\config\settings.yaml", line 30, column 20
